1) 02.06.17|16:13:13 | http://php-lvl2.local/PHP_lvl2_Secialist_mywork/5_site/open.edu/index.php?id=contacts | /PHP_lvl2_Secialist_mywork/5_site/open.edu/index.php?id=log 
2) 02.06.17|16:13:42 | http://php-lvl2.local/PHP_lvl2_Secialist_mywork/5_site/open.edu/index.php?id=contacts | /PHP_lvl2_Secialist_mywork/5_site/open.edu/index.php?id=log 
3) 02.06.17|16:14:21 | http://php-lvl2.local/PHP_lvl2_Secialist_mywork/5_site/open.edu/index.php?id=contacts | /PHP_lvl2_Secialist_mywork/5_site/open.edu/index.php?id=log 
4) 05.06.17|11:26:18 |  | /PHP_lvl2_Secialist_mywork/5_site/open.edu/index.php?id=log 
5) 09.06.17|15:08:57 | http://php-lvl2.local/PHP_lvl2_Secialist_mywork/9_php_and_mysql/lab_8_guest_book/ | /PHP_lvl2_Secialist_mywork/9_php_and_mysql/lab_8_guest_book/open.edu/ 
6) 09.06.17|15:11:47 | http://php-lvl2.local/PHP_lvl2_Secialist_mywork/9_php_and_mysql/lab_8_guest_book/ | /PHP_lvl2_Secialist_mywork/9_php_and_mysql/lab_8_guest_book/open.edu/ 
7) 09.06.17|15:13:01 | http://php-lvl2.local/PHP_lvl2_Secialist_mywork/9_php_and_mysql/lab_8_guest_book/ | /PHP_lvl2_Secialist_mywork/9_php_and_mysql/lab_8_guest_book/open.edu/ 
8) 09.06.17|15:28:41 | http://php-lvl2.local/PHP_lvl2_Secialist_mywork/9_php_and_mysql/lab_8_guest_book/ | /PHP_lvl2_Secialist_mywork/9_php_and_mysql/lab_8_guest_book/open.edu/ 
9) 09.06.17|15:28:49 | http://php-lvl2.local/PHP_lvl2_Secialist_mywork/9_php_and_mysql/lab_8_guest_book/open.edu/ | /PHP_lvl2_Secialist_mywork/9_php_and_mysql/lab_8_guest_book/open.edu/ 
10) 09.06.17|15:29:16 | http://php-lvl2.local/PHP_lvl2_Secialist_mywork/9_php_and_mysql/lab_8_guest_book/open.edu/ | /PHP_lvl2_Secialist_mywork/9_php_and_mysql/lab_8_guest_book/open.edu/ 
11) 09.06.17|15:30:55 | http://php-lvl2.local/PHP_lvl2_Secialist_mywork/9_php_and_mysql/lab_8_guest_book/open.edu/ | /PHP_lvl2_Secialist_mywork/9_php_and_mysql/lab_8_guest_book/open.edu/ 
12) 09.06.17|15:31:01 | http://php-lvl2.local/PHP_lvl2_Secialist_mywork/9_php_and_mysql/lab_8_guest_book/open.edu/ | /PHP_lvl2_Secialist_mywork/9_php_and_mysql/lab_8_guest_book/open.edu/ 
13) 09.06.17|15:31:25 | http://php-lvl2.local/PHP_lvl2_Secialist_mywork/9_php_and_mysql/lab_8_guest_book/open.edu/ | /PHP_lvl2_Secialist_mywork/9_php_and_mysql/lab_8_guest_book/open.edu/ 
14) 09.06.17|15:31:47 | http://php-lvl2.local/PHP_lvl2_Secialist_mywork/9_php_and_mysql/lab_8_guest_book/open.edu/ | /PHP_lvl2_Secialist_mywork/9_php_and_mysql/lab_8_guest_book/open.edu/ 
15) 09.06.17|15:33:15 | http://php-lvl2.local/PHP_lvl2_Secialist_mywork/9_php_and_mysql/lab_8_guest_book/open.edu/ | /PHP_lvl2_Secialist_mywork/9_php_and_mysql/lab_8_guest_book/open.edu/ 
16) 09.06.17|15:33:21 | http://php-lvl2.local/PHP_lvl2_Secialist_mywork/9_php_and_mysql/lab_8_guest_book/open.edu/ | /PHP_lvl2_Secialist_mywork/9_php_and_mysql/lab_8_guest_book/open.edu/ 
17) 09.06.17|15:36:01 | http://php-lvl2.local/PHP_lvl2_Secialist_mywork/9_php_and_mysql/lab_8_guest_book/open.edu/ | /PHP_lvl2_Secialist_mywork/9_php_and_mysql/lab_8_guest_book/open.edu/ 
18) 09.06.17|15:36:05 | http://php-lvl2.local/PHP_lvl2_Secialist_mywork/9_php_and_mysql/lab_8_guest_book/open.edu/ | /PHP_lvl2_Secialist_mywork/9_php_and_mysql/lab_8_guest_book/open.edu/ 
19) 09.06.17|15:38:40 | http://php-lvl2.local/PHP_lvl2_Secialist_mywork/9_php_and_mysql/lab_8_guest_book/open.edu/ | /PHP_lvl2_Secialist_mywork/9_php_and_mysql/lab_8_guest_book/open.edu/ 
20) 09.06.17|15:38:44 | http://php-lvl2.local/PHP_lvl2_Secialist_mywork/9_php_and_mysql/lab_8_guest_book/open.edu/ | /PHP_lvl2_Secialist_mywork/9_php_and_mysql/lab_8_guest_book/open.edu/ 
21) 09.06.17|15:38:49 | http://php-lvl2.local/PHP_lvl2_Secialist_mywork/9_php_and_mysql/lab_8_guest_book/open.edu/ | /PHP_lvl2_Secialist_mywork/9_php_and_mysql/lab_8_guest_book/open.edu/ 
22) 09.06.17|15:41:07 | http://php-lvl2.local/PHP_lvl2_Secialist_mywork/9_php_and_mysql/lab_8_guest_book/open.edu/ | /PHP_lvl2_Secialist_mywork/9_php_and_mysql/lab_8_guest_book/open.edu/ 
23) 09.06.17|15:41:12 | http://php-lvl2.local/PHP_lvl2_Secialist_mywork/9_php_and_mysql/lab_8_guest_book/open.edu/ | /PHP_lvl2_Secialist_mywork/9_php_and_mysql/lab_8_guest_book/open.edu/ 
24) 09.06.17|15:42:41 | http://php-lvl2.local/PHP_lvl2_Secialist_mywork/9_php_and_mysql/lab_8_guest_book/open.edu/ | /PHP_lvl2_Secialist_mywork/9_php_and_mysql/lab_8_guest_book/open.edu/ 
25) 09.06.17|15:43:58 | http://php-lvl2.local/PHP_lvl2_Secialist_mywork/9_php_and_mysql/lab_8_guest_book/open.edu/ | /PHP_lvl2_Secialist_mywork/9_php_and_mysql/lab_8_guest_book/open.edu/ 
26) 09.06.17|15:44:04 | http://php-lvl2.local/PHP_lvl2_Secialist_mywork/9_php_and_mysql/lab_8_guest_book/open.edu/ | /PHP_lvl2_Secialist_mywork/9_php_and_mysql/lab_8_guest_book/open.edu/ 
27) 09.06.17|15:45:49 | http://php-lvl2.local/PHP_lvl2_Secialist_mywork/9_php_and_mysql/lab_8_guest_book/open.edu/ | /PHP_lvl2_Secialist_mywork/9_php_and_mysql/lab_8_guest_book/open.edu/ 
28) 09.06.17|15:45:57 | http://php-lvl2.local/PHP_lvl2_Secialist_mywork/9_php_and_mysql/lab_8_guest_book/open.edu/ | /PHP_lvl2_Secialist_mywork/9_php_and_mysql/lab_8_guest_book/open.edu/index.php 
29) 09.06.17|15:47:09 | http://php-lvl2.local/PHP_lvl2_Secialist_mywork/9_php_and_mysql/lab_8_guest_book/open.edu/ | /PHP_lvl2_Secialist_mywork/9_php_and_mysql/lab_8_guest_book/open.edu/index.php 
30) 09.06.17|15:47:17 | http://php-lvl2.local/PHP_lvl2_Secialist_mywork/9_php_and_mysql/lab_8_guest_book/open.edu/index.php | /PHP_lvl2_Secialist_mywork/9_php_and_mysql/lab_8_guest_book/open.edu/index.php 
31) 09.06.17|16:08:03 | http://php-lvl2.local/PHP_lvl2_Secialist_mywork/9_php_and_mysql/lab_8_guest_book/open.edu/index.php | /PHP_lvl2_Secialist_mywork/9_php_and_mysql/lab_8_guest_book/open.edu/index.php 
32) 09.06.17|16:08:12 | http://php-lvl2.local/PHP_lvl2_Secialist_mywork/9_php_and_mysql/lab_8_guest_book/open.edu/index.php | /PHP_lvl2_Secialist_mywork/9_php_and_mysql/lab_8_guest_book/open.edu/index.php 
33) 09.06.17|16:10:05 | http://php-lvl2.local/PHP_lvl2_Secialist_mywork/9_php_and_mysql/lab_8_guest_book/open.edu/index.php | /PHP_lvl2_Secialist_mywork/9_php_and_mysql/lab_8_guest_book/open.edu/index.php 
34) 09.06.17|16:10:25 | http://php-lvl2.local/PHP_lvl2_Secialist_mywork/9_php_and_mysql/lab_8_guest_book/open.edu/index.php | /PHP_lvl2_Secialist_mywork/9_php_and_mysql/lab_8_guest_book/open.edu/index.php 
35) 09.06.17|16:11:55 | http://php-lvl2.local/PHP_lvl2_Secialist_mywork/9_php_and_mysql/lab_8_guest_book/open.edu/index.php | /PHP_lvl2_Secialist_mywork/9_php_and_mysql/lab_8_guest_book/open.edu/index.php 
36) 09.06.17|16:12:01 | http://php-lvl2.local/PHP_lvl2_Secialist_mywork/9_php_and_mysql/lab_8_guest_book/open.edu/index.php | /PHP_lvl2_Secialist_mywork/9_php_and_mysql/lab_8_guest_book/open.edu/index.php 
37) 09.06.17|16:12:57 | http://php-lvl2.local/PHP_lvl2_Secialist_mywork/9_php_and_mysql/lab_8_guest_book/open.edu/index.php | /PHP_lvl2_Secialist_mywork/9_php_and_mysql/lab_8_guest_book/open.edu/index.php 
38) 09.06.17|16:13:03 | http://php-lvl2.local/PHP_lvl2_Secialist_mywork/9_php_and_mysql/lab_8_guest_book/open.edu/index.php | /PHP_lvl2_Secialist_mywork/9_php_and_mysql/lab_8_guest_book/open.edu/index.php 
39) 09.06.17|16:13:57 | http://php-lvl2.local/PHP_lvl2_Secialist_mywork/9_php_and_mysql/lab_8_guest_book/open.edu/index.php | /PHP_lvl2_Secialist_mywork/9_php_and_mysql/lab_8_guest_book/open.edu/index.php 
40) 09.06.17|16:14:01 | http://php-lvl2.local/PHP_lvl2_Secialist_mywork/9_php_and_mysql/lab_8_guest_book/open.edu/index.php | /PHP_lvl2_Secialist_mywork/9_php_and_mysql/lab_8_guest_book/open.edu/index.php 
41) 09.06.17|16:14:01 | http://php-lvl2.local/PHP_lvl2_Secialist_mywork/9_php_and_mysql/lab_8_guest_book/open.edu/index.php | /PHP_lvl2_Secialist_mywork/9_php_and_mysql/lab_8_guest_book/open.edu/index.php 
42) 09.06.17|16:14:19 | http://php-lvl2.local/PHP_lvl2_Secialist_mywork/9_php_and_mysql/lab_8_guest_book/open.edu/index.php | /PHP_lvl2_Secialist_mywork/9_php_and_mysql/lab_8_guest_book/open.edu/index.php 
43) 09.06.17|16:14:25 | http://php-lvl2.local/PHP_lvl2_Secialist_mywork/9_php_and_mysql/lab_8_guest_book/open.edu/index.php | /PHP_lvl2_Secialist_mywork/9_php_and_mysql/lab_8_guest_book/open.edu/index.php 
44) 09.06.17|16:24:32 | http://php-lvl2.local/PHP_lvl2_Secialist_mywork/9_php_and_mysql/lab_8_guest_book/open.edu/index.php | /PHP_lvl2_Secialist_mywork/9_php_and_mysql/lab_8_guest_book/open.edu/index.php 
45) 09.06.17|16:24:32 | http://php-lvl2.local/PHP_lvl2_Secialist_mywork/9_php_and_mysql/lab_8_guest_book/open.edu/index.php | /PHP_lvl2_Secialist_mywork/9_php_and_mysql/lab_8_guest_book/open.edu/index.php 
46) 09.06.17|16:24:39 | http://php-lvl2.local/PHP_lvl2_Secialist_mywork/9_php_and_mysql/lab_8_guest_book/open.edu/index.php | /PHP_lvl2_Secialist_mywork/9_php_and_mysql/lab_8_guest_book/open.edu/index.php 
47) 09.06.17|16:24:39 | http://php-lvl2.local/PHP_lvl2_Secialist_mywork/9_php_and_mysql/lab_8_guest_book/open.edu/index.php | /PHP_lvl2_Secialist_mywork/9_php_and_mysql/lab_8_guest_book/open.edu/index.php 
48) 09.06.17|16:25:26 | http://php-lvl2.local/PHP_lvl2_Secialist_mywork/9_php_and_mysql/lab_8_guest_book/open.edu/index.php | /PHP_lvl2_Secialist_mywork/9_php_and_mysql/lab_8_guest_book/open.edu/index.php 
49) 09.06.17|16:25:35 | http://php-lvl2.local/PHP_lvl2_Secialist_mywork/9_php_and_mysql/lab_8_guest_book/open.edu/index.php | /PHP_lvl2_Secialist_mywork/9_php_and_mysql/lab_8_guest_book/open.edu/index.php 
50) 09.06.17|16:25:35 | http://php-lvl2.local/PHP_lvl2_Secialist_mywork/9_php_and_mysql/lab_8_guest_book/open.edu/index.php | /PHP_lvl2_Secialist_mywork/9_php_and_mysql/lab_8_guest_book/open.edu/index.php 
51) 09.06.17|16:26:12 | http://php-lvl2.local/PHP_lvl2_Secialist_mywork/9_php_and_mysql/lab_8_guest_book/open.edu/index.php | /PHP_lvl2_Secialist_mywork/9_php_and_mysql/lab_8_guest_book/open.edu/index.php 
52) 09.06.17|16:26:21 | http://php-lvl2.local/PHP_lvl2_Secialist_mywork/9_php_and_mysql/lab_8_guest_book/open.edu/index.php | /PHP_lvl2_Secialist_mywork/9_php_and_mysql/lab_8_guest_book/open.edu/index.php 
53) 09.06.17|16:27:46 | http://php-lvl2.local/PHP_lvl2_Secialist_mywork/9_php_and_mysql/lab_8_guest_book/open.edu/index.php | /PHP_lvl2_Secialist_mywork/9_php_and_mysql/lab_8_guest_book/open.edu/index.php 
54) 09.06.17|16:28:03 | http://php-lvl2.local/PHP_lvl2_Secialist_mywork/9_php_and_mysql/lab_8_guest_book/open.edu/index.php | /PHP_lvl2_Secialist_mywork/9_php_and_mysql/lab_8_guest_book/open.edu/index.php 
55) 09.06.17|16:28:03 | http://php-lvl2.local/PHP_lvl2_Secialist_mywork/9_php_and_mysql/lab_8_guest_book/open.edu/index.php | /PHP_lvl2_Secialist_mywork/9_php_and_mysql/lab_8_guest_book/open.edu/index.php 
56) 09.06.17|16:32:09 | http://php-lvl2.local/PHP_lvl2_Secialist_mywork/9_php_and_mysql/lab_8_guest_book/open.edu/index.php | /PHP_lvl2_Secialist_mywork/9_php_and_mysql/lab_8_guest_book/open.edu/index.php 
57) 09.06.17|16:32:09 | http://php-lvl2.local/PHP_lvl2_Secialist_mywork/9_php_and_mysql/lab_8_guest_book/open.edu/index.php | /PHP_lvl2_Secialist_mywork/9_php_and_mysql/lab_8_guest_book/open.edu/index.php 
58) 09.06.17|16:32:49 | http://php-lvl2.local/PHP_lvl2_Secialist_mywork/9_php_and_mysql/lab_8_guest_book/open.edu/index.php | /PHP_lvl2_Secialist_mywork/9_php_and_mysql/lab_8_guest_book/open.edu/index.php 
59) 09.06.17|16:33:09 | http://php-lvl2.local/PHP_lvl2_Secialist_mywork/9_php_and_mysql/lab_8_guest_book/open.edu/index.php | /PHP_lvl2_Secialist_mywork/9_php_and_mysql/lab_8_guest_book/open.edu/index.php 
60) 09.06.17|16:33:09 | http://php-lvl2.local/PHP_lvl2_Secialist_mywork/9_php_and_mysql/lab_8_guest_book/open.edu/index.php | /PHP_lvl2_Secialist_mywork/9_php_and_mysql/lab_8_guest_book/open.edu/index.php 
61) 09.06.17|16:33:26 | http://php-lvl2.local/PHP_lvl2_Secialist_mywork/9_php_and_mysql/lab_8_guest_book/open.edu/index.php | /PHP_lvl2_Secialist_mywork/9_php_and_mysql/lab_8_guest_book/open.edu/index.php 
62) 09.06.17|16:37:38 | http://php-lvl2.local/PHP_lvl2_Secialist_mywork/9_php_and_mysql/lab_8_guest_book/open.edu/index.php | /PHP_lvl2_Secialist_mywork/9_php_and_mysql/lab_8_guest_book/open.edu/index.php 
63) 09.06.17|16:38:05 | http://php-lvl2.local/PHP_lvl2_Secialist_mywork/9_php_and_mysql/lab_8_guest_book/open.edu/index.php | /PHP_lvl2_Secialist_mywork/9_php_and_mysql/lab_8_guest_book/open.edu/index.php 
64) 09.06.17|16:38:05 | http://php-lvl2.local/PHP_lvl2_Secialist_mywork/9_php_and_mysql/lab_8_guest_book/open.edu/index.php | /PHP_lvl2_Secialist_mywork/9_php_and_mysql/lab_8_guest_book/open.edu/index.php 
65) 09.06.17|16:38:13 | http://php-lvl2.local/PHP_lvl2_Secialist_mywork/9_php_and_mysql/lab_8_guest_book/open.edu/index.php | /PHP_lvl2_Secialist_mywork/9_php_and_mysql/lab_8_guest_book/open.edu/index.php 
66) 09.06.17|16:40:56 | http://php-lvl2.local/PHP_lvl2_Secialist_mywork/9_php_and_mysql/lab_8_guest_book/open.edu/index.php | /PHP_lvl2_Secialist_mywork/9_php_and_mysql/lab_8_guest_book/open.edu/index.php 
67) 09.06.17|16:45:19 | http://php-lvl2.local/PHP_lvl2_Secialist_mywork/9_php_and_mysql/lab_8_guest_book/open.edu/index.php | /PHP_lvl2_Secialist_mywork/9_php_and_mysql/lab_8_guest_book/open.edu/index.php 
68) 09.06.17|16:45:28 | http://php-lvl2.local/PHP_lvl2_Secialist_mywork/9_php_and_mysql/lab_8_guest_book/open.edu/index.php | /PHP_lvl2_Secialist_mywork/9_php_and_mysql/lab_8_guest_book/open.edu/index.php 
69) 09.06.17|16:48:13 | http://php-lvl2.local/PHP_lvl2_Secialist_mywork/9_php_and_mysql/lab_8_guest_book/open.edu/index.php | /PHP_lvl2_Secialist_mywork/9_php_and_mysql/lab_8_guest_book/open.edu/index.php 
70) 09.06.17|16:48:24 | http://php-lvl2.local/PHP_lvl2_Secialist_mywork/9_php_and_mysql/lab_8_guest_book/open.edu/index.php | /PHP_lvl2_Secialist_mywork/9_php_and_mysql/lab_8_guest_book/open.edu/index.php 
71) 09.06.17|16:48:36 | http://php-lvl2.local/PHP_lvl2_Secialist_mywork/9_php_and_mysql/lab_8_guest_book/open.edu/index.php | /PHP_lvl2_Secialist_mywork/9_php_and_mysql/lab_8_guest_book/open.edu/index.php 
72) 09.06.17|16:48:46 | http://php-lvl2.local/PHP_lvl2_Secialist_mywork/9_php_and_mysql/lab_8_guest_book/open.edu/index.php | /PHP_lvl2_Secialist_mywork/9_php_and_mysql/lab_8_guest_book/open.edu/index.php 
73) 09.06.17|16:48:46 | http://php-lvl2.local/PHP_lvl2_Secialist_mywork/9_php_and_mysql/lab_8_guest_book/open.edu/index.php | /PHP_lvl2_Secialist_mywork/9_php_and_mysql/lab_8_guest_book/open.edu/index.php 
74) 09.06.17|16:48:54 | http://php-lvl2.local/PHP_lvl2_Secialist_mywork/9_php_and_mysql/lab_8_guest_book/open.edu/index.php | /PHP_lvl2_Secialist_mywork/9_php_and_mysql/lab_8_guest_book/open.edu/index.php 
75) 09.06.17|16:49:01 | http://php-lvl2.local/PHP_lvl2_Secialist_mywork/9_php_and_mysql/lab_8_guest_book/open.edu/index.php | /PHP_lvl2_Secialist_mywork/9_php_and_mysql/lab_8_guest_book/open.edu/index.php 
76) 09.06.17|16:49:08 | http://php-lvl2.local/PHP_lvl2_Secialist_mywork/9_php_and_mysql/lab_8_guest_book/open.edu/index.php | /PHP_lvl2_Secialist_mywork/9_php_and_mysql/lab_8_guest_book/open.edu/index.php 
77) 09.06.17|16:49:18 | http://php-lvl2.local/PHP_lvl2_Secialist_mywork/9_php_and_mysql/lab_8_guest_book/open.edu/index.php | /PHP_lvl2_Secialist_mywork/9_php_and_mysql/lab_8_guest_book/open.edu/index.php 
78) 09.06.17|16:49:27 | http://php-lvl2.local/PHP_lvl2_Secialist_mywork/9_php_and_mysql/lab_8_guest_book/open.edu/index.php | /PHP_lvl2_Secialist_mywork/9_php_and_mysql/lab_8_guest_book/open.edu/index.php 
79) 09.06.17|16:49:27 | http://php-lvl2.local/PHP_lvl2_Secialist_mywork/9_php_and_mysql/lab_8_guest_book/open.edu/index.php | /PHP_lvl2_Secialist_mywork/9_php_and_mysql/lab_8_guest_book/open.edu/index.php 
80) 09.06.17|16:49:29 | http://php-lvl2.local/PHP_lvl2_Secialist_mywork/9_php_and_mysql/lab_8_guest_book/open.edu/index.php | /PHP_lvl2_Secialist_mywork/9_php_and_mysql/lab_8_guest_book/open.edu/index.php 
81) 09.06.17|16:49:30 | http://php-lvl2.local/PHP_lvl2_Secialist_mywork/9_php_and_mysql/lab_8_guest_book/open.edu/index.php | /PHP_lvl2_Secialist_mywork/9_php_and_mysql/lab_8_guest_book/open.edu/index.php 
82) 09.06.17|16:49:32 | http://php-lvl2.local/PHP_lvl2_Secialist_mywork/9_php_and_mysql/lab_8_guest_book/open.edu/index.php | /PHP_lvl2_Secialist_mywork/9_php_and_mysql/lab_8_guest_book/open.edu/index.php 
83) 09.06.17|16:54:51 | http://php-lvl2.local/PHP_lvl2_Secialist_mywork/9_php_and_mysql/lab_8_guest_book/open.edu/index.php | /PHP_lvl2_Secialist_mywork/9_php_and_mysql/lab_8_guest_book/open.edu/index.php 
84) 09.06.17|16:54:57 | http://php-lvl2.local/PHP_lvl2_Secialist_mywork/9_php_and_mysql/lab_8_guest_book/open.edu/index.php | /PHP_lvl2_Secialist_mywork/9_php_and_mysql/lab_8_guest_book/open.edu/index.php?id=guestbook 
85) 09.06.17|17:11:49 | http://php-lvl2.local/PHP_lvl2_Secialist_mywork/9_php_and_mysql/lab_8_guest_book/open.edu/index.php | /PHP_lvl2_Secialist_mywork/9_php_and_mysql/lab_8_guest_book/open.edu/index.php?id=guestbook 
86) 09.06.17|17:14:28 | http://php-lvl2.local/PHP_lvl2_Secialist_mywork/9_php_and_mysql/lab_8_guest_book/open.edu/index.php | /PHP_lvl2_Secialist_mywork/9_php_and_mysql/lab_8_guest_book/open.edu/index.php?id=guestbook 
87) 09.06.17|17:15:46 | http://php-lvl2.local/PHP_lvl2_Secialist_mywork/9_php_and_mysql/lab_8_guest_book/open.edu/index.php | /PHP_lvl2_Secialist_mywork/9_php_and_mysql/lab_8_guest_book/open.edu/index.php?id=guestbook 
88) 09.06.17|17:17:42 | http://php-lvl2.local/PHP_lvl2_Secialist_mywork/9_php_and_mysql/lab_8_guest_book/open.edu/index.php | /PHP_lvl2_Secialist_mywork/9_php_and_mysql/lab_8_guest_book/open.edu/index.php?id=guestbook 
89) 09.06.17|17:18:20 | http://php-lvl2.local/PHP_lvl2_Secialist_mywork/9_php_and_mysql/lab_8_guest_book/open.edu/index.php | /PHP_lvl2_Secialist_mywork/9_php_and_mysql/lab_8_guest_book/open.edu/index.php?id=guestbook 
90) 09.06.17|17:19:28 | http://php-lvl2.local/PHP_lvl2_Secialist_mywork/9_php_and_mysql/lab_8_guest_book/open.edu/index.php | /PHP_lvl2_Secialist_mywork/9_php_and_mysql/lab_8_guest_book/open.edu/index.php?id=guestbook 
91) 09.06.17|17:20:41 | http://php-lvl2.local/PHP_lvl2_Secialist_mywork/9_php_and_mysql/lab_8_guest_book/open.edu/index.php | /PHP_lvl2_Secialist_mywork/9_php_and_mysql/lab_8_guest_book/open.edu/index.php?id=guestbook 
92) 09.06.17|17:21:21 | http://php-lvl2.local/PHP_lvl2_Secialist_mywork/9_php_and_mysql/lab_8_guest_book/open.edu/index.php | /PHP_lvl2_Secialist_mywork/9_php_and_mysql/lab_8_guest_book/open.edu/index.php?id=guestbook 
93) 09.06.17|17:21:43 | http://php-lvl2.local/PHP_lvl2_Secialist_mywork/9_php_and_mysql/lab_8_guest_book/open.edu/index.php | /PHP_lvl2_Secialist_mywork/9_php_and_mysql/lab_8_guest_book/open.edu/index.php?id=guestbook 
94) 09.06.17|17:23:17 | http://php-lvl2.local/PHP_lvl2_Secialist_mywork/9_php_and_mysql/lab_8_guest_book/open.edu/index.php | /PHP_lvl2_Secialist_mywork/9_php_and_mysql/lab_8_guest_book/open.edu/index.php?id=guestbook 
95) 09.06.17|17:24:42 | http://php-lvl2.local/PHP_lvl2_Secialist_mywork/9_php_and_mysql/lab_8_guest_book/open.edu/index.php | /PHP_lvl2_Secialist_mywork/9_php_and_mysql/lab_8_guest_book/open.edu/index.php?id=guestbook 
96) 09.06.17|17:25:43 | http://php-lvl2.local/PHP_lvl2_Secialist_mywork/9_php_and_mysql/lab_8_guest_book/open.edu/index.php | /PHP_lvl2_Secialist_mywork/9_php_and_mysql/lab_8_guest_book/open.edu/index.php?id=guestbook 
97) 09.06.17|17:26:13 | http://php-lvl2.local/PHP_lvl2_Secialist_mywork/9_php_and_mysql/lab_8_guest_book/open.edu/index.php | /PHP_lvl2_Secialist_mywork/9_php_and_mysql/lab_8_guest_book/open.edu/index.php?id=guestbook 
98) 09.06.17|17:26:34 | http://php-lvl2.local/PHP_lvl2_Secialist_mywork/9_php_and_mysql/lab_8_guest_book/open.edu/index.php | /PHP_lvl2_Secialist_mywork/9_php_and_mysql/lab_8_guest_book/open.edu/index.php?id=guestbook 
99) 09.06.17|17:27:46 | http://php-lvl2.local/PHP_lvl2_Secialist_mywork/9_php_and_mysql/lab_8_guest_book/open.edu/index.php | /PHP_lvl2_Secialist_mywork/9_php_and_mysql/lab_8_guest_book/open.edu/index.php?id=guestbook 
100) 09.06.17|17:31:21 | http://php-lvl2.local/PHP_lvl2_Secialist_mywork/9_php_and_mysql/lab_8_guest_book/open.edu/index.php | /PHP_lvl2_Secialist_mywork/9_php_and_mysql/lab_8_guest_book/open.edu/index.php?id=guestbook 
101) 09.06.17|17:33:32 | http://php-lvl2.local/PHP_lvl2_Secialist_mywork/9_php_and_mysql/lab_8_guest_book/open.edu/index.php | /PHP_lvl2_Secialist_mywork/9_php_and_mysql/lab_8_guest_book/open.edu/index.php?id=guestbook 
102) 09.06.17|17:33:36 | http://php-lvl2.local/PHP_lvl2_Secialist_mywork/9_php_and_mysql/lab_8_guest_book/open.edu/index.php?id=guestbook | /PHP_lvl2_Secialist_mywork/9_php_and_mysql/lab_8_guest_book/open.edu/index.php?del=1 
103) 09.06.17|17:35:09 | http://php-lvl2.local/PHP_lvl2_Secialist_mywork/9_php_and_mysql/lab_8_guest_book/open.edu/index.php?id=guestbook | /PHP_lvl2_Secialist_mywork/9_php_and_mysql/lab_8_guest_book/open.edu/index.php?del=1 
104) 09.06.17|17:35:11 | http://php-lvl2.local/PHP_lvl2_Secialist_mywork/9_php_and_mysql/lab_8_guest_book/open.edu/index.php?del=1 | /PHP_lvl2_Secialist_mywork/9_php_and_mysql/lab_8_guest_book/open.edu/index.php?id=guestbook 
105) 09.06.17|17:36:31 | http://php-lvl2.local/PHP_lvl2_Secialist_mywork/9_php_and_mysql/lab_8_guest_book/open.edu/index.php?del=1 | /PHP_lvl2_Secialist_mywork/9_php_and_mysql/lab_8_guest_book/open.edu/index.php?id=guestbook 
106) 09.06.17|17:36:54 | http://php-lvl2.local/PHP_lvl2_Secialist_mywork/9_php_and_mysql/lab_8_guest_book/open.edu/index.php?del=1 | /PHP_lvl2_Secialist_mywork/9_php_and_mysql/lab_8_guest_book/open.edu/index.php?id=guestbook 
107) 09.06.17|17:37:01 | http://php-lvl2.local/PHP_lvl2_Secialist_mywork/9_php_and_mysql/lab_8_guest_book/open.edu/index.php?id=guestbook | /PHP_lvl2_Secialist_mywork/9_php_and_mysql/lab_8_guest_book/open.edu/index.php?id=guestbook&bd=gbook&del=1 
108) 09.06.17|17:45:44 | http://php-lvl2.local/PHP_lvl2_Secialist_mywork/9_php_and_mysql/lab_8_guest_book/open.edu/index.php?id=guestbook | /PHP_lvl2_Secialist_mywork/9_php_and_mysql/lab_8_guest_book/open.edu/index.php?id=guestbook&bd=gbook&del=1 
109) 09.06.17|17:45:48 | http://php-lvl2.local/PHP_lvl2_Secialist_mywork/9_php_and_mysql/lab_8_guest_book/open.edu/index.php?id=guestbook&bd=gbook&del=1 | /PHP_lvl2_Secialist_mywork/9_php_and_mysql/lab_8_guest_book/open.edu/index.php?id=guestbook&bd=gbook&del= 
110) 09.06.17|17:45:50 | http://php-lvl2.local/PHP_lvl2_Secialist_mywork/9_php_and_mysql/lab_8_guest_book/open.edu/index.php?id=guestbook&bd=gbook&del= | /PHP_lvl2_Secialist_mywork/9_php_and_mysql/lab_8_guest_book/open.edu/index.php?id=guestbook&bd=gbook&del= 
111) 09.06.17|17:45:53 | http://php-lvl2.local/PHP_lvl2_Secialist_mywork/9_php_and_mysql/lab_8_guest_book/open.edu/index.php?id=guestbook&bd=gbook&del= | /PHP_lvl2_Secialist_mywork/9_php_and_mysql/lab_8_guest_book/open.edu/index.php?id=guestbook&bd=gbook&del=2 
112) 09.06.17|17:46:26 | http://php-lvl2.local/PHP_lvl2_Secialist_mywork/9_php_and_mysql/lab_8_guest_book/open.edu/index.php?id=guestbook&bd=gbook&del= | /PHP_lvl2_Secialist_mywork/9_php_and_mysql/lab_8_guest_book/open.edu/index.php?id=guestbook&bd=gbook&del=2 
113) 09.06.17|17:47:51 | http://php-lvl2.local/PHP_lvl2_Secialist_mywork/9_php_and_mysql/lab_8_guest_book/open.edu/index.php?id=guestbook&bd=gbook&del= | /PHP_lvl2_Secialist_mywork/9_php_and_mysql/lab_8_guest_book/open.edu/index.php?id=guestbook&bd=gbook&del=2 
114) 09.06.17|17:48:06 | http://php-lvl2.local/PHP_lvl2_Secialist_mywork/9_php_and_mysql/lab_8_guest_book/open.edu/index.php?id=guestbook&bd=gbook&del= | /PHP_lvl2_Secialist_mywork/9_php_and_mysql/lab_8_guest_book/open.edu/index.php?id=guestbook&bd=gbook&del=2 
115) 09.06.17|17:48:09 | http://php-lvl2.local/PHP_lvl2_Secialist_mywork/9_php_and_mysql/lab_8_guest_book/open.edu/index.php?id=guestbook&bd=gbook&del=2 | /PHP_lvl2_Secialist_mywork/9_php_and_mysql/lab_8_guest_book/open.edu/index.php?id=guestbook&tbl=msgs&del= 
116) 09.06.17|17:48:13 | http://php-lvl2.local/PHP_lvl2_Secialist_mywork/9_php_and_mysql/lab_8_guest_book/open.edu/index.php?id=guestbook&tbl=msgs&del= | /PHP_lvl2_Secialist_mywork/9_php_and_mysql/lab_8_guest_book/open.edu/index.php?id=guestbook&tbl=msgs&del= 
117) 09.06.17|17:48:17 | http://php-lvl2.local/PHP_lvl2_Secialist_mywork/9_php_and_mysql/lab_8_guest_book/open.edu/index.php?id=guestbook&tbl=msgs&del= | /PHP_lvl2_Secialist_mywork/9_php_and_mysql/lab_8_guest_book/open.edu/index.php?id=guestbook&tbl=msgs&del=1 
118) 09.06.17|17:48:57 | http://php-lvl2.local/PHP_lvl2_Secialist_mywork/9_php_and_mysql/lab_8_guest_book/open.edu/index.php?id=guestbook&tbl=msgs&del= | /PHP_lvl2_Secialist_mywork/9_php_and_mysql/lab_8_guest_book/open.edu/index.php?id=guestbook&tbl=msgs&del=1 
119) 09.06.17|17:49:03 | http://php-lvl2.local/PHP_lvl2_Secialist_mywork/9_php_and_mysql/lab_8_guest_book/open.edu/index.php?id=guestbook&tbl=msgs&del=1 | /PHP_lvl2_Secialist_mywork/9_php_and_mysql/lab_8_guest_book/open.edu/index.php?id=guestbook&tbl=msgs&del= 
120) 09.06.17|17:49:05 | http://php-lvl2.local/PHP_lvl2_Secialist_mywork/9_php_and_mysql/lab_8_guest_book/open.edu/index.php?id=guestbook&tbl=msgs&del= | /PHP_lvl2_Secialist_mywork/9_php_and_mysql/lab_8_guest_book/open.edu/index.php?id=guestbook&tbl=msgs&del= 
121) 09.06.17|17:49:07 | http://php-lvl2.local/PHP_lvl2_Secialist_mywork/9_php_and_mysql/lab_8_guest_book/open.edu/index.php?id=guestbook&tbl=msgs&del= | /PHP_lvl2_Secialist_mywork/9_php_and_mysql/lab_8_guest_book/open.edu/index.php?id=guestbook&tbl=msgs&del= 
122) 09.06.17|17:49:11 | http://php-lvl2.local/PHP_lvl2_Secialist_mywork/9_php_and_mysql/lab_8_guest_book/open.edu/index.php?id=guestbook&tbl=msgs&del= | /PHP_lvl2_Secialist_mywork/9_php_and_mysql/lab_8_guest_book/open.edu/index.php?id=guestbook&tbl=msgs&del=2 
123) 09.06.17|17:49:20 | http://php-lvl2.local/PHP_lvl2_Secialist_mywork/9_php_and_mysql/lab_8_guest_book/open.edu/index.php?id=guestbook&tbl=msgs&del=2 | /PHP_lvl2_Secialist_mywork/9_php_and_mysql/lab_8_guest_book/open.edu/index.php?id=guestbook&tbl=msgs&del=2 
124) 09.06.17|17:49:29 | http://php-lvl2.local/PHP_lvl2_Secialist_mywork/9_php_and_mysql/lab_8_guest_book/open.edu/index.php?id=guestbook&tbl=msgs&del=2 | /PHP_lvl2_Secialist_mywork/9_php_and_mysql/lab_8_guest_book/open.edu/index.php?id=guestbook&tbl=msgs&del=9 
125) 09.06.17|17:49:40 | http://php-lvl2.local/PHP_lvl2_Secialist_mywork/9_php_and_mysql/lab_8_guest_book/open.edu/index.php?id=guestbook&tbl=msgs&del=2 | /PHP_lvl2_Secialist_mywork/9_php_and_mysql/lab_8_guest_book/open.edu/index.php?id=guestbook&tbl=msgs&del=9 
126) 09.06.17|17:49:42 | http://php-lvl2.local/PHP_lvl2_Secialist_mywork/9_php_and_mysql/lab_8_guest_book/open.edu/index.php?id=guestbook&tbl=msgs&del=2 | /PHP_lvl2_Secialist_mywork/9_php_and_mysql/lab_8_guest_book/open.edu/index.php?id=guestbook&tbl=msgs&del=9 
127) 09.06.17|17:53:34 | http://php-lvl2.local/PHP_lvl2_Secialist_mywork/9_php_and_mysql/lab_8_guest_book/open.edu/index.php?id=guestbook&tbl=msgs&del=2 | /PHP_lvl2_Secialist_mywork/9_php_and_mysql/lab_8_guest_book/open.edu/index.php?id=guestbook&tbl=msgs&del=9 
128) 09.06.17|17:53:37 | http://php-lvl2.local/PHP_lvl2_Secialist_mywork/9_php_and_mysql/lab_8_guest_book/open.edu/index.php?id=guestbook&tbl=msgs&del=9 | /PHP_lvl2_Secialist_mywork/9_php_and_mysql/lab_8_guest_book/open.edu/index.php?id=guestbook&tbl=msgs&del=3 
129) 09.06.17|17:53:40 | http://php-lvl2.local/PHP_lvl2_Secialist_mywork/9_php_and_mysql/lab_8_guest_book/open.edu/index.php?id=guestbook&tbl=msgs&del=3 | /PHP_lvl2_Secialist_mywork/9_php_and_mysql/lab_8_guest_book/open.edu/index.php?id=guestbook&tbl=msgs&del= 
130) 09.06.17|17:53:42 | http://php-lvl2.local/PHP_lvl2_Secialist_mywork/9_php_and_mysql/lab_8_guest_book/open.edu/index.php?id=guestbook&tbl=msgs&del= | /PHP_lvl2_Secialist_mywork/9_php_and_mysql/lab_8_guest_book/open.edu/index.php?id=guestbook&tbl=msgs&del= 
131) 09.06.17|17:53:44 | http://php-lvl2.local/PHP_lvl2_Secialist_mywork/9_php_and_mysql/lab_8_guest_book/open.edu/index.php?id=guestbook&tbl=msgs&del= | /PHP_lvl2_Secialist_mywork/9_php_and_mysql/lab_8_guest_book/open.edu/index.php?id=guestbook&tbl=msgs&del= 
132) 09.06.17|17:53:46 | http://php-lvl2.local/PHP_lvl2_Secialist_mywork/9_php_and_mysql/lab_8_guest_book/open.edu/index.php?id=guestbook&tbl=msgs&del= | /PHP_lvl2_Secialist_mywork/9_php_and_mysql/lab_8_guest_book/open.edu/index.php?id=guestbook&tbl=msgs&del= 
133) 09.06.17|17:53:49 | http://php-lvl2.local/PHP_lvl2_Secialist_mywork/9_php_and_mysql/lab_8_guest_book/open.edu/index.php?id=guestbook&tbl=msgs&del= | /PHP_lvl2_Secialist_mywork/9_php_and_mysql/lab_8_guest_book/open.edu/index.php?id=guestbook&tbl=msgs&del=4 
134) 09.06.17|17:53:51 | http://php-lvl2.local/PHP_lvl2_Secialist_mywork/9_php_and_mysql/lab_8_guest_book/open.edu/index.php?id=guestbook&tbl=msgs&del=4 | /PHP_lvl2_Secialist_mywork/9_php_and_mysql/lab_8_guest_book/open.edu/index.php?id=guestbook&tbl=msgs&del=4 
135) 09.06.17|17:53:54 | http://php-lvl2.local/PHP_lvl2_Secialist_mywork/9_php_and_mysql/lab_8_guest_book/open.edu/index.php?id=guestbook&tbl=msgs&del=4 | /PHP_lvl2_Secialist_mywork/9_php_and_mysql/lab_8_guest_book/open.edu/index.php?id=guestbook&tbl=msgs&del= 
136) 09.06.17|17:53:56 | http://php-lvl2.local/PHP_lvl2_Secialist_mywork/9_php_and_mysql/lab_8_guest_book/open.edu/index.php?id=guestbook&tbl=msgs&del= | /PHP_lvl2_Secialist_mywork/9_php_and_mysql/lab_8_guest_book/open.edu/index.php?id=guestbook&tbl=msgs&del= 
137) 09.06.17|17:53:58 | http://php-lvl2.local/PHP_lvl2_Secialist_mywork/9_php_and_mysql/lab_8_guest_book/open.edu/index.php?id=guestbook&tbl=msgs&del= | /PHP_lvl2_Secialist_mywork/9_php_and_mysql/lab_8_guest_book/open.edu/index.php?id=guestbook&tbl=msgs&del=7 
138) 09.06.17|17:54:00 | http://php-lvl2.local/PHP_lvl2_Secialist_mywork/9_php_and_mysql/lab_8_guest_book/open.edu/index.php?id=guestbook&tbl=msgs&del=7 | /PHP_lvl2_Secialist_mywork/9_php_and_mysql/lab_8_guest_book/open.edu/index.php?id=guestbook&tbl=msgs&del=7 
139) 09.06.17|17:54:04 | http://php-lvl2.local/PHP_lvl2_Secialist_mywork/9_php_and_mysql/lab_8_guest_book/open.edu/index.php?id=guestbook&tbl=msgs&del=7 | /PHP_lvl2_Secialist_mywork/9_php_and_mysql/lab_8_guest_book/open.edu/index.php?id=guestbook&tbl=msgs&del=11 
140) 09.06.17|17:54:08 | http://php-lvl2.local/PHP_lvl2_Secialist_mywork/9_php_and_mysql/lab_8_guest_book/open.edu/index.php?id=guestbook&tbl=msgs&del=11 | /PHP_lvl2_Secialist_mywork/9_php_and_mysql/lab_8_guest_book/open.edu/index.php?id=guestbook&tbl=msgs&del=12 
141) 13.06.17|11:08:25 |  | /PHP_lvl2_Secialist_mywork/9_php_and_mysql/lab_8_guest_book/open.edu/index.php?id=guestbook&tbl=msgs&del=12 
142) 13.06.17|11:09:09 |  | /PHP_lvl2_Secialist_mywork/9_php_and_mysql/lab_8_guest_book/open.edu/index.php?id=guestbook&tbl=msgs&del=12 
143) 13.06.17|11:09:20 | http://php-lvl2.local/PHP_lvl2_Secialist_mywork/9_php_and_mysql/lab_8_guest_book/open.edu/index.php?id=guestbook&tbl=msgs&del=12 | /PHP_lvl2_Secialist_mywork/9_php_and_mysql/lab_8_guest_book/open.edu/index.php?id=calc 
144) 13.06.17|11:09:31 |  | /PHP_lvl2_Secialist_mywork/9_php_and_mysql/lab_8_guest_book/open.edu/ 
145) 13.06.17|11:10:02 | http://php-lvl2.local/PHP_lvl2_Secialist_mywork/9_php_and_mysql/lab_8_guest_book/open.edu/ | /PHP_lvl2_Secialist_mywork/9_php_and_mysql/lab_8_guest_book/open.edu/index.php 
146) 13.06.17|11:10:09 | http://php-lvl2.local/PHP_lvl2_Secialist_mywork/9_php_and_mysql/lab_8_guest_book/open.edu/ | /PHP_lvl2_Secialist_mywork/9_php_and_mysql/lab_8_guest_book/open.edu/index.php 
147) 13.06.17|11:10:09 | http://php-lvl2.local/PHP_lvl2_Secialist_mywork/9_php_and_mysql/lab_8_guest_book/open.edu/ | /PHP_lvl2_Secialist_mywork/9_php_and_mysql/lab_8_guest_book/open.edu/index.php 
148) 13.06.17|11:10:12 | http://php-lvl2.local/PHP_lvl2_Secialist_mywork/9_php_and_mysql/lab_8_guest_book/open.edu/index.php | /PHP_lvl2_Secialist_mywork/9_php_and_mysql/lab_8_guest_book/open.edu/index.php?id=guestbook 
149) 13.06.17|11:10:18 | http://php-lvl2.local/PHP_lvl2_Secialist_mywork/9_php_and_mysql/lab_8_guest_book/open.edu/index.php | /PHP_lvl2_Secialist_mywork/9_php_and_mysql/lab_8_guest_book/open.edu/index.php?id=guestbook 
150) 13.06.17|11:10:34 | http://php-lvl2.local/PHP_lvl2_Secialist_mywork/9_php_and_mysql/lab_8_guest_book/open.edu/index.php?id=guestbook | /PHP_lvl2_Secialist_mywork/9_php_and_mysql/lab_8_guest_book/open.edu/index.php?id=calc 
151) 13.06.17|11:10:37 | http://php-lvl2.local/PHP_lvl2_Secialist_mywork/9_php_and_mysql/lab_8_guest_book/open.edu/index.php?id=calc | /PHP_lvl2_Secialist_mywork/9_php_and_mysql/lab_8_guest_book/open.edu/index.php?id=table 
152) 13.06.17|11:13:16 | http://php-lvl2.local/PHP_lvl2_Secialist_mywork/9_php_and_mysql/lab_8_guest_book/open.edu/index.php?id=calc | /PHP_lvl2_Secialist_mywork/9_php_and_mysql/lab_8_guest_book/open.edu/index.php?id=table 
153) 13.06.17|11:13:21 | http://php-lvl2.local/PHP_lvl2_Secialist_mywork/9_php_and_mysql/lab_8_guest_book/open.edu/index.php?id=table | /PHP_lvl2_Secialist_mywork/9_php_and_mysql/lab_8_guest_book/open.edu/index.php?id=home 
154) 13.06.17|11:13:24 | http://php-lvl2.local/PHP_lvl2_Secialist_mywork/9_php_and_mysql/lab_8_guest_book/open.edu/index.php?id=home | /PHP_lvl2_Secialist_mywork/9_php_and_mysql/lab_8_guest_book/open.edu/index.php 
155) 13.06.17|11:13:24 | http://php-lvl2.local/PHP_lvl2_Secialist_mywork/9_php_and_mysql/lab_8_guest_book/open.edu/index.php?id=home | /PHP_lvl2_Secialist_mywork/9_php_and_mysql/lab_8_guest_book/open.edu/index.php 
156) 13.06.17|11:13:27 | http://php-lvl2.local/PHP_lvl2_Secialist_mywork/9_php_and_mysql/lab_8_guest_book/open.edu/index.php | /PHP_lvl2_Secialist_mywork/9_php_and_mysql/lab_8_guest_book/open.edu/index.php 
157) 13.06.17|11:13:27 | http://php-lvl2.local/PHP_lvl2_Secialist_mywork/9_php_and_mysql/lab_8_guest_book/open.edu/index.php | /PHP_lvl2_Secialist_mywork/9_php_and_mysql/lab_8_guest_book/open.edu/index.php 
158) 13.06.17|11:13:30 | http://php-lvl2.local/PHP_lvl2_Secialist_mywork/9_php_and_mysql/lab_8_guest_book/open.edu/index.php | /PHP_lvl2_Secialist_mywork/9_php_and_mysql/lab_8_guest_book/open.edu/index.php?id=guestbook 
159) 13.06.17|11:13:35 | http://php-lvl2.local/PHP_lvl2_Secialist_mywork/9_php_and_mysql/lab_8_guest_book/open.edu/index.php?id=guestbook | /PHP_lvl2_Secialist_mywork/9_php_and_mysql/lab_8_guest_book/open.edu/index.php?id=guestbook&tbl=msgs&del= 
160) 13.06.17|11:13:37 | http://php-lvl2.local/PHP_lvl2_Secialist_mywork/9_php_and_mysql/lab_8_guest_book/open.edu/index.php?id=guestbook&tbl=msgs&del= | /PHP_lvl2_Secialist_mywork/9_php_and_mysql/lab_8_guest_book/open.edu/index.php?id=guestbook&tbl=msgs&del= 
161) 13.06.17|11:13:39 | http://php-lvl2.local/PHP_lvl2_Secialist_mywork/9_php_and_mysql/lab_8_guest_book/open.edu/index.php?id=guestbook&tbl=msgs&del= | /PHP_lvl2_Secialist_mywork/9_php_and_mysql/lab_8_guest_book/open.edu/index.php?id=guestbook&tbl=msgs&del=5 
162) 13.06.17|11:13:41 | http://php-lvl2.local/PHP_lvl2_Secialist_mywork/9_php_and_mysql/lab_8_guest_book/open.edu/index.php?id=guestbook&tbl=msgs&del=5 | /PHP_lvl2_Secialist_mywork/9_php_and_mysql/lab_8_guest_book/open.edu/index.php?id=guestbook&tbl=msgs&del=6 
163) 13.06.17|11:13:43 | http://php-lvl2.local/PHP_lvl2_Secialist_mywork/9_php_and_mysql/lab_8_guest_book/open.edu/index.php?id=guestbook&tbl=msgs&del=6 | /PHP_lvl2_Secialist_mywork/9_php_and_mysql/lab_8_guest_book/open.edu/index.php?id=guestbook&tbl=msgs&del=8 
164) 13.06.17|11:13:45 | http://php-lvl2.local/PHP_lvl2_Secialist_mywork/9_php_and_mysql/lab_8_guest_book/open.edu/index.php?id=guestbook&tbl=msgs&del=8 | /PHP_lvl2_Secialist_mywork/9_php_and_mysql/lab_8_guest_book/open.edu/index.php?id=guestbook&tbl=msgs&del=11 
165) 13.06.17|11:13:46 | http://php-lvl2.local/PHP_lvl2_Secialist_mywork/9_php_and_mysql/lab_8_guest_book/open.edu/index.php?id=guestbook&tbl=msgs&del=11 | /PHP_lvl2_Secialist_mywork/9_php_and_mysql/lab_8_guest_book/open.edu/index.php?id=guestbook&tbl=msgs&del=10 
166) 13.06.17|11:13:48 | http://php-lvl2.local/PHP_lvl2_Secialist_mywork/9_php_and_mysql/lab_8_guest_book/open.edu/index.php?id=guestbook&tbl=msgs&del=10 | /PHP_lvl2_Secialist_mywork/9_php_and_mysql/lab_8_guest_book/open.edu/index.php?id=guestbook&tbl=msgs&del=13 
167) 13.06.17|11:13:50 | http://php-lvl2.local/PHP_lvl2_Secialist_mywork/9_php_and_mysql/lab_8_guest_book/open.edu/index.php?id=guestbook&tbl=msgs&del=13 | /PHP_lvl2_Secialist_mywork/9_php_and_mysql/lab_8_guest_book/open.edu/index.php?id=guestbook&tbl=msgs&del=13 
168) 13.06.17|11:13:52 | http://php-lvl2.local/PHP_lvl2_Secialist_mywork/9_php_and_mysql/lab_8_guest_book/open.edu/index.php?id=guestbook&tbl=msgs&del=13 | /PHP_lvl2_Secialist_mywork/9_php_and_mysql/lab_8_guest_book/open.edu/index.php?id=guestbook&tbl=msgs&del=13 
169) 13.06.17|11:13:54 | http://php-lvl2.local/PHP_lvl2_Secialist_mywork/9_php_and_mysql/lab_8_guest_book/open.edu/index.php?id=guestbook&tbl=msgs&del=13 | /PHP_lvl2_Secialist_mywork/9_php_and_mysql/lab_8_guest_book/open.edu/index.php?id=guestbook&tbl=msgs&del= 
170) 13.06.17|11:13:59 | http://php-lvl2.local/PHP_lvl2_Secialist_mywork/9_php_and_mysql/lab_8_guest_book/open.edu/index.php?id=guestbook&tbl=msgs&del= | /PHP_lvl2_Secialist_mywork/9_php_and_mysql/lab_8_guest_book/open.edu/index.php?id=guestbook&tbl=msgs&del= 
171) 13.06.17|11:14:00 | http://php-lvl2.local/PHP_lvl2_Secialist_mywork/9_php_and_mysql/lab_8_guest_book/open.edu/index.php?id=guestbook&tbl=msgs&del= | /PHP_lvl2_Secialist_mywork/9_php_and_mysql/lab_8_guest_book/open.edu/index.php?id=guestbook&tbl=msgs&del= 
172) 13.06.17|11:14:02 | http://php-lvl2.local/PHP_lvl2_Secialist_mywork/9_php_and_mysql/lab_8_guest_book/open.edu/index.php?id=guestbook&tbl=msgs&del= | /PHP_lvl2_Secialist_mywork/9_php_and_mysql/lab_8_guest_book/open.edu/index.php?id=guestbook&tbl=msgs&del= 
173) 13.06.17|11:14:04 | http://php-lvl2.local/PHP_lvl2_Secialist_mywork/9_php_and_mysql/lab_8_guest_book/open.edu/index.php?id=guestbook&tbl=msgs&del= | /PHP_lvl2_Secialist_mywork/9_php_and_mysql/lab_8_guest_book/open.edu/index.php?id=guestbook&tbl=msgs&del=8 
174) 13.06.17|11:14:06 | http://php-lvl2.local/PHP_lvl2_Secialist_mywork/9_php_and_mysql/lab_8_guest_book/open.edu/index.php?id=guestbook&tbl=msgs&del=8 | /PHP_lvl2_Secialist_mywork/9_php_and_mysql/lab_8_guest_book/open.edu/index.php?id=guestbook&tbl=msgs&del= 
175) 13.06.17|11:14:08 | http://php-lvl2.local/PHP_lvl2_Secialist_mywork/9_php_and_mysql/lab_8_guest_book/open.edu/index.php?id=guestbook&tbl=msgs&del= | /PHP_lvl2_Secialist_mywork/9_php_and_mysql/lab_8_guest_book/open.edu/index.php?id=guestbook&tbl=msgs&del= 
176) 13.06.17|11:14:09 | http://php-lvl2.local/PHP_lvl2_Secialist_mywork/9_php_and_mysql/lab_8_guest_book/open.edu/index.php?id=guestbook&tbl=msgs&del= | /PHP_lvl2_Secialist_mywork/9_php_and_mysql/lab_8_guest_book/open.edu/index.php?id=guestbook&tbl=msgs&del=10 
177) 13.06.17|11:14:12 | http://php-lvl2.local/PHP_lvl2_Secialist_mywork/9_php_and_mysql/lab_8_guest_book/open.edu/index.php?id=guestbook&tbl=msgs&del=10 | /PHP_lvl2_Secialist_mywork/9_php_and_mysql/lab_8_guest_book/open.edu/index.php?id=guestbook&tbl=msgs&del=11 
178) 13.06.17|11:14:15 | http://php-lvl2.local/PHP_lvl2_Secialist_mywork/9_php_and_mysql/lab_8_guest_book/open.edu/index.php?id=guestbook&tbl=msgs&del=11 | /PHP_lvl2_Secialist_mywork/9_php_and_mysql/lab_8_guest_book/open.edu/index.php?id=guestbook&tbl=msgs&del=12 
179) 13.06.17|11:14:17 | http://php-lvl2.local/PHP_lvl2_Secialist_mywork/9_php_and_mysql/lab_8_guest_book/open.edu/index.php?id=guestbook&tbl=msgs&del=12 | /PHP_lvl2_Secialist_mywork/9_php_and_mysql/lab_8_guest_book/open.edu/index.php?id=guestbook&tbl=msgs&del= 
180) 13.06.17|11:14:19 | http://php-lvl2.local/PHP_lvl2_Secialist_mywork/9_php_and_mysql/lab_8_guest_book/open.edu/index.php?id=guestbook&tbl=msgs&del= | /PHP_lvl2_Secialist_mywork/9_php_and_mysql/lab_8_guest_book/open.edu/index.php?id=guestbook&tbl=msgs&del= 
181) 13.06.17|11:14:20 | http://php-lvl2.local/PHP_lvl2_Secialist_mywork/9_php_and_mysql/lab_8_guest_book/open.edu/index.php?id=guestbook&tbl=msgs&del= | /PHP_lvl2_Secialist_mywork/9_php_and_mysql/lab_8_guest_book/open.edu/index.php?id=guestbook&tbl=msgs&del= 
182) 13.06.17|11:14:23 | http://php-lvl2.local/PHP_lvl2_Secialist_mywork/9_php_and_mysql/lab_8_guest_book/open.edu/index.php?id=guestbook&tbl=msgs&del= | /PHP_lvl2_Secialist_mywork/9_php_and_mysql/lab_8_guest_book/open.edu/index.php?id=guestbook&tbl=msgs&del= 
183) 13.06.17|11:14:25 | http://php-lvl2.local/PHP_lvl2_Secialist_mywork/9_php_and_mysql/lab_8_guest_book/open.edu/index.php?id=guestbook&tbl=msgs&del= | /PHP_lvl2_Secialist_mywork/9_php_and_mysql/lab_8_guest_book/open.edu/index.php?id=guestbook&tbl=msgs&del= 
184) 13.06.17|11:14:28 | http://php-lvl2.local/PHP_lvl2_Secialist_mywork/9_php_and_mysql/lab_8_guest_book/open.edu/index.php?id=guestbook&tbl=msgs&del= | /PHP_lvl2_Secialist_mywork/9_php_and_mysql/lab_8_guest_book/open.edu/index.php?id=guestbook&tbl=msgs&del= 
185) 13.06.17|11:14:30 | http://php-lvl2.local/PHP_lvl2_Secialist_mywork/9_php_and_mysql/lab_8_guest_book/open.edu/index.php?id=guestbook&tbl=msgs&del= | /PHP_lvl2_Secialist_mywork/9_php_and_mysql/lab_8_guest_book/open.edu/index.php?id=guestbook&tbl=msgs&del= 
186) 13.06.17|11:14:34 | http://php-lvl2.local/PHP_lvl2_Secialist_mywork/9_php_and_mysql/lab_8_guest_book/open.edu/index.php?id=guestbook&tbl=msgs&del= | /PHP_lvl2_Secialist_mywork/9_php_and_mysql/lab_8_guest_book/open.edu/index.php?id=guestbook&tbl=msgs&del= 
187) 13.06.17|11:14:49 | http://php-lvl2.local/PHP_lvl2_Secialist_mywork/9_php_and_mysql/lab_8_guest_book/open.edu/index.php?id=guestbook&tbl=msgs&del= | /PHP_lvl2_Secialist_mywork/9_php_and_mysql/lab_8_guest_book/open.edu/index.php?id=guestbook&tbl=msgs&del=10 
188) 13.06.17|11:14:54 | http://php-lvl2.local/PHP_lvl2_Secialist_mywork/9_php_and_mysql/lab_8_guest_book/open.edu/index.php?id=guestbook&tbl=msgs&del=10 | /PHP_lvl2_Secialist_mywork/9_php_and_mysql/lab_8_guest_book/open.edu/index.php?id=guestbook&tbl=msgs&del=10 
189) 13.06.17|11:15:01 | http://php-lvl2.local/PHP_lvl2_Secialist_mywork/9_php_and_mysql/lab_8_guest_book/open.edu/index.php?id=guestbook&tbl=msgs&del=10 | /PHP_lvl2_Secialist_mywork/9_php_and_mysql/lab_8_guest_book/open.edu/index.php?id=guestbook&tbl=msgs&del=8 
190) 13.06.17|11:15:03 | http://php-lvl2.local/PHP_lvl2_Secialist_mywork/9_php_and_mysql/lab_8_guest_book/open.edu/index.php?id=guestbook&tbl=msgs&del=10 | /PHP_lvl2_Secialist_mywork/9_php_and_mysql/lab_8_guest_book/open.edu/index.php?id=guestbook&tbl=msgs&del=8 
191) 13.06.17|11:15:07 | http://php-lvl2.local/PHP_lvl2_Secialist_mywork/9_php_and_mysql/lab_8_guest_book/open.edu/index.php?id=guestbook&tbl=msgs&del=8 | /PHP_lvl2_Secialist_mywork/9_php_and_mysql/lab_8_guest_book/open.edu/index.php?id=home 
192) 13.06.17|11:17:15 | http://php-lvl2.local/PHP_lvl2_Secialist_mywork/9_php_and_mysql/lab_8_guest_book/open.edu/index.php?id=guestbook&tbl=msgs&del=8 | /PHP_lvl2_Secialist_mywork/9_php_and_mysql/lab_8_guest_book/open.edu/index.php?id=home 
193) 13.06.17|11:17:17 | http://php-lvl2.local/PHP_lvl2_Secialist_mywork/9_php_and_mysql/lab_8_guest_book/open.edu/index.php?id=home | /PHP_lvl2_Secialist_mywork/9_php_and_mysql/lab_8_guest_book/open.edu/index.php 
194) 13.06.17|11:17:17 | http://php-lvl2.local/PHP_lvl2_Secialist_mywork/9_php_and_mysql/lab_8_guest_book/open.edu/index.php?id=home | /PHP_lvl2_Secialist_mywork/9_php_and_mysql/lab_8_guest_book/open.edu/index.php 
195) 13.06.17|11:17:18 | http://php-lvl2.local/PHP_lvl2_Secialist_mywork/9_php_and_mysql/lab_8_guest_book/open.edu/index.php | /PHP_lvl2_Secialist_mywork/9_php_and_mysql/lab_8_guest_book/open.edu/index.php?id=guestbook 
196) 13.06.17|11:17:20 | http://php-lvl2.local/PHP_lvl2_Secialist_mywork/9_php_and_mysql/lab_8_guest_book/open.edu/index.php?id=guestbook | /PHP_lvl2_Secialist_mywork/9_php_and_mysql/lab_8_guest_book/open.edu/index.php?id=guestbook&tbl=msgs&del= 
197) 13.06.17|11:17:22 | http://php-lvl2.local/PHP_lvl2_Secialist_mywork/9_php_and_mysql/lab_8_guest_book/open.edu/index.php?id=guestbook&tbl=msgs&del= | /PHP_lvl2_Secialist_mywork/9_php_and_mysql/lab_8_guest_book/open.edu/index.php?id=guestbook&tbl=msgs&del= 
198) 13.06.17|11:17:25 | http://php-lvl2.local/PHP_lvl2_Secialist_mywork/9_php_and_mysql/lab_8_guest_book/open.edu/index.php?id=guestbook&tbl=msgs&del= | /PHP_lvl2_Secialist_mywork/9_php_and_mysql/lab_8_guest_book/open.edu/index.php?id=guestbook&tbl=msgs&del=8 
199) 13.06.17|11:17:27 | http://php-lvl2.local/PHP_lvl2_Secialist_mywork/9_php_and_mysql/lab_8_guest_book/open.edu/index.php?id=guestbook&tbl=msgs&del=8 | /PHP_lvl2_Secialist_mywork/9_php_and_mysql/lab_8_guest_book/open.edu/index.php?id=guestbook&tbl=msgs&del=10 
200) 13.06.17|11:17:29 | http://php-lvl2.local/PHP_lvl2_Secialist_mywork/9_php_and_mysql/lab_8_guest_book/open.edu/index.php?id=guestbook&tbl=msgs&del=10 | /PHP_lvl2_Secialist_mywork/9_php_and_mysql/lab_8_guest_book/open.edu/index.php?id=guestbook&tbl=msgs&del=11 
201) 13.06.17|11:17:31 | http://php-lvl2.local/PHP_lvl2_Secialist_mywork/9_php_and_mysql/lab_8_guest_book/open.edu/index.php?id=guestbook&tbl=msgs&del=11 | /PHP_lvl2_Secialist_mywork/9_php_and_mysql/lab_8_guest_book/open.edu/index.php?id=guestbook&tbl=msgs&del=12 
202) 13.06.17|11:17:33 | http://php-lvl2.local/PHP_lvl2_Secialist_mywork/9_php_and_mysql/lab_8_guest_book/open.edu/index.php?id=guestbook&tbl=msgs&del=12 | /PHP_lvl2_Secialist_mywork/9_php_and_mysql/lab_8_guest_book/open.edu/index.php?id=guestbook&tbl=msgs&del=13 
203) 13.06.17|11:17:35 | http://php-lvl2.local/PHP_lvl2_Secialist_mywork/9_php_and_mysql/lab_8_guest_book/open.edu/index.php?id=guestbook&tbl=msgs&del=13 | /PHP_lvl2_Secialist_mywork/9_php_and_mysql/lab_8_guest_book/open.edu/index.php?id=guestbook&tbl=msgs&del=13 
204) 13.06.17|11:17:36 | http://php-lvl2.local/PHP_lvl2_Secialist_mywork/9_php_and_mysql/lab_8_guest_book/open.edu/index.php?id=guestbook&tbl=msgs&del=13 | /PHP_lvl2_Secialist_mywork/9_php_and_mysql/lab_8_guest_book/open.edu/index.php?id=guestbook&tbl=msgs&del= 
205) 13.06.17|11:17:53 | http://php-lvl2.local/PHP_lvl2_Secialist_mywork/9_php_and_mysql/lab_8_guest_book/open.edu/index.php?id=guestbook&tbl=msgs&del= | /PHP_lvl2_Secialist_mywork/9_php_and_mysql/lab_8_guest_book/open.edu/index.php?id=home 
206) 13.06.17|11:17:55 | http://php-lvl2.local/PHP_lvl2_Secialist_mywork/9_php_and_mysql/lab_8_guest_book/open.edu/index.php?id=home | /PHP_lvl2_Secialist_mywork/9_php_and_mysql/lab_8_guest_book/open.edu/index.php 
207) 13.06.17|11:17:55 | http://php-lvl2.local/PHP_lvl2_Secialist_mywork/9_php_and_mysql/lab_8_guest_book/open.edu/index.php?id=home | /PHP_lvl2_Secialist_mywork/9_php_and_mysql/lab_8_guest_book/open.edu/index.php 
208) 13.06.17|11:18:03 | http://php-lvl2.local/PHP_lvl2_Secialist_mywork/9_php_and_mysql/lab_8_guest_book/open.edu/index.php | /PHP_lvl2_Secialist_mywork/9_php_and_mysql/lab_8_guest_book/open.edu/index.php 
209) 13.06.17|11:18:05 | http://php-lvl2.local/PHP_lvl2_Secialist_mywork/9_php_and_mysql/lab_8_guest_book/open.edu/index.php | /PHP_lvl2_Secialist_mywork/9_php_and_mysql/lab_8_guest_book/open.edu/index.php?id=guestbook 
210) 13.06.17|11:18:13 | http://php-lvl2.local/PHP_lvl2_Secialist_mywork/9_php_and_mysql/lab_8_guest_book/open.edu/index.php?id=guestbook | /PHP_lvl2_Secialist_mywork/9_php_and_mysql/lab_8_guest_book/open.edu/index.php?id=home 
211) 13.06.17|11:18:15 | http://php-lvl2.local/PHP_lvl2_Secialist_mywork/9_php_and_mysql/lab_8_guest_book/open.edu/index.php?id=home | /PHP_lvl2_Secialist_mywork/9_php_and_mysql/lab_8_guest_book/open.edu/index.php 
212) 13.06.17|11:18:15 | http://php-lvl2.local/PHP_lvl2_Secialist_mywork/9_php_and_mysql/lab_8_guest_book/open.edu/index.php?id=home | /PHP_lvl2_Secialist_mywork/9_php_and_mysql/lab_8_guest_book/open.edu/index.php 
213) 13.06.17|11:18:17 | http://php-lvl2.local/PHP_lvl2_Secialist_mywork/9_php_and_mysql/lab_8_guest_book/open.edu/index.php | /PHP_lvl2_Secialist_mywork/9_php_and_mysql/lab_8_guest_book/open.edu/index.php?id=guestbook 
214) 13.06.17|11:18:25 | http://php-lvl2.local/PHP_lvl2_Secialist_mywork/9_php_and_mysql/lab_8_guest_book/open.edu/index.php?id=guestbook | /PHP_lvl2_Secialist_mywork/9_php_and_mysql/lab_8_guest_book/open.edu/index.php?id=home 
215) 13.06.17|11:18:30 | http://php-lvl2.local/PHP_lvl2_Secialist_mywork/9_php_and_mysql/lab_8_guest_book/open.edu/index.php?id=home | /PHP_lvl2_Secialist_mywork/9_php_and_mysql/lab_8_guest_book/open.edu/index.php 
216) 13.06.17|11:18:32 | http://php-lvl2.local/PHP_lvl2_Secialist_mywork/9_php_and_mysql/lab_8_guest_book/open.edu/index.php | /PHP_lvl2_Secialist_mywork/9_php_and_mysql/lab_8_guest_book/open.edu/index.php?id=guestbook 
217) 13.06.17|11:30:22 | http://php-lvl2.local/PHP_lvl2_Secialist_mywork/9_php_and_mysql/lab_8_guest_book/open.edu/index.php?id=guestbook | /PHP_lvl2_Secialist_mywork/9_php_and_mysql/lab_8_guest_book/open.edu/index.php?id=guestbook&tbl=msgs&del=14 
218) 13.06.17|11:30:25 | http://php-lvl2.local/PHP_lvl2_Secialist_mywork/9_php_and_mysql/lab_8_guest_book/open.edu/index.php?id=guestbook | /PHP_lvl2_Secialist_mywork/9_php_and_mysql/lab_8_guest_book/open.edu/index.php?id=guestbook&tbl=msgs&del=14 
219) 13.06.17|11:32:46 | http://php-lvl2.local/PHP_lvl2_Secialist_mywork/9_php_and_mysql/lab_8_guest_book/open.edu/index.php?id=guestbook | /PHP_lvl2_Secialist_mywork/9_php_and_mysql/lab_8_guest_book/open.edu/index.php?id=guestbook&tbl=msgs&del=14 
220) 13.06.17|11:32:48 | http://php-lvl2.local/PHP_lvl2_Secialist_mywork/9_php_and_mysql/lab_8_guest_book/open.edu/index.php?id=guestbook | /PHP_lvl2_Secialist_mywork/9_php_and_mysql/lab_8_guest_book/open.edu/index.php?id=guestbook&tbl=msgs&del=14 
221) 13.06.17|11:33:39 | http://php-lvl2.local/PHP_lvl2_Secialist_mywork/9_php_and_mysql/lab_8_guest_book/open.edu/index.php?id=guestbook | /PHP_lvl2_Secialist_mywork/9_php_and_mysql/lab_8_guest_book/open.edu/index.php?id=guestbook&tbl=msgs&del=14 
222) 13.06.17|11:33:45 | http://php-lvl2.local/PHP_lvl2_Secialist_mywork/9_php_and_mysql/lab_8_guest_book/open.edu/index.php?id=guestbook&tbl=msgs&del=14 | /PHP_lvl2_Secialist_mywork/9_php_and_mysql/lab_8_guest_book/open.edu/index.php?id=home 
223) 13.06.17|11:33:48 | http://php-lvl2.local/PHP_lvl2_Secialist_mywork/9_php_and_mysql/lab_8_guest_book/open.edu/index.php?id=home | /PHP_lvl2_Secialist_mywork/9_php_and_mysql/lab_8_guest_book/open.edu/index.php 
224) 13.06.17|11:33:48 | http://php-lvl2.local/PHP_lvl2_Secialist_mywork/9_php_and_mysql/lab_8_guest_book/open.edu/index.php?id=home | /PHP_lvl2_Secialist_mywork/9_php_and_mysql/lab_8_guest_book/open.edu/index.php 
225) 13.06.17|11:33:53 | http://php-lvl2.local/PHP_lvl2_Secialist_mywork/9_php_and_mysql/lab_8_guest_book/open.edu/index.php | /PHP_lvl2_Secialist_mywork/9_php_and_mysql/lab_8_guest_book/open.edu/index.php 
226) 13.06.17|11:33:57 | http://php-lvl2.local/PHP_lvl2_Secialist_mywork/9_php_and_mysql/lab_8_guest_book/open.edu/index.php | /PHP_lvl2_Secialist_mywork/9_php_and_mysql/lab_8_guest_book/open.edu/index.php 
227) 13.06.17|11:33:59 | http://php-lvl2.local/PHP_lvl2_Secialist_mywork/9_php_and_mysql/lab_8_guest_book/open.edu/index.php | /PHP_lvl2_Secialist_mywork/9_php_and_mysql/lab_8_guest_book/open.edu/index.php?id=guestbook 
228) 13.06.17|11:34:05 | http://php-lvl2.local/PHP_lvl2_Secialist_mywork/9_php_and_mysql/lab_8_guest_book/open.edu/index.php | /PHP_lvl2_Secialist_mywork/9_php_and_mysql/lab_8_guest_book/open.edu/index.php?id=guestbook 
229) 13.06.17|11:34:37 | http://php-lvl2.local/PHP_lvl2_Secialist_mywork/9_php_and_mysql/lab_8_guest_book/open.edu/index.php | /PHP_lvl2_Secialist_mywork/9_php_and_mysql/lab_8_guest_book/open.edu/index.php?id=guestbook 
230) 13.06.17|11:34:42 | http://php-lvl2.local/PHP_lvl2_Secialist_mywork/9_php_and_mysql/lab_8_guest_book/open.edu/index.php?id=guestbook | /PHP_lvl2_Secialist_mywork/9_php_and_mysql/lab_8_guest_book/open.edu/index.php?id=home 
231) 13.06.17|11:35:01 | http://php-lvl2.local/PHP_lvl2_Secialist_mywork/9_php_and_mysql/lab_8_guest_book/open.edu/index.php?id=home | /PHP_lvl2_Secialist_mywork/9_php_and_mysql/lab_8_guest_book/open.edu/index.php 
232) 13.06.17|11:35:08 | http://php-lvl2.local/PHP_lvl2_Secialist_mywork/9_php_and_mysql/lab_8_guest_book/open.edu/index.php | /PHP_lvl2_Secialist_mywork/9_php_and_mysql/lab_8_guest_book/open.edu/index.php?id=guestbook 
233) 13.06.17|11:35:13 | http://php-lvl2.local/PHP_lvl2_Secialist_mywork/9_php_and_mysql/lab_8_guest_book/open.edu/index.php | /PHP_lvl2_Secialist_mywork/9_php_and_mysql/lab_8_guest_book/open.edu/index.php?id=guestbook 
234) 13.06.17|11:35:14 | http://php-lvl2.local/PHP_lvl2_Secialist_mywork/9_php_and_mysql/lab_8_guest_book/open.edu/index.php | /PHP_lvl2_Secialist_mywork/9_php_and_mysql/lab_8_guest_book/open.edu/index.php?id=guestbook 
235) 13.06.17|11:35:15 | http://php-lvl2.local/PHP_lvl2_Secialist_mywork/9_php_and_mysql/lab_8_guest_book/open.edu/index.php | /PHP_lvl2_Secialist_mywork/9_php_and_mysql/lab_8_guest_book/open.edu/index.php?id=guestbook 
236) 13.06.17|11:35:58 | http://php-lvl2.local/PHP_lvl2_Secialist_mywork/9_php_and_mysql/lab_8_guest_book/open.edu/index.php | /PHP_lvl2_Secialist_mywork/9_php_and_mysql/lab_8_guest_book/open.edu/index.php?id=guestbook 
237) 13.06.17|11:36:02 | http://php-lvl2.local/PHP_lvl2_Secialist_mywork/9_php_and_mysql/lab_8_guest_book/open.edu/index.php | /PHP_lvl2_Secialist_mywork/9_php_and_mysql/lab_8_guest_book/open.edu/index.php?id=guestbook 
238) 13.06.17|11:37:21 | http://php-lvl2.local/PHP_lvl2_Secialist_mywork/9_php_and_mysql/lab_8_guest_book/open.edu/index.php?id=guestbook | /PHP_lvl2_Secialist_mywork/9_php_and_mysql/lab_8_guest_book/open.edu/index.php?id=home 
239) 13.06.17|11:37:49 | http://php-lvl2.local/PHP_lvl2_Secialist_mywork/9_php_and_mysql/lab_8_guest_book/open.edu/index.php | /PHP_lvl2_Secialist_mywork/9_php_and_mysql/lab_8_guest_book/open.edu/index.php?id=guestbook 
240) 13.06.17|11:40:00 | http://php-lvl2.local/PHP_lvl2_Secialist_mywork/9_php_and_mysql/lab_8_guest_book/open.edu/index.php | /PHP_lvl2_Secialist_mywork/9_php_and_mysql/lab_8_guest_book/open.edu/index.php?id=guestbook 
241) 13.06.17|11:40:35 | http://php-lvl2.local/PHP_lvl2_Secialist_mywork/9_php_and_mysql/lab_8_guest_book/open.edu/index.php | /PHP_lvl2_Secialist_mywork/9_php_and_mysql/lab_8_guest_book/open.edu/index.php?id=guestbook 
242) 13.06.17|11:41:05 | http://php-lvl2.local/PHP_lvl2_Secialist_mywork/9_php_and_mysql/lab_8_guest_book/open.edu/index.php | /PHP_lvl2_Secialist_mywork/9_php_and_mysql/lab_8_guest_book/open.edu/index.php?id=guestbook 
243) 13.06.17|11:41:33 | http://php-lvl2.local/PHP_lvl2_Secialist_mywork/9_php_and_mysql/lab_8_guest_book/open.edu/index.php | /PHP_lvl2_Secialist_mywork/9_php_and_mysql/lab_8_guest_book/open.edu/index.php?id=guestbook 
244) 13.06.17|11:42:23 | http://php-lvl2.local/PHP_lvl2_Secialist_mywork/9_php_and_mysql/lab_8_guest_book/open.edu/index.php | /PHP_lvl2_Secialist_mywork/9_php_and_mysql/lab_8_guest_book/open.edu/index.php?id=guestbook 
245) 13.06.17|11:42:29 | http://php-lvl2.local/PHP_lvl2_Secialist_mywork/9_php_and_mysql/lab_8_guest_book/open.edu/index.php?id=guestbook | /PHP_lvl2_Secialist_mywork/9_php_and_mysql/lab_8_guest_book/open.edu/index.php?id=guestbook&tbl=msgs&del=17 
246) 13.06.17|11:42:33 | http://php-lvl2.local/PHP_lvl2_Secialist_mywork/9_php_and_mysql/lab_8_guest_book/open.edu/index.php?id=guestbook | /PHP_lvl2_Secialist_mywork/9_php_and_mysql/lab_8_guest_book/open.edu/index.php?id=guestbook&tbl=msgs&del=17 
247) 13.06.17|11:42:34 | http://php-lvl2.local/PHP_lvl2_Secialist_mywork/9_php_and_mysql/lab_8_guest_book/open.edu/index.php?id=guestbook&tbl=msgs&del=17 | /PHP_lvl2_Secialist_mywork/9_php_and_mysql/lab_8_guest_book/open.edu/index.php?id=guestbook&tbl=msgs&del=18 
248) 13.06.17|11:42:36 | http://php-lvl2.local/PHP_lvl2_Secialist_mywork/9_php_and_mysql/lab_8_guest_book/open.edu/index.php?id=guestbook&tbl=msgs&del=17 | /PHP_lvl2_Secialist_mywork/9_php_and_mysql/lab_8_guest_book/open.edu/index.php?id=guestbook&tbl=msgs&del=18 
249) 13.06.17|11:42:38 | http://php-lvl2.local/PHP_lvl2_Secialist_mywork/9_php_and_mysql/lab_8_guest_book/open.edu/index.php?id=guestbook&tbl=msgs&del=18 | /PHP_lvl2_Secialist_mywork/9_php_and_mysql/lab_8_guest_book/open.edu/index.php?id=guestbook&tbl=msgs&del=19 
250) 13.06.17|11:42:39 | http://php-lvl2.local/PHP_lvl2_Secialist_mywork/9_php_and_mysql/lab_8_guest_book/open.edu/index.php?id=guestbook&tbl=msgs&del=18 | /PHP_lvl2_Secialist_mywork/9_php_and_mysql/lab_8_guest_book/open.edu/index.php?id=guestbook&tbl=msgs&del=19 
251) 13.06.17|11:42:54 | http://php-lvl2.local/PHP_lvl2_Secialist_mywork/9_php_and_mysql/lab_8_guest_book/open.edu/index.php?id=home | /PHP_lvl2_Secialist_mywork/9_php_and_mysql/lab_8_guest_book/open.edu/index.php 
252) 13.06.17|11:42:59 | http://php-lvl2.local/PHP_lvl2_Secialist_mywork/9_php_and_mysql/lab_8_guest_book/open.edu/index.php | /PHP_lvl2_Secialist_mywork/9_php_and_mysql/lab_8_guest_book/open.edu/index.php 
253) 13.06.17|11:43:02 | http://php-lvl2.local/PHP_lvl2_Secialist_mywork/9_php_and_mysql/lab_8_guest_book/open.edu/index.php | /PHP_lvl2_Secialist_mywork/9_php_and_mysql/lab_8_guest_book/open.edu/index.php 
254) 13.06.17|11:43:06 | http://php-lvl2.local/PHP_lvl2_Secialist_mywork/9_php_and_mysql/lab_8_guest_book/open.edu/index.php?id=guestbook&tbl=msgs&del=18 | /PHP_lvl2_Secialist_mywork/9_php_and_mysql/lab_8_guest_book/open.edu/index.php?id=guestbook&tbl=msgs&del=19 
255) 13.06.17|11:52:37 |  | /PHP_lvl2_Secialist_mywork/9_php_and_mysql/lab_8_guest_book/open.edu/index.php?id=guestbook&tbl=msgs&del=%2222;DELETE%20FROM%20msgs%22 
256) 13.06.17|11:52:41 |  | /PHP_lvl2_Secialist_mywork/9_php_and_mysql/lab_8_guest_book/open.edu/index.php?id=guestbook&tbl=msgs&del=%2222;DELETE%20FROM%20msgs%22 
257) 13.06.17|12:06:36 |  | /PHP_lvl2_Secialist_mywork/9_php_and_mysql/lab_8_guest_book/open.edu/index.php?id=guestbook&tbl=msgs&del=%2220;-1%20UNION%20DELETE%20FROM%20msgs%22 
258) 13.06.17|12:06:40 |  | /PHP_lvl2_Secialist_mywork/9_php_and_mysql/lab_8_guest_book/open.edu/index.php?id=guestbook&tbl=msgs&del=%2220;-1%20UNION%20DELETE%20FROM%20msgs%22 
259) 13.06.17|12:07:34 |  | /PHP_lvl2_Secialist_mywork/9_php_and_mysql/lab_8_guest_book/open.edu/index.php?id=guestbook&tbl=msgs&del=%2222%20-1%20UNION%20DELETE%20FROM%20msgs%22 
260) 13.06.17|12:07:39 |  | /PHP_lvl2_Secialist_mywork/9_php_and_mysql/lab_8_guest_book/open.edu/index.php?id=guestbook&tbl=msgs&del=%2222%20-1%20UNION%20DELETE%20FROM%20msgs%22 
261) 13.06.17|12:08:09 |  | /PHP_lvl2_Secialist_mywork/9_php_and_mysql/lab_8_guest_book/open.edu/index.php?id=guestbook&tbl=msgs&del=22%20-1%20UNION%20DELETE%20FROM%20msgs 
262) 13.06.17|12:08:19 |  | /PHP_lvl2_Secialist_mywork/9_php_and_mysql/lab_8_guest_book/open.edu/index.php?id=guestbook&tbl=msgs&del=22 
263) 13.06.17|12:13:26 |  | /PHP_lvl2_Secialist_mywork/9_php_and_mysql/lab_8_guest_book/open.edu/index.php?id=guestbook&tbl=msgs&del=22+UNION+DELETE+FROM+msgs 
264) 13.06.17|12:13:30 |  | /PHP_lvl2_Secialist_mywork/9_php_and_mysql/lab_8_guest_book/open.edu/index.php?id=guestbook&tbl=msgs&del=22+UNION+DELETE+FROM+msgs 
265) 13.06.17|12:13:45 |  | /PHP_lvl2_Secialist_mywork/9_php_and_mysql/lab_8_guest_book/open.edu/index.php?id=guestbook&tbl=msgs&del=22;+UNION+DELETE+FROM+msgs 
266) 13.06.17|12:13:47 |  | /PHP_lvl2_Secialist_mywork/9_php_and_mysql/lab_8_guest_book/open.edu/index.php?id=guestbook&tbl=msgs&del=22;+UNION+DELETE+FROM+msgs 
267) 13.06.17|12:14:02 |  | /PHP_lvl2_Secialist_mywork/9_php_and_mysql/lab_8_guest_book/open.edu/index.php?id=guestbook&tbl=msgs&del=22+-1+UNION+DELETE+FROM+msgs 
268) 13.06.17|12:14:05 |  | /PHP_lvl2_Secialist_mywork/9_php_and_mysql/lab_8_guest_book/open.edu/index.php?id=guestbook&tbl=msgs&del=22+-1+UNION+DELETE+FROM+msgs 
