[07-07-2016 13:01:07] - 512 - Sorry table is not available in C:\OpenServer\domains\open.edu\index.php on 145
[07-07-2016 13:01:07] - 8 - Undefined variable: test in C:\OpenServer\domains\open.edu\index.php on 148
[08-07-2016 16:47:09] - 8 - Undefined index: $id in C:\OpenServer\domains\open.edu\index.php on 10
[08-07-2016 16:47:18] - 8 - Undefined index: $id in C:\OpenServer\domains\open.edu\index.php on 10
[08-07-2016 16:47:24] - 8 - Undefined index: $id in C:\OpenServer\domains\open.edu\index.php on 10
[08-07-2016 16:47:26] - 8 - Undefined index: $id in C:\OpenServer\domains\open.edu\index.php on 10
[08-07-2016 16:47:31] - 8 - Undefined index: $id in C:\OpenServer\domains\open.edu\index.php on 10
[08-07-2016 16:47:32] - 8 - Undefined index: $id in C:\OpenServer\domains\open.edu\index.php on 10
[08-07-2016 16:47:33] - 8 - Undefined index: $id in C:\OpenServer\domains\open.edu\index.php on 10
[08-07-2016 16:47:34] - 8 - Undefined index: $id in C:\OpenServer\domains\open.edu\index.php on 10
[08-07-2016 16:47:35] - 8 - Undefined index: $id in C:\OpenServer\domains\open.edu\index.php on 10
[08-07-2016 16:50:51] - 8 - Undefined index: $id in C:\OpenServer\domains\open.edu\index.php on 10
[08-07-2016 16:52:13] - 8 - Undefined index: $id in C:\OpenServer\domains\open.edu\index.php on 10
[08-07-2016 16:52:13] - 8 - Undefined index: $id in C:\OpenServer\domains\open.edu\index.php on 33
[08-07-2016 16:52:17] - 8 - Undefined index: $id in C:\OpenServer\domains\open.edu\index.php on 10
[08-07-2016 16:52:17] - 8 - Undefined index: $id in C:\OpenServer\domains\open.edu\index.php on 33
[08-07-2016 16:52:19] - 8 - Undefined index: $id in C:\OpenServer\domains\open.edu\index.php on 10
[08-07-2016 16:52:19] - 8 - Undefined index: $id in C:\OpenServer\domains\open.edu\index.php on 33
[08-07-2016 16:52:20] - 8 - Undefined index: $id in C:\OpenServer\domains\open.edu\index.php on 10
[08-07-2016 16:52:20] - 8 - Undefined index: $id in C:\OpenServer\domains\open.edu\index.php on 33
[08-07-2016 16:53:10] - 8 - Undefined index: $id in C:\OpenServer\domains\open.edu\index.php on 10
[08-07-2016 16:53:10] - 8 - Undefined index: $id in C:\OpenServer\domains\open.edu\index.php on 52
[08-07-2016 16:56:56] - 8 - Undefined index: $id in C:\OpenServer\domains\open.edu\index.php on 52
[08-07-2016 16:57:01] - 2 - include(about.php): failed to open stream: No such file or directory in C:\OpenServer\domains\open.edu\index.php on 38
[08-07-2016 16:57:01] - 2 - include(): Failed opening 'about.php' for inclusion (include_path='.;c:/openserver/modules/php/PHP-5.6;c:/openserver/modules/php/PHP-5.6/PEAR/pear') in C:\OpenServer\domains\open.edu\index.php on 38
[08-07-2016 16:57:01] - 8 - Undefined index: $id in C:\OpenServer\domains\open.edu\index.php on 52
[08-07-2016 16:57:10] - 8 - Undefined index: $id in C:\OpenServer\domains\open.edu\index.php on 52
[08-07-2016 16:57:16] - 8 - Undefined index: $id in C:\OpenServer\domains\open.edu\index.php on 52
[08-07-2016 16:57:22] - 8 - Undefined index: $id in C:\OpenServer\domains\open.edu\index.php on 52
[08-07-2016 16:57:27] - 8 - Undefined index: $id in C:\OpenServer\domains\open.edu\index.php on 52
[08-07-2016 16:57:28] - 2 - include(about.php): failed to open stream: No such file or directory in C:\OpenServer\domains\open.edu\index.php on 38
[08-07-2016 16:57:28] - 2 - include(): Failed opening 'about.php' for inclusion (include_path='.;c:/openserver/modules/php/PHP-5.6;c:/openserver/modules/php/PHP-5.6/PEAR/pear') in C:\OpenServer\domains\open.edu\index.php on 38
[08-07-2016 16:57:28] - 8 - Undefined index: $id in C:\OpenServer\domains\open.edu\index.php on 52
[08-07-2016 16:57:31] - 2 - include(about.php): failed to open stream: No such file or directory in C:\OpenServer\domains\open.edu\index.php on 38
[08-07-2016 16:57:31] - 2 - include(): Failed opening 'about.php' for inclusion (include_path='.;c:/openserver/modules/php/PHP-5.6;c:/openserver/modules/php/PHP-5.6/PEAR/pear') in C:\OpenServer\domains\open.edu\index.php on 38
[08-07-2016 16:57:31] - 8 - Undefined index: $id in C:\OpenServer\domains\open.edu\index.php on 52
[08-07-2016 16:57:32] - 2 - include(about.php): failed to open stream: No such file or directory in C:\OpenServer\domains\open.edu\index.php on 38
[08-07-2016 16:57:32] - 2 - include(): Failed opening 'about.php' for inclusion (include_path='.;c:/openserver/modules/php/PHP-5.6;c:/openserver/modules/php/PHP-5.6/PEAR/pear') in C:\OpenServer\domains\open.edu\index.php on 38
[08-07-2016 16:57:32] - 8 - Undefined index: $id in C:\OpenServer\domains\open.edu\index.php on 52
[08-07-2016 16:57:32] - 2 - include(about.php): failed to open stream: No such file or directory in C:\OpenServer\domains\open.edu\index.php on 38
[08-07-2016 16:57:32] - 2 - include(): Failed opening 'about.php' for inclusion (include_path='.;c:/openserver/modules/php/PHP-5.6;c:/openserver/modules/php/PHP-5.6/PEAR/pear') in C:\OpenServer\domains\open.edu\index.php on 38
[08-07-2016 16:57:32] - 8 - Undefined index: $id in C:\OpenServer\domains\open.edu\index.php on 52
[08-07-2016 16:57:32] - 2 - include(about.php): failed to open stream: No such file or directory in C:\OpenServer\domains\open.edu\index.php on 38
[08-07-2016 16:57:32] - 2 - include(): Failed opening 'about.php' for inclusion (include_path='.;c:/openserver/modules/php/PHP-5.6;c:/openserver/modules/php/PHP-5.6/PEAR/pear') in C:\OpenServer\domains\open.edu\index.php on 38
[08-07-2016 16:57:32] - 8 - Undefined index: $id in C:\OpenServer\domains\open.edu\index.php on 52
[08-07-2016 16:57:33] - 8 - Undefined index: $id in C:\OpenServer\domains\open.edu\index.php on 52
[08-07-2016 16:57:35] - 8 - Undefined index: $id in C:\OpenServer\domains\open.edu\index.php on 52
[08-07-2016 16:57:37] - 2 - include(about.php): failed to open stream: No such file or directory in C:\OpenServer\domains\open.edu\index.php on 38
[08-07-2016 16:57:37] - 2 - include(): Failed opening 'about.php' for inclusion (include_path='.;c:/openserver/modules/php/PHP-5.6;c:/openserver/modules/php/PHP-5.6/PEAR/pear') in C:\OpenServer\domains\open.edu\index.php on 38
[08-07-2016 16:57:37] - 8 - Undefined index: $id in C:\OpenServer\domains\open.edu\index.php on 52
[08-07-2016 16:57:38] - 8 - Undefined index: $id in C:\OpenServer\domains\open.edu\index.php on 52
[08-07-2016 16:57:39] - 8 - Undefined index: $id in C:\OpenServer\domains\open.edu\index.php on 52
[08-07-2016 16:57:39] - 8 - Undefined index: $id in C:\OpenServer\domains\open.edu\index.php on 52
[08-07-2016 16:57:40] - 8 - Undefined index: $id in C:\OpenServer\domains\open.edu\index.php on 52
[08-07-2016 16:57:40] - 8 - Undefined index: $id in C:\OpenServer\domains\open.edu\index.php on 52
[08-07-2016 16:57:40] - 8 - Undefined index: $id in C:\OpenServer\domains\open.edu\index.php on 52
[08-07-2016 16:57:40] - 8 - Undefined index: $id in C:\OpenServer\domains\open.edu\index.php on 52
[11-07-2016 11:32:47] - 8 - Undefined index: id in C:\OpenServer\domains\open.edu\index.php on 10
[11-07-2016 11:32:47] - 8 - Undefined index: $id in C:\OpenServer\domains\open.edu\index.php on 52
[11-07-2016 11:32:53] - 2 - include(about.php): failed to open stream: No such file or directory in C:\OpenServer\domains\open.edu\index.php on 38
[11-07-2016 11:32:53] - 2 - include(): Failed opening 'about.php' for inclusion (include_path='.;c:/openserver/modules/php/PHP-5.6;c:/openserver/modules/php/PHP-5.6/PEAR/pear') in C:\OpenServer\domains\open.edu\index.php on 38
[11-07-2016 11:32:53] - 8 - Undefined index: $id in C:\OpenServer\domains\open.edu\index.php on 52
[11-07-2016 11:32:58] - 8 - Undefined variable: cols in C:\OpenServer\domains\open.edu\table.php on 6
[11-07-2016 11:32:58] - 8 - Undefined variable: rows in C:\OpenServer\domains\open.edu\table.php on 7
[11-07-2016 11:32:58] - 8 - Undefined variable: color in C:\OpenServer\domains\open.edu\table.php on 8
[11-07-2016 11:32:58] - 8 - Undefined index: $id in C:\OpenServer\domains\open.edu\index.php on 52
[11-07-2016 11:33:13] - 8 - Undefined index: $id in C:\OpenServer\domains\open.edu\index.php on 52
[11-07-2016 11:33:22] - 8 - Undefined index: $id in C:\OpenServer\domains\open.edu\index.php on 52
[11-07-2016 11:33:29] - 8 - Undefined index: $id in C:\OpenServer\domains\open.edu\index.php on 52
[11-07-2016 11:33:34] - 8 - Undefined index: $id in C:\OpenServer\domains\open.edu\index.php on 52
[11-07-2016 11:33:48] - 8 - Undefined index: $id in C:\OpenServer\domains\open.edu\index.php on 52
[11-07-2016 11:33:57] - 8 - Undefined variable: cols in C:\OpenServer\domains\open.edu\table.php on 6
[11-07-2016 11:33:57] - 8 - Undefined variable: rows in C:\OpenServer\domains\open.edu\table.php on 7
[11-07-2016 11:33:57] - 8 - Undefined variable: color in C:\OpenServer\domains\open.edu\table.php on 8
[11-07-2016 11:33:57] - 8 - Undefined index: $id in C:\OpenServer\domains\open.edu\index.php on 52
[11-07-2016 11:33:58] - 8 - Undefined variable: cols in C:\OpenServer\domains\open.edu\table.php on 6
[11-07-2016 11:33:58] - 8 - Undefined variable: rows in C:\OpenServer\domains\open.edu\table.php on 7
[11-07-2016 11:33:58] - 8 - Undefined variable: color in C:\OpenServer\domains\open.edu\table.php on 8
[11-07-2016 11:33:58] - 8 - Undefined index: $id in C:\OpenServer\domains\open.edu\index.php on 52
[11-07-2016 11:33:59] - 8 - Undefined variable: cols in C:\OpenServer\domains\open.edu\table.php on 6
[11-07-2016 11:33:59] - 8 - Undefined variable: rows in C:\OpenServer\domains\open.edu\table.php on 7
[11-07-2016 11:33:59] - 8 - Undefined variable: color in C:\OpenServer\domains\open.edu\table.php on 8
[11-07-2016 11:33:59] - 8 - Undefined index: $id in C:\OpenServer\domains\open.edu\index.php on 52
[11-07-2016 11:33:59] - 8 - Undefined variable: cols in C:\OpenServer\domains\open.edu\table.php on 6
[11-07-2016 11:33:59] - 8 - Undefined variable: rows in C:\OpenServer\domains\open.edu\table.php on 7
[11-07-2016 11:33:59] - 8 - Undefined variable: color in C:\OpenServer\domains\open.edu\table.php on 8
[11-07-2016 11:33:59] - 8 - Undefined index: $id in C:\OpenServer\domains\open.edu\index.php on 52
[11-07-2016 11:34:00] - 8 - Undefined variable: cols in C:\OpenServer\domains\open.edu\table.php on 6
[11-07-2016 11:34:00] - 8 - Undefined variable: rows in C:\OpenServer\domains\open.edu\table.php on 7
[11-07-2016 11:34:00] - 8 - Undefined variable: color in C:\OpenServer\domains\open.edu\table.php on 8
[11-07-2016 11:34:00] - 8 - Undefined index: $id in C:\OpenServer\domains\open.edu\index.php on 52
[11-07-2016 11:34:30] - 8 - Undefined variable: cols in C:\OpenServer\domains\open.edu\table.php on 6
[11-07-2016 11:34:30] - 8 - Undefined variable: rows in C:\OpenServer\domains\open.edu\table.php on 7
[11-07-2016 11:34:30] - 8 - Undefined variable: color in C:\OpenServer\domains\open.edu\table.php on 8
[11-07-2016 11:34:30] - 8 - Undefined index: id in C:\OpenServer\domains\open.edu\index.php on 52
[11-07-2016 11:34:35] - 8 - Undefined variable: cols in C:\OpenServer\domains\open.edu\table.php on 6
[11-07-2016 11:34:35] - 8 - Undefined variable: rows in C:\OpenServer\domains\open.edu\table.php on 7
[11-07-2016 11:34:35] - 8 - Undefined variable: color in C:\OpenServer\domains\open.edu\table.php on 8
[11-07-2016 11:34:35] - 8 - Undefined index: id in C:\OpenServer\domains\open.edu\index.php on 52
[11-07-2016 11:34:35] - 8 - Undefined variable: cols in C:\OpenServer\domains\open.edu\table.php on 6
[11-07-2016 11:34:35] - 8 - Undefined variable: rows in C:\OpenServer\domains\open.edu\table.php on 7
[11-07-2016 11:34:35] - 8 - Undefined variable: color in C:\OpenServer\domains\open.edu\table.php on 8
[11-07-2016 11:34:35] - 8 - Undefined index: id in C:\OpenServer\domains\open.edu\index.php on 52
[11-07-2016 11:34:56] - 8 - Undefined variable: cols in C:\OpenServer\domains\open.edu\table.php on 6
[11-07-2016 11:34:56] - 8 - Undefined variable: rows in C:\OpenServer\domains\open.edu\table.php on 7
[11-07-2016 11:34:56] - 8 - Undefined variable: color in C:\OpenServer\domains\open.edu\table.php on 8
[11-07-2016 11:34:59] - 2 - include(about.php): failed to open stream: No such file or directory in C:\OpenServer\domains\open.edu\index.php on 38
[11-07-2016 11:34:59] - 2 - include(): Failed opening 'about.php' for inclusion (include_path='.;c:/openserver/modules/php/PHP-5.6;c:/openserver/modules/php/PHP-5.6/PEAR/pear') in C:\OpenServer\domains\open.edu\index.php on 38
[11-07-2016 11:35:02] - 8 - Undefined variable: cols in C:\OpenServer\domains\open.edu\table.php on 6
[11-07-2016 11:35:02] - 8 - Undefined variable: rows in C:\OpenServer\domains\open.edu\table.php on 7
[11-07-2016 11:35:02] - 8 - Undefined variable: color in C:\OpenServer\domains\open.edu\table.php on 8
[11-07-2016 11:36:11] - 8 - Undefined variable: cols in C:\OpenServer\domains\open.edu\table.php on 6
[11-07-2016 11:36:11] - 8 - Undefined variable: rows in C:\OpenServer\domains\open.edu\table.php on 7
[11-07-2016 11:36:11] - 8 - Undefined variable: color in C:\OpenServer\domains\open.edu\table.php on 8
[11-07-2016 11:36:13] - 2 - include(about.php): failed to open stream: No such file or directory in C:\OpenServer\domains\open.edu\index.php on 38
[11-07-2016 11:36:13] - 2 - include(): Failed opening 'about.php' for inclusion (include_path='.;c:/openserver/modules/php/PHP-5.6;c:/openserver/modules/php/PHP-5.6/PEAR/pear') in C:\OpenServer\domains\open.edu\index.php on 38
[11-07-2016 11:38:30] - 8 - Undefined index: id in C:\OpenServer\domains\open.edu\index.php on 10
[11-07-2016 11:38:30] - 8 - Undefined index: id in C:\OpenServer\domains\open.edu\index.php on 56
[11-07-2016 11:40:45] - 8 - Undefined variable: cols in C:\OpenServer\domains\open.edu\table.php on 6
[11-07-2016 11:40:45] - 8 - Undefined variable: rows in C:\OpenServer\domains\open.edu\table.php on 7
[11-07-2016 11:40:45] - 8 - Undefined variable: color in C:\OpenServer\domains\open.edu\table.php on 8
[11-07-2016 11:52:04] - 8 - Use of undefined constant title - assumed 'title' in C:\OpenServer\domains\open.edu\calc.php on 1
[11-07-2016 11:52:04] - 8 - Use of undefined constant header - assumed 'header' in C:\OpenServer\domains\open.edu\calc.php on 2
[11-07-2016 11:52:04] - 8 - Use of undefined constant REQUEST_URI - assumed 'REQUEST_URI' in C:\OpenServer\domains\open.edu\calc.php on 3
[11-07-2016 11:52:47] - 8 - Use of undefined constant REQUEST_URI - assumed 'REQUEST_URI' in C:\OpenServer\domains\open.edu\calc.php on 3
[11-07-2016 11:53:48] - 8 - Use of undefined constant REQUEST_URI - assumed 'REQUEST_URI' in C:\OpenServer\domains\open.edu\calc.php on 3
[11-07-2016 11:54:16] - 8 - Use of undefined constant REQUEST_URI - assumed 'REQUEST_URI' in C:\OpenServer\domains\open.edu\calc.php on 3
[11-07-2016 11:54:39] - 8 - Use of undefined constant REQUEST_URI - assumed 'REQUEST_URI' in C:\OpenServer\domains\open.edu\calc.php on 3
[11-07-2016 11:54:59] - 8 - Use of undefined constant REQUEST_URI - assumed 'REQUEST_URI' in C:\OpenServer\domains\open.edu\calc.php on 3
[11-07-2016 11:56:37] - 8 - Use of undefined constant REQUEST_URI - assumed 'REQUEST_URI' in C:\OpenServer\domains\open.edu\calc.php on 3
[11-07-2016 11:57:27] - 8 - Use of undefined constant REQUEST_URI - assumed 'REQUEST_URI' in C:\OpenServer\domains\open.edu\calc.php on 5
[11-07-2016 11:58:19] - 8 - Use of undefined constant REQUEST_URI - assumed 'REQUEST_URI' in C:\OpenServer\domains\open.edu\calc.php on 5
[11-07-2016 11:58:28] - 8 - Use of undefined constant REQUEST_URI - assumed 'REQUEST_URI' in C:\OpenServer\domains\open.edu\calc.php on 5
[11-07-2016 11:59:18] - 8 - Use of undefined constant REQUEST_URI - assumed 'REQUEST_URI' in C:\OpenServer\domains\open.edu\calc.php on 5
[11-07-2016 11:59:47] - 8 - Use of undefined constant REQUEST_URI - assumed 'REQUEST_URI' in C:\OpenServer\domains\open.edu\calc.php on 5
[11-07-2016 12:00:07] - 8 - Use of undefined constant REQUEST_URI - assumed 'REQUEST_URI' in C:\OpenServer\domains\open.edu\calc.php on 5
[11-07-2016 12:00:19] - 8 - Use of undefined constant REQUEST_URI - assumed 'REQUEST_URI' in C:\OpenServer\domains\open.edu\calc.php on 5
[11-07-2016 12:08:14] - 8 - Use of undefined constant REQUEST_METHOD - assumed 'REQUEST_METHOD' in C:\OpenServer\domains\open.edu\calc.php on 2
[11-07-2016 12:08:14] - 8 - Use of undefined constant REQUEST_URI - assumed 'REQUEST_URI' in C:\OpenServer\domains\open.edu\calc.php on 11
[11-07-2016 12:08:24] - 8 - Use of undefined constant REQUEST_METHOD - assumed 'REQUEST_METHOD' in C:\OpenServer\domains\open.edu\calc.php on 2
[11-07-2016 12:08:24] - 8 - Use of undefined constant REQUEST_URI - assumed 'REQUEST_URI' in C:\OpenServer\domains\open.edu\calc.php on 11
[11-07-2016 12:10:17] - 8 - Use of undefined constant REQUEST_METHOD - assumed 'REQUEST_METHOD' in C:\OpenServer\domains\open.edu\calc.php on 2
[11-07-2016 12:10:17] - 8 - Use of undefined constant REQUEST_URI - assumed 'REQUEST_URI' in C:\OpenServer\domains\open.edu\calc.php on 16
[11-07-2016 12:13:57] - 8 - Use of undefined constant REQUEST_METHOD - assumed 'REQUEST_METHOD' in C:\OpenServer\domains\open.edu\calc.php on 2
[11-07-2016 12:13:57] - 8 - Use of undefined constant REQUEST_URI - assumed 'REQUEST_URI' in C:\OpenServer\domains\open.edu\calc.php on 16
[11-07-2016 12:14:04] - 8 - Use of undefined constant REQUEST_METHOD - assumed 'REQUEST_METHOD' in C:\OpenServer\domains\open.edu\calc.php on 2
[11-07-2016 12:14:04] - 8 - Use of undefined constant REQUEST_URI - assumed 'REQUEST_URI' in C:\OpenServer\domains\open.edu\calc.php on 16
[11-07-2016 12:14:18] - 8 - Use of undefined constant REQUEST_METHOD - assumed 'REQUEST_METHOD' in C:\OpenServer\domains\open.edu\calc.php on 2
[11-07-2016 12:14:18] - 8 - Use of undefined constant REQUEST_URI - assumed 'REQUEST_URI' in C:\OpenServer\domains\open.edu\calc.php on 16
[11-07-2016 12:14:31] - 8 - Use of undefined constant REQUEST_METHOD - assumed 'REQUEST_METHOD' in C:\OpenServer\domains\open.edu\calc.php on 2
[11-07-2016 12:14:31] - 8 - Use of undefined constant REQUEST_URI - assumed 'REQUEST_URI' in C:\OpenServer\domains\open.edu\calc.php on 16
[11-07-2016 12:14:31] - 2 - Division by zero in C:\OpenServer\domains\open.edu\calc.php on 35
[11-07-2016 12:14:41] - 8 - Use of undefined constant REQUEST_METHOD - assumed 'REQUEST_METHOD' in C:\OpenServer\domains\open.edu\calc.php on 2
[11-07-2016 12:14:41] - 8 - Use of undefined constant REQUEST_URI - assumed 'REQUEST_URI' in C:\OpenServer\domains\open.edu\calc.php on 16
[11-07-2016 12:14:49] - 8 - Use of undefined constant REQUEST_METHOD - assumed 'REQUEST_METHOD' in C:\OpenServer\domains\open.edu\calc.php on 2
[11-07-2016 12:14:49] - 8 - Use of undefined constant REQUEST_URI - assumed 'REQUEST_URI' in C:\OpenServer\domains\open.edu\calc.php on 16
[11-07-2016 12:14:58] - 8 - Use of undefined constant REQUEST_METHOD - assumed 'REQUEST_METHOD' in C:\OpenServer\domains\open.edu\calc.php on 2
[11-07-2016 12:14:58] - 8 - Use of undefined constant REQUEST_URI - assumed 'REQUEST_URI' in C:\OpenServer\domains\open.edu\calc.php on 16
[11-07-2016 12:15:00] - 8 - Use of undefined constant REQUEST_METHOD - assumed 'REQUEST_METHOD' in C:\OpenServer\domains\open.edu\calc.php on 2
[11-07-2016 12:15:00] - 8 - Use of undefined constant REQUEST_URI - assumed 'REQUEST_URI' in C:\OpenServer\domains\open.edu\calc.php on 16
[11-07-2016 12:16:39] - 8 - Use of undefined constant REQUEST_METHOD - assumed 'REQUEST_METHOD' in C:\OpenServer\domains\open.edu\calc.php on 2
[11-07-2016 12:16:39] - 8 - Use of undefined constant REQUEST_URI - assumed 'REQUEST_URI' in C:\OpenServer\domains\open.edu\calc.php on 16
[11-07-2016 12:16:44] - 8 - Use of undefined constant REQUEST_METHOD - assumed 'REQUEST_METHOD' in C:\OpenServer\domains\open.edu\calc.php on 2
[11-07-2016 12:16:45] - 8 - Use of undefined constant REQUEST_URI - assumed 'REQUEST_URI' in C:\OpenServer\domains\open.edu\calc.php on 16
[11-07-2016 12:17:17] - 8 - Use of undefined constant REQUEST_METHOD - assumed 'REQUEST_METHOD' in C:\OpenServer\domains\open.edu\calc.php on 2
[11-07-2016 12:17:17] - 8 - Use of undefined constant REQUEST_URI - assumed 'REQUEST_URI' in C:\OpenServer\domains\open.edu\calc.php on 16
[11-07-2016 12:17:41] - 8 - Use of undefined constant REQUEST_METHOD - assumed 'REQUEST_METHOD' in C:\OpenServer\domains\open.edu\calc.php on 2
[11-07-2016 12:17:41] - 8 - Use of undefined constant REQUEST_URI - assumed 'REQUEST_URI' in C:\OpenServer\domains\open.edu\calc.php on 16
[11-07-2016 12:22:22] - 8 - Use of undefined constant REQUEST_METHOD - assumed 'REQUEST_METHOD' in C:\OpenServer\domains\open.edu\calc.php on 2
[11-07-2016 12:22:22] - 8 - Use of undefined constant REQUEST_URI - assumed 'REQUEST_URI' in C:\OpenServer\domains\open.edu\calc.php on 16
[11-07-2016 12:22:30] - 8 - Use of undefined constant REQUEST_METHOD - assumed 'REQUEST_METHOD' in C:\OpenServer\domains\open.edu\calc.php on 2
[11-07-2016 12:22:30] - 8 - Use of undefined constant REQUEST_URI - assumed 'REQUEST_URI' in C:\OpenServer\domains\open.edu\calc.php on 16
[11-07-2016 12:22:38] - 8 - Use of undefined constant REQUEST_METHOD - assumed 'REQUEST_METHOD' in C:\OpenServer\domains\open.edu\calc.php on 2
[11-07-2016 12:22:38] - 8 - Use of undefined constant REQUEST_URI - assumed 'REQUEST_URI' in C:\OpenServer\domains\open.edu\calc.php on 16
[11-07-2016 12:24:12] - 8 - Use of undefined constant REQUEST_METHOD - assumed 'REQUEST_METHOD' in C:\OpenServer\domains\open.edu\calc.php on 2
[11-07-2016 12:24:12] - 8 - Use of undefined constant REQUEST_URI - assumed 'REQUEST_URI' in C:\OpenServer\domains\open.edu\calc.php on 16
[11-07-2016 12:24:20] - 8 - Use of undefined constant REQUEST_METHOD - assumed 'REQUEST_METHOD' in C:\OpenServer\domains\open.edu\calc.php on 2
[11-07-2016 12:24:20] - 8 - Use of undefined constant REQUEST_URI - assumed 'REQUEST_URI' in C:\OpenServer\domains\open.edu\calc.php on 16
[11-07-2016 12:24:20] - 2 - Division by zero in C:\OpenServer\domains\open.edu\calc.php on 35
[11-07-2016 12:24:28] - 8 - Use of undefined constant REQUEST_METHOD - assumed 'REQUEST_METHOD' in C:\OpenServer\domains\open.edu\calc.php on 2
[11-07-2016 12:24:28] - 8 - Use of undefined constant REQUEST_URI - assumed 'REQUEST_URI' in C:\OpenServer\domains\open.edu\calc.php on 16
[11-07-2016 12:24:28] - 8 - Undefined variable: op in C:\OpenServer\domains\open.edu\calc.php on 32
[11-07-2016 12:24:28] - 8 - Undefined variable: op in C:\OpenServer\domains\open.edu\calc.php on 34
[11-07-2016 12:24:28] - 8 - Undefined variable: op in C:\OpenServer\domains\open.edu\calc.php on 37
[11-07-2016 12:24:28] - 8 - Undefined variable: op in C:\OpenServer\domains\open.edu\calc.php on 39
[11-07-2016 12:24:30] - 8 - Undefined variable: cols in C:\OpenServer\domains\open.edu\table.php on 6
[11-07-2016 12:24:30] - 8 - Undefined variable: rows in C:\OpenServer\domains\open.edu\table.php on 7
[11-07-2016 12:24:30] - 8 - Undefined variable: color in C:\OpenServer\domains\open.edu\table.php on 8
[11-07-2016 12:24:33] - 8 - Undefined variable: cols in C:\OpenServer\domains\open.edu\table.php on 6
[11-07-2016 12:24:33] - 8 - Undefined variable: rows in C:\OpenServer\domains\open.edu\table.php on 7
[11-07-2016 12:24:33] - 8 - Undefined variable: color in C:\OpenServer\domains\open.edu\table.php on 8
[11-07-2016 12:24:33] - 8 - Use of undefined constant REQUEST_METHOD - assumed 'REQUEST_METHOD' in C:\OpenServer\domains\open.edu\calc.php on 2
[11-07-2016 12:24:33] - 8 - Use of undefined constant REQUEST_URI - assumed 'REQUEST_URI' in C:\OpenServer\domains\open.edu\calc.php on 16
[11-07-2016 12:24:33] - 8 - Undefined variable: op in C:\OpenServer\domains\open.edu\calc.php on 32
[11-07-2016 12:24:33] - 8 - Undefined variable: op in C:\OpenServer\domains\open.edu\calc.php on 34
[11-07-2016 12:24:33] - 8 - Undefined variable: op in C:\OpenServer\domains\open.edu\calc.php on 37
[11-07-2016 12:24:33] - 8 - Undefined variable: op in C:\OpenServer\domains\open.edu\calc.php on 39
[11-07-2016 12:24:36] - 8 - Undefined variable: cols in C:\OpenServer\domains\open.edu\table.php on 6
[11-07-2016 12:24:36] - 8 - Undefined variable: rows in C:\OpenServer\domains\open.edu\table.php on 7
[11-07-2016 12:24:36] - 8 - Undefined variable: color in C:\OpenServer\domains\open.edu\table.php on 8
[11-07-2016 12:24:42] - 8 - Use of undefined constant REQUEST_METHOD - assumed 'REQUEST_METHOD' in C:\OpenServer\domains\open.edu\calc.php on 2
[11-07-2016 12:24:42] - 8 - Use of undefined constant REQUEST_URI - assumed 'REQUEST_URI' in C:\OpenServer\domains\open.edu\calc.php on 16
[11-07-2016 12:24:42] - 8 - Undefined variable: op in C:\OpenServer\domains\open.edu\calc.php on 32
[11-07-2016 12:24:42] - 8 - Undefined variable: op in C:\OpenServer\domains\open.edu\calc.php on 34
[11-07-2016 12:24:42] - 8 - Undefined variable: op in C:\OpenServer\domains\open.edu\calc.php on 37
[11-07-2016 12:24:42] - 8 - Undefined variable: op in C:\OpenServer\domains\open.edu\calc.php on 39
[11-07-2016 12:24:44] - 8 - Undefined variable: cols in C:\OpenServer\domains\open.edu\table.php on 6
[11-07-2016 12:24:44] - 8 - Undefined variable: rows in C:\OpenServer\domains\open.edu\table.php on 7
[11-07-2016 12:24:44] - 8 - Undefined variable: color in C:\OpenServer\domains\open.edu\table.php on 8
[11-07-2016 12:24:47] - 8 - Use of undefined constant REQUEST_METHOD - assumed 'REQUEST_METHOD' in C:\OpenServer\domains\open.edu\calc.php on 2
[11-07-2016 12:24:47] - 8 - Use of undefined constant REQUEST_URI - assumed 'REQUEST_URI' in C:\OpenServer\domains\open.edu\calc.php on 16
[11-07-2016 12:24:47] - 8 - Undefined variable: op in C:\OpenServer\domains\open.edu\calc.php on 32
[11-07-2016 12:24:47] - 8 - Undefined variable: op in C:\OpenServer\domains\open.edu\calc.php on 34
[11-07-2016 12:24:47] - 8 - Undefined variable: op in C:\OpenServer\domains\open.edu\calc.php on 37
[11-07-2016 12:24:47] - 8 - Undefined variable: op in C:\OpenServer\domains\open.edu\calc.php on 39
[11-07-2016 12:24:48] - 8 - Undefined variable: cols in C:\OpenServer\domains\open.edu\table.php on 6
[11-07-2016 12:24:48] - 8 - Undefined variable: rows in C:\OpenServer\domains\open.edu\table.php on 7
[11-07-2016 12:24:48] - 8 - Undefined variable: color in C:\OpenServer\domains\open.edu\table.php on 8
[11-07-2016 12:27:59] - 8 - Undefined variable: cols in C:\OpenServer\domains\open.edu\table.php on 6
[11-07-2016 12:27:59] - 8 - Undefined variable: rows in C:\OpenServer\domains\open.edu\table.php on 7
[11-07-2016 12:27:59] - 8 - Undefined variable: color in C:\OpenServer\domains\open.edu\table.php on 8
[11-07-2016 12:28:01] - 8 - Use of undefined constant REQUEST_METHOD - assumed 'REQUEST_METHOD' in C:\OpenServer\domains\open.edu\calc.php on 2
[11-07-2016 12:28:01] - 8 - Use of undefined constant REQUEST_URI - assumed 'REQUEST_URI' in C:\OpenServer\domains\open.edu\calc.php on 16
[11-07-2016 12:28:01] - 8 - Undefined variable: op in C:\OpenServer\domains\open.edu\calc.php on 32
[11-07-2016 12:28:01] - 8 - Undefined variable: op in C:\OpenServer\domains\open.edu\calc.php on 34
[11-07-2016 12:28:01] - 8 - Undefined variable: op in C:\OpenServer\domains\open.edu\calc.php on 37
[11-07-2016 12:28:01] - 8 - Undefined variable: op in C:\OpenServer\domains\open.edu\calc.php on 39
[11-07-2016 12:28:01] - 8 - Use of undefined constant REQUEST_URI - assumed 'REQUEST_URI' in C:\OpenServer\domains\open.edu\calc.php on 44
[11-07-2016 12:28:23] - 8 - Use of undefined constant REQUEST_METHOD - assumed 'REQUEST_METHOD' in C:\OpenServer\domains\open.edu\calc.php on 2
[11-07-2016 12:28:23] - 8 - Use of undefined constant REQUEST_URI - assumed 'REQUEST_URI' in C:\OpenServer\domains\open.edu\calc.php on 16
[11-07-2016 12:28:23] - 8 - Use of undefined constant REQUEST_URI - assumed 'REQUEST_URI' in C:\OpenServer\domains\open.edu\calc.php on 44
[11-07-2016 12:29:34] - 8 - Use of undefined constant REQUEST_METHOD - assumed 'REQUEST_METHOD' in C:\OpenServer\domains\open.edu\calc.php on 2
[11-07-2016 12:29:34] - 8 - Use of undefined constant REQUEST_URI - assumed 'REQUEST_URI' in C:\OpenServer\domains\open.edu\calc.php on 16
[11-07-2016 12:30:53] - 8 - Use of undefined constant REQUEST_METHOD - assumed 'REQUEST_METHOD' in C:\OpenServer\domains\open.edu\calc.php on 2
[11-07-2016 12:30:53] - 8 - Use of undefined constant QUERY_STRING - assumed 'QUERY_STRING' in C:\OpenServer\domains\open.edu\calc.php on 16
[11-07-2016 12:31:50] - 8 - Undefined index: id in C:\OpenServer\domains\open.edu\index.php on 10
[11-07-2016 12:31:50] - 8 - Undefined index: id in C:\OpenServer\domains\open.edu\index.php on 60
[11-07-2016 12:31:52] - 8 - Use of undefined constant REQUEST_METHOD - assumed 'REQUEST_METHOD' in C:\OpenServer\domains\open.edu\calc.php on 2
[11-07-2016 12:31:52] - 8 - Use of undefined constant REQUEST_URI - assumed 'REQUEST_URI' in C:\OpenServer\domains\open.edu\calc.php on 16
[11-07-2016 12:31:52] - 8 - Undefined variable: op in C:\OpenServer\domains\open.edu\calc.php on 32
[11-07-2016 12:31:52] - 8 - Undefined variable: op in C:\OpenServer\domains\open.edu\calc.php on 34
[11-07-2016 12:31:52] - 8 - Undefined variable: op in C:\OpenServer\domains\open.edu\calc.php on 37
[11-07-2016 12:31:52] - 8 - Undefined variable: op in C:\OpenServer\domains\open.edu\calc.php on 39
[11-07-2016 12:31:56] - 8 - Undefined variable: cols in C:\OpenServer\domains\open.edu\table.php on 6
[11-07-2016 12:31:56] - 8 - Undefined variable: rows in C:\OpenServer\domains\open.edu\table.php on 7
[11-07-2016 12:31:56] - 8 - Undefined variable: color in C:\OpenServer\domains\open.edu\table.php on 8
[11-07-2016 12:31:59] - 8 - Use of undefined constant REQUEST_METHOD - assumed 'REQUEST_METHOD' in C:\OpenServer\domains\open.edu\calc.php on 2
[11-07-2016 12:31:59] - 8 - Use of undefined constant REQUEST_URI - assumed 'REQUEST_URI' in C:\OpenServer\domains\open.edu\calc.php on 16
[11-07-2016 12:31:59] - 8 - Undefined variable: op in C:\OpenServer\domains\open.edu\calc.php on 32
[11-07-2016 12:31:59] - 8 - Undefined variable: op in C:\OpenServer\domains\open.edu\calc.php on 34
[11-07-2016 12:31:59] - 8 - Undefined variable: op in C:\OpenServer\domains\open.edu\calc.php on 37
[11-07-2016 12:31:59] - 8 - Undefined variable: op in C:\OpenServer\domains\open.edu\calc.php on 39
[11-07-2016 12:32:00] - 8 - Undefined variable: cols in C:\OpenServer\domains\open.edu\table.php on 6
[11-07-2016 12:32:00] - 8 - Undefined variable: rows in C:\OpenServer\domains\open.edu\table.php on 7
[11-07-2016 12:32:00] - 8 - Undefined variable: color in C:\OpenServer\domains\open.edu\table.php on 8
[11-07-2016 12:32:02] - 8 - Use of undefined constant REQUEST_METHOD - assumed 'REQUEST_METHOD' in C:\OpenServer\domains\open.edu\calc.php on 2
[11-07-2016 12:32:02] - 8 - Use of undefined constant REQUEST_URI - assumed 'REQUEST_URI' in C:\OpenServer\domains\open.edu\calc.php on 16
[11-07-2016 12:32:02] - 8 - Undefined variable: op in C:\OpenServer\domains\open.edu\calc.php on 32
[11-07-2016 12:32:02] - 8 - Undefined variable: op in C:\OpenServer\domains\open.edu\calc.php on 34
[11-07-2016 12:32:02] - 8 - Undefined variable: op in C:\OpenServer\domains\open.edu\calc.php on 37
[11-07-2016 12:32:02] - 8 - Undefined variable: op in C:\OpenServer\domains\open.edu\calc.php on 39
[11-07-2016 12:32:16] - 8 - Use of undefined constant REQUEST_METHOD - assumed 'REQUEST_METHOD' in C:\OpenServer\domains\open.edu\calc.php on 2
[11-07-2016 12:32:16] - 8 - Use of undefined constant REQUEST_URI - assumed 'REQUEST_URI' in C:\OpenServer\domains\open.edu\calc.php on 16
[11-07-2016 12:32:16] - 8 - Undefined variable: op in C:\OpenServer\domains\open.edu\calc.php on 32
[11-07-2016 12:32:16] - 8 - Undefined variable: op in C:\OpenServer\domains\open.edu\calc.php on 34
[11-07-2016 12:32:16] - 8 - Undefined variable: op in C:\OpenServer\domains\open.edu\calc.php on 37
[11-07-2016 12:32:16] - 8 - Undefined variable: op in C:\OpenServer\domains\open.edu\calc.php on 39
[11-07-2016 12:32:26] - 8 - Use of undefined constant REQUEST_METHOD - assumed 'REQUEST_METHOD' in C:\OpenServer\domains\open.edu\calc.php on 2
[11-07-2016 12:32:26] - 8 - Use of undefined constant REQUEST_URI - assumed 'REQUEST_URI' in C:\OpenServer\domains\open.edu\calc.php on 16
[11-07-2016 12:32:36] - 8 - Use of undefined constant REQUEST_METHOD - assumed 'REQUEST_METHOD' in C:\OpenServer\domains\open.edu\calc.php on 2
[11-07-2016 12:32:36] - 8 - Use of undefined constant REQUEST_URI - assumed 'REQUEST_URI' in C:\OpenServer\domains\open.edu\calc.php on 16
[11-07-2016 12:32:36] - 8 - Undefined variable: op in C:\OpenServer\domains\open.edu\calc.php on 32
[11-07-2016 12:32:36] - 8 - Undefined variable: op in C:\OpenServer\domains\open.edu\calc.php on 34
[11-07-2016 12:32:36] - 8 - Undefined variable: op in C:\OpenServer\domains\open.edu\calc.php on 37
[11-07-2016 12:32:36] - 8 - Undefined variable: op in C:\OpenServer\domains\open.edu\calc.php on 39
[11-07-2016 12:32:37] - 8 - Undefined variable: cols in C:\OpenServer\domains\open.edu\table.php on 6
[11-07-2016 12:32:37] - 8 - Undefined variable: rows in C:\OpenServer\domains\open.edu\table.php on 7
[11-07-2016 12:32:37] - 8 - Undefined variable: color in C:\OpenServer\domains\open.edu\table.php on 8
[11-07-2016 12:32:38] - 8 - Use of undefined constant REQUEST_METHOD - assumed 'REQUEST_METHOD' in C:\OpenServer\domains\open.edu\calc.php on 2
[11-07-2016 12:32:38] - 8 - Use of undefined constant REQUEST_URI - assumed 'REQUEST_URI' in C:\OpenServer\domains\open.edu\calc.php on 16
[11-07-2016 12:32:38] - 8 - Undefined variable: op in C:\OpenServer\domains\open.edu\calc.php on 32
[11-07-2016 12:32:38] - 8 - Undefined variable: op in C:\OpenServer\domains\open.edu\calc.php on 34
[11-07-2016 12:32:38] - 8 - Undefined variable: op in C:\OpenServer\domains\open.edu\calc.php on 37
[11-07-2016 12:32:38] - 8 - Undefined variable: op in C:\OpenServer\domains\open.edu\calc.php on 39
[11-07-2016 12:32:41] - 8 - Use of undefined constant REQUEST_METHOD - assumed 'REQUEST_METHOD' in C:\OpenServer\domains\open.edu\calc.php on 2
[11-07-2016 12:32:41] - 8 - Use of undefined constant REQUEST_URI - assumed 'REQUEST_URI' in C:\OpenServer\domains\open.edu\calc.php on 16
[11-07-2016 12:32:41] - 8 - Undefined variable: op in C:\OpenServer\domains\open.edu\calc.php on 32
[11-07-2016 12:32:41] - 8 - Undefined variable: op in C:\OpenServer\domains\open.edu\calc.php on 34
[11-07-2016 12:32:41] - 8 - Undefined variable: op in C:\OpenServer\domains\open.edu\calc.php on 37
[11-07-2016 12:32:41] - 8 - Undefined variable: op in C:\OpenServer\domains\open.edu\calc.php on 39
[11-07-2016 12:32:41] - 8 - Undefined variable: cols in C:\OpenServer\domains\open.edu\table.php on 6
[11-07-2016 12:32:41] - 8 - Undefined variable: rows in C:\OpenServer\domains\open.edu\table.php on 7
[11-07-2016 12:32:41] - 8 - Undefined variable: color in C:\OpenServer\domains\open.edu\table.php on 8
[10-01-2017 12:05:32] - 8 - Undefined index: id in C:\OpenServer\domains\open.edu\index.php on 10
[10-01-2017 12:05:32] - 8 - Undefined index: id in C:\OpenServer\domains\open.edu\index.php on 60
[10-01-2017 12:05:44] - 8 - Undefined variable: cols in C:\OpenServer\domains\open.edu\table.php on 6
[10-01-2017 12:05:44] - 8 - Undefined variable: rows in C:\OpenServer\domains\open.edu\table.php on 7
[10-01-2017 12:05:44] - 8 - Undefined variable: color in C:\OpenServer\domains\open.edu\table.php on 8
[15-05-2017 11:07:40] - 8 - Undefined index: id in C:\OpenServer\domains\open.edu\index.php on 10
[15-05-2017 11:07:40] - 8 - Undefined index: id in C:\OpenServer\domains\open.edu\index.php on 60
[15-05-2017 11:08:05] - 8 - Undefined variable: cols in C:\OpenServer\domains\open.edu\table.php on 6
[15-05-2017 11:08:05] - 8 - Undefined variable: rows in C:\OpenServer\domains\open.edu\table.php on 7
[15-05-2017 11:08:05] - 8 - Undefined variable: color in C:\OpenServer\domains\open.edu\table.php on 8
[15-05-2017 11:08:08] - 8 - Use of undefined constant REQUEST_METHOD - assumed 'REQUEST_METHOD' in C:\OpenServer\domains\open.edu\calc.php on 2
[15-05-2017 11:08:08] - 8 - Undefined variable: op in C:\OpenServer\domains\open.edu\calc.php on 33
[15-05-2017 11:08:08] - 8 - Undefined variable: op in C:\OpenServer\domains\open.edu\calc.php on 35
[15-05-2017 11:08:08] - 8 - Undefined variable: op in C:\OpenServer\domains\open.edu\calc.php on 38
[15-05-2017 11:08:08] - 8 - Undefined variable: op in C:\OpenServer\domains\open.edu\calc.php on 40
[15-05-2017 11:08:14] - 8 - Undefined variable: cols in C:\OpenServer\domains\open.edu\table.php on 6
[15-05-2017 11:08:14] - 8 - Undefined variable: rows in C:\OpenServer\domains\open.edu\table.php on 7
[15-05-2017 11:08:14] - 8 - Undefined variable: color in C:\OpenServer\domains\open.edu\table.php on 8
[15-05-2017 11:08:15] - 8 - Use of undefined constant REQUEST_METHOD - assumed 'REQUEST_METHOD' in C:\OpenServer\domains\open.edu\calc.php on 2
[15-05-2017 11:08:15] - 8 - Undefined variable: op in C:\OpenServer\domains\open.edu\calc.php on 33
[15-05-2017 11:08:15] - 8 - Undefined variable: op in C:\OpenServer\domains\open.edu\calc.php on 35
[15-05-2017 11:08:15] - 8 - Undefined variable: op in C:\OpenServer\domains\open.edu\calc.php on 38
[15-05-2017 11:08:15] - 8 - Undefined variable: op in C:\OpenServer\domains\open.edu\calc.php on 40
[15-05-2017 11:08:17] - 8 - Undefined variable: cols in C:\OpenServer\domains\open.edu\table.php on 6
[15-05-2017 11:08:17] - 8 - Undefined variable: rows in C:\OpenServer\domains\open.edu\table.php on 7
[15-05-2017 11:08:17] - 8 - Undefined variable: color in C:\OpenServer\domains\open.edu\table.php on 8
[15-05-2017 11:08:24] - 8 - Use of undefined constant REQUEST_METHOD - assumed 'REQUEST_METHOD' in C:\OpenServer\domains\open.edu\calc.php on 2
[15-05-2017 11:08:24] - 8 - Undefined variable: op in C:\OpenServer\domains\open.edu\calc.php on 33
[15-05-2017 11:08:24] - 8 - Undefined variable: op in C:\OpenServer\domains\open.edu\calc.php on 35
[15-05-2017 11:08:24] - 8 - Undefined variable: op in C:\OpenServer\domains\open.edu\calc.php on 38
[15-05-2017 11:08:24] - 8 - Undefined variable: op in C:\OpenServer\domains\open.edu\calc.php on 40
[15-05-2017 11:14:35] - 8 - Use of undefined constant REQUEST_METHOD - assumed 'REQUEST_METHOD' in C:\OpenServer\domains\open.edu\calc.php on 2
[15-05-2017 11:14:35] - 8 - Undefined variable: op in C:\OpenServer\domains\open.edu\calc.php on 33
[15-05-2017 11:14:35] - 8 - Undefined variable: op in C:\OpenServer\domains\open.edu\calc.php on 35
[15-05-2017 11:14:35] - 8 - Undefined variable: op in C:\OpenServer\domains\open.edu\calc.php on 38
[15-05-2017 11:14:35] - 8 - Undefined variable: op in C:\OpenServer\domains\open.edu\calc.php on 40
[15-05-2017 11:22:44] - 8 - Undefined index: id in C:\OpenServer\domains\open.edu\index.php on 11
[15-05-2017 11:22:44] - 8 - Undefined index: id in C:\OpenServer\domains\open.edu\index.php on 61
[15-05-2017 12:43:53] - 8 - Undefined index: id in C:\OpenServer\domains\open.edu\index.php on 11
[15-05-2017 12:43:53] - 8 - Undefined index: id in C:\OpenServer\domains\open.edu\index.php on 61
[15-05-2017 12:44:12] - 8 - Undefined index: id in C:\OpenServer\domains\open.edu\index.php on 11
[15-05-2017 12:44:12] - 8 - Undefined index: id in C:\OpenServer\domains\open.edu\index.php on 61
[15-05-2017 12:44:21] - 8 - Undefined index: id in C:\OpenServer\domains\open.edu\index.php on 11
[15-05-2017 12:44:21] - 8 - Undefined index: id in C:\OpenServer\domains\open.edu\index.php on 61
[15-05-2017 12:47:58] - 8 - Undefined index: id in C:\OpenServer\domains\open.edu\index.php on 11
[15-05-2017 12:47:58] - 8 - Undefined index: id in C:\OpenServer\domains\open.edu\index.php on 61
[15-05-2017 12:48:40] - 8 - Undefined index: id in C:\OpenServer\domains\open.edu\index.php on 11
[15-05-2017 12:48:40] - 8 - Undefined index: id in C:\OpenServer\domains\open.edu\index.php on 61
[15-05-2017 12:48:55] - 8 - Undefined index: id in C:\OpenServer\domains\open.edu\index.php on 11
[15-05-2017 12:48:55] - 8 - Undefined index: id in C:\OpenServer\domains\open.edu\index.php on 61
[16-05-2017 11:43:16] - 8 - Undefined index: id in C:\OpenServer\domains\open.edu\index.php on 11
[16-05-2017 11:43:16] - 8 - Undefined index: id in C:\OpenServer\domains\open.edu\index.php on 61
[16-05-2017 11:49:41] - 8 - Undefined index: id in C:\OpenServer\domains\open.edu\index.php on 14
[16-05-2017 11:49:41] - 8 - Undefined index: id in C:\OpenServer\domains\open.edu\index.php on 64
[16-05-2017 11:49:58] - 8 - Undefined index: id in C:\OpenServer\domains\open.edu\index.php on 14
[16-05-2017 11:49:58] - 8 - Undefined index: id in C:\OpenServer\domains\open.edu\index.php on 64
[16-05-2017 11:50:19] - 8 - Undefined index: id in C:\OpenServer\domains\open.edu\index.php on 14
[16-05-2017 11:50:19] - 8 - Undefined index: id in C:\OpenServer\domains\open.edu\index.php on 64
[16-05-2017 12:12:37] - 8 - Use of undefined constant REQUEST_METHOD - assumed 'REQUEST_METHOD' in C:\OpenServer\domains\open.edu\calc.php on 2
[16-05-2017 12:12:37] - 8 - Undefined variable: op in C:\OpenServer\domains\open.edu\calc.php on 33
[16-05-2017 12:12:37] - 8 - Undefined variable: op in C:\OpenServer\domains\open.edu\calc.php on 35
[16-05-2017 12:12:37] - 8 - Undefined variable: op in C:\OpenServer\domains\open.edu\calc.php on 38
[16-05-2017 12:12:37] - 8 - Undefined variable: op in C:\OpenServer\domains\open.edu\calc.php on 40
[16-05-2017 12:14:06] - 8 - Undefined variable: cols in C:\OpenServer\domains\open.edu\table.php on 6
[16-05-2017 12:14:06] - 8 - Undefined variable: rows in C:\OpenServer\domains\open.edu\table.php on 7
[16-05-2017 12:14:06] - 8 - Undefined variable: color in C:\OpenServer\domains\open.edu\table.php on 8
[16-05-2017 12:14:23] - 8 - Use of undefined constant REQUEST_METHOD - assumed 'REQUEST_METHOD' in C:\OpenServer\domains\open.edu\calc.php on 2
[16-05-2017 12:14:23] - 8 - Undefined variable: op in C:\OpenServer\domains\open.edu\calc.php on 33
[16-05-2017 12:14:23] - 8 - Undefined variable: op in C:\OpenServer\domains\open.edu\calc.php on 35
[16-05-2017 12:14:23] - 8 - Undefined variable: op in C:\OpenServer\domains\open.edu\calc.php on 38
[16-05-2017 12:14:23] - 8 - Undefined variable: op in C:\OpenServer\domains\open.edu\calc.php on 40
[16-05-2017 12:14:56] - 8 - Use of undefined constant REQUEST_METHOD - assumed 'REQUEST_METHOD' in C:\OpenServer\domains\open.edu\calc.php on 2
[16-05-2017 12:14:56] - 8 - Undefined variable: op in C:\OpenServer\domains\open.edu\calc.php on 33
[16-05-2017 12:14:56] - 8 - Undefined variable: op in C:\OpenServer\domains\open.edu\calc.php on 35
[16-05-2017 12:14:56] - 8 - Undefined variable: op in C:\OpenServer\domains\open.edu\calc.php on 38
[16-05-2017 12:14:56] - 8 - Undefined variable: op in C:\OpenServer\domains\open.edu\calc.php on 40
[23-05-2017 16:26:05] - 8 - Undefined index: id in C:\OpenServer\domains\open.edu\index.php on 16
[23-05-2017 16:26:05] - 8 - Undefined index: id in C:\OpenServer\domains\open.edu\index.php on 66
[23-05-2017 16:26:18] - 8 - Undefined index: id in C:\OpenServer\domains\open.edu\index.php on 16
[23-05-2017 16:26:18] - 8 - Undefined index: id in C:\OpenServer\domains\open.edu\index.php on 66
[23-05-2017 16:26:32] - 8 - Undefined variable: cols in C:\OpenServer\domains\open.edu\table.php on 6
[23-05-2017 16:26:32] - 8 - Undefined variable: rows in C:\OpenServer\domains\open.edu\table.php on 7
[23-05-2017 16:26:32] - 8 - Undefined variable: color in C:\OpenServer\domains\open.edu\table.php on 8
[23-05-2017 16:26:40] - 8 - Use of undefined constant REQUEST_METHOD - assumed 'REQUEST_METHOD' in C:\OpenServer\domains\open.edu\calc.php on 2
[23-05-2017 16:26:40] - 8 - Undefined variable: op in C:\OpenServer\domains\open.edu\calc.php on 33
[23-05-2017 16:26:40] - 8 - Undefined variable: op in C:\OpenServer\domains\open.edu\calc.php on 35
[23-05-2017 16:26:40] - 8 - Undefined variable: op in C:\OpenServer\domains\open.edu\calc.php on 38
[23-05-2017 16:26:40] - 8 - Undefined variable: op in C:\OpenServer\domains\open.edu\calc.php on 40
[23-05-2017 16:33:39] - 8 - Use of undefined constant REQUEST_METHOD - assumed 'REQUEST_METHOD' in C:\OpenServer\domains\open.edu\calc.php on 2
[23-05-2017 16:33:39] - 8 - Undefined variable: op in C:\OpenServer\domains\open.edu\calc.php on 35
[23-05-2017 16:33:39] - 8 - Undefined variable: op in C:\OpenServer\domains\open.edu\calc.php on 37
[23-05-2017 16:33:39] - 8 - Undefined variable: op in C:\OpenServer\domains\open.edu\calc.php on 40
[23-05-2017 16:33:39] - 8 - Undefined variable: op in C:\OpenServer\domains\open.edu\calc.php on 42
[24-05-2017 10:01:02] - 8 - Use of undefined constant REQUEST_METHOD - assumed 'REQUEST_METHOD' in C:\OpenServer\domains\open.edu\calc.php on 2
[24-05-2017 10:01:02] - 8 - Undefined variable: op in C:\OpenServer\domains\open.edu\calc.php on 33
[24-05-2017 10:01:02] - 8 - Undefined variable: op in C:\OpenServer\domains\open.edu\calc.php on 35
[24-05-2017 10:01:02] - 8 - Undefined variable: op in C:\OpenServer\domains\open.edu\calc.php on 38
[24-05-2017 10:01:02] - 8 - Undefined variable: op in C:\OpenServer\domains\open.edu\calc.php on 40
[25-05-2017 12:40:04] - 8 - Undefined index: id in C:\OpenServer\domains\open.edu\index.php on 11
[25-05-2017 12:40:04] - 8 - Undefined index: id in C:\OpenServer\domains\open.edu\index.php on 61
[25-05-2017 12:40:33] - 8 - Undefined index: id in C:\OpenServer\domains\open.edu\index.php on 15
[25-05-2017 12:40:33] - 8 - Undefined index: id in C:\OpenServer\domains\open.edu\index.php on 65
[25-05-2017 12:41:17] - 8 - Undefined index: id in C:\OpenServer\domains\open.edu\index.php on 16
[25-05-2017 12:41:17] - 8 - Undefined index: id in C:\OpenServer\domains\open.edu\index.php on 66
[25-05-2017 12:41:20] - 8 - Undefined index: id in C:\OpenServer\domains\open.edu\index.php on 16
[25-05-2017 12:41:20] - 8 - Undefined index: id in C:\OpenServer\domains\open.edu\index.php on 66
[25-05-2017 12:41:46] - 8 - Undefined index: id in C:\OpenServer\domains\open.edu\index.php on 16
[25-05-2017 12:41:46] - 8 - Undefined index: id in C:\OpenServer\domains\open.edu\index.php on 66
[25-05-2017 12:42:30] - 8 - Undefined index: id in C:\OpenServer\domains\open.edu\index.php on 18
[25-05-2017 12:42:30] - 8 - Undefined index: id in C:\OpenServer\domains\open.edu\index.php on 68
[25-05-2017 12:42:34] - 8 - Undefined index: id in C:\OpenServer\domains\open.edu\index.php on 18
[25-05-2017 12:42:35] - 8 - Undefined index: id in C:\OpenServer\domains\open.edu\index.php on 68
[25-05-2017 12:42:38] - 8 - Undefined index: id in C:\OpenServer\domains\open.edu\index.php on 18
[25-05-2017 12:42:38] - 8 - Undefined index: id in C:\OpenServer\domains\open.edu\index.php on 68
[25-05-2017 12:44:11] - 8 - Undefined index: id in C:\OpenServer\domains\open.edu\index.php on 21
[25-05-2017 12:44:11] - 8 - Undefined index: id in C:\OpenServer\domains\open.edu\index.php on 71
[25-05-2017 12:44:14] - 8 - Undefined index: id in C:\OpenServer\domains\open.edu\index.php on 21
[25-05-2017 12:44:14] - 8 - Undefined index: id in C:\OpenServer\domains\open.edu\index.php on 71
[25-05-2017 12:44:22] - 8 - Undefined index: id in C:\OpenServer\domains\open.edu\index.php on 21
[25-05-2017 12:44:22] - 8 - Undefined index: id in C:\OpenServer\domains\open.edu\index.php on 71
[25-05-2017 12:44:26] - 8 - Undefined index: id in C:\OpenServer\domains\open.edu\index.php on 21
[25-05-2017 12:44:26] - 8 - Undefined index: id in C:\OpenServer\domains\open.edu\index.php on 71
[25-05-2017 12:44:40] - 8 - Undefined index: id in C:\OpenServer\domains\open.edu\index.php on 21
[25-05-2017 12:44:40] - 8 - Undefined index: id in C:\OpenServer\domains\open.edu\index.php on 71
[25-05-2017 12:44:43] - 8 - Undefined index: id in C:\OpenServer\domains\open.edu\index.php on 21
[25-05-2017 12:44:43] - 8 - Undefined index: id in C:\OpenServer\domains\open.edu\index.php on 71
[25-05-2017 12:44:45] - 8 - Undefined index: id in C:\OpenServer\domains\open.edu\index.php on 21
[25-05-2017 12:44:45] - 8 - Undefined index: id in C:\OpenServer\domains\open.edu\index.php on 71
[25-05-2017 12:44:57] - 8 - Undefined index: id in C:\OpenServer\domains\open.edu\index.php on 21
[25-05-2017 12:44:57] - 8 - Undefined index: id in C:\OpenServer\domains\open.edu\index.php on 71
[25-05-2017 12:46:40] - 8 - Undefined index: id in C:\OpenServer\domains\open.edu\index.php on 21
[25-05-2017 12:46:40] - 8 - Undefined index: id in C:\OpenServer\domains\open.edu\index.php on 71
[25-05-2017 12:46:44] - 8 - Undefined index: id in C:\OpenServer\domains\open.edu\index.php on 21
[25-05-2017 12:46:44] - 8 - Undefined index: id in C:\OpenServer\domains\open.edu\index.php on 71
[25-05-2017 12:46:46] - 8 - Undefined index: id in C:\OpenServer\domains\open.edu\index.php on 21
[25-05-2017 12:46:46] - 8 - Undefined index: id in C:\OpenServer\domains\open.edu\index.php on 71
[25-05-2017 12:46:47] - 8 - Undefined index: id in C:\OpenServer\domains\open.edu\index.php on 21
[25-05-2017 12:46:47] - 8 - Undefined index: id in C:\OpenServer\domains\open.edu\index.php on 71
[25-05-2017 12:46:48] - 8 - Undefined index: id in C:\OpenServer\domains\open.edu\index.php on 21
[25-05-2017 12:46:48] - 8 - Undefined index: id in C:\OpenServer\domains\open.edu\index.php on 71
[25-05-2017 12:46:56] - 8 - Undefined index: id in C:\OpenServer\domains\open.edu\index.php on 21
[25-05-2017 12:46:56] - 8 - Undefined index: id in C:\OpenServer\domains\open.edu\index.php on 71
[25-05-2017 12:50:22] - 8 - Undefined index: id in C:\OpenServer\domains\open.edu\index.php on 23
[25-05-2017 12:50:22] - 8 - Undefined index: id in C:\OpenServer\domains\open.edu\index.php on 73
[25-05-2017 12:50:25] - 8 - Undefined index: id in C:\OpenServer\domains\open.edu\index.php on 23
[25-05-2017 12:50:25] - 8 - Undefined index: id in C:\OpenServer\domains\open.edu\index.php on 73
[25-05-2017 12:50:33] - 8 - Undefined index: id in C:\OpenServer\domains\open.edu\index.php on 23
[25-05-2017 12:50:33] - 8 - Undefined index: id in C:\OpenServer\domains\open.edu\index.php on 73
[25-05-2017 12:50:36] - 8 - Undefined index: id in C:\OpenServer\domains\open.edu\index.php on 23
[25-05-2017 12:50:36] - 8 - Undefined index: id in C:\OpenServer\domains\open.edu\index.php on 73
[25-05-2017 12:52:20] - 8 - Undefined index: id in C:\OpenServer\domains\open.edu\index.php on 25
[25-05-2017 12:52:20] - 8 - Undefined index: id in C:\OpenServer\domains\open.edu\index.php on 75
[25-05-2017 12:52:23] - 8 - Undefined index: id in C:\OpenServer\domains\open.edu\index.php on 25
[25-05-2017 12:52:23] - 8 - Undefined index: id in C:\OpenServer\domains\open.edu\index.php on 75
[25-05-2017 12:52:31] - 8 - Undefined index: id in C:\OpenServer\domains\open.edu\index.php on 25
[25-05-2017 12:52:31] - 8 - Undefined index: id in C:\OpenServer\domains\open.edu\index.php on 75
[25-05-2017 12:53:08] - 8 - Undefined index: id in C:\OpenServer\domains\open.edu\index.php on 25
[25-05-2017 12:53:08] - 8 - Undefined index: id in C:\OpenServer\domains\open.edu\index.php on 75
[25-05-2017 12:53:18] - 8 - Undefined index: id in C:\OpenServer\domains\open.edu\index.php on 25
[25-05-2017 12:53:18] - 8 - Undefined index: id in C:\OpenServer\domains\open.edu\index.php on 75
[25-05-2017 12:53:20] - 8 - Undefined index: id in C:\OpenServer\domains\open.edu\index.php on 25
[25-05-2017 12:53:20] - 8 - Undefined index: id in C:\OpenServer\domains\open.edu\index.php on 75
[25-05-2017 12:53:20] - 8 - Undefined index: id in C:\OpenServer\domains\open.edu\index.php on 25
[25-05-2017 12:53:20] - 8 - Undefined index: id in C:\OpenServer\domains\open.edu\index.php on 75
[25-05-2017 12:53:24] - 8 - Undefined index: id in C:\OpenServer\domains\open.edu\index.php on 25
[25-05-2017 12:53:24] - 8 - Undefined index: id in C:\OpenServer\domains\open.edu\index.php on 75
[25-05-2017 12:53:26] - 8 - Undefined variable: cols in C:\OpenServer\domains\open.edu\table.php on 6
[25-05-2017 12:53:26] - 8 - Undefined variable: rows in C:\OpenServer\domains\open.edu\table.php on 7
[25-05-2017 12:53:26] - 8 - Undefined variable: color in C:\OpenServer\domains\open.edu\table.php on 8
[25-05-2017 12:53:28] - 8 - Use of undefined constant REQUEST_METHOD - assumed 'REQUEST_METHOD' in C:\OpenServer\domains\open.edu\calc.php on 2
[25-05-2017 12:53:28] - 8 - Undefined variable: op in C:\OpenServer\domains\open.edu\calc.php on 33
[25-05-2017 12:53:28] - 8 - Undefined variable: op in C:\OpenServer\domains\open.edu\calc.php on 35
[25-05-2017 12:53:28] - 8 - Undefined variable: op in C:\OpenServer\domains\open.edu\calc.php on 38
[25-05-2017 12:53:28] - 8 - Undefined variable: op in C:\OpenServer\domains\open.edu\calc.php on 40
[25-05-2017 12:53:34] - 8 - Undefined index: id in C:\OpenServer\domains\open.edu\index.php on 25
[25-05-2017 12:53:34] - 8 - Undefined index: id in C:\OpenServer\domains\open.edu\index.php on 75
[25-05-2017 12:53:41] - 8 - Undefined index: id in C:\OpenServer\domains\open.edu\index.php on 25
[25-05-2017 12:53:41] - 8 - Undefined index: id in C:\OpenServer\domains\open.edu\index.php on 75
[25-05-2017 12:59:04] - 8 - Undefined index: id in C:\OpenServer\domains\open.edu\index.php on 32
[25-05-2017 12:59:04] - 8 - Undefined index: id in C:\OpenServer\domains\open.edu\index.php on 82
[25-05-2017 12:59:34] - 8 - Undefined index: id in C:\OpenServer\domains\open.edu\index.php on 30
[25-05-2017 12:59:34] - 8 - Undefined index: id in C:\OpenServer\domains\open.edu\index.php on 80
[25-05-2017 13:00:06] - 8 - Undefined index: id in C:\OpenServer\domains\open.edu\index.php on 30
[25-05-2017 13:00:06] - 8 - Undefined index: id in C:\OpenServer\domains\open.edu\index.php on 80
[25-05-2017 13:00:07] - 8 - Undefined index: id in C:\OpenServer\domains\open.edu\index.php on 30
[25-05-2017 13:00:07] - 8 - Undefined index: id in C:\OpenServer\domains\open.edu\index.php on 80
[25-05-2017 13:00:09] - 8 - Undefined index: id in C:\OpenServer\domains\open.edu\index.php on 30
[25-05-2017 13:00:09] - 8 - Undefined index: id in C:\OpenServer\domains\open.edu\index.php on 80
[25-05-2017 13:00:22] - 8 - Undefined index: id in C:\OpenServer\domains\open.edu\index.php on 30
[25-05-2017 13:00:22] - 8 - Undefined index: id in C:\OpenServer\domains\open.edu\index.php on 80
[25-05-2017 13:00:25] - 8 - Undefined index: id in C:\OpenServer\domains\open.edu\index.php on 30
[25-05-2017 13:00:25] - 8 - Undefined index: id in C:\OpenServer\domains\open.edu\index.php on 80
[25-05-2017 13:00:29] - 8 - Undefined index: id in C:\OpenServer\domains\open.edu\index.php on 30
[25-05-2017 13:00:29] - 8 - Undefined index: id in C:\OpenServer\domains\open.edu\index.php on 80
[25-05-2017 13:00:30] - 8 - Undefined index: id in C:\OpenServer\domains\open.edu\index.php on 30
[25-05-2017 13:00:30] - 8 - Undefined index: id in C:\OpenServer\domains\open.edu\index.php on 80
[25-05-2017 13:00:30] - 8 - Undefined index: id in C:\OpenServer\domains\open.edu\index.php on 30
[25-05-2017 13:00:30] - 8 - Undefined index: id in C:\OpenServer\domains\open.edu\index.php on 80
[25-05-2017 13:00:30] - 8 - Undefined index: id in C:\OpenServer\domains\open.edu\index.php on 30
[25-05-2017 13:00:30] - 8 - Undefined index: id in C:\OpenServer\domains\open.edu\index.php on 80
[25-05-2017 13:00:31] - 8 - Undefined index: id in C:\OpenServer\domains\open.edu\index.php on 30
[25-05-2017 13:00:31] - 8 - Undefined index: id in C:\OpenServer\domains\open.edu\index.php on 80
[25-05-2017 13:00:31] - 8 - Undefined index: id in C:\OpenServer\domains\open.edu\index.php on 30
[25-05-2017 13:00:31] - 8 - Undefined index: id in C:\OpenServer\domains\open.edu\index.php on 80
[25-05-2017 13:00:31] - 8 - Undefined index: id in C:\OpenServer\domains\open.edu\index.php on 30
[25-05-2017 13:00:31] - 8 - Undefined index: id in C:\OpenServer\domains\open.edu\index.php on 80
[25-05-2017 13:00:32] - 8 - Undefined index: id in C:\OpenServer\domains\open.edu\index.php on 30
[25-05-2017 13:00:32] - 8 - Undefined index: id in C:\OpenServer\domains\open.edu\index.php on 80
[25-05-2017 13:00:32] - 8 - Undefined index: id in C:\OpenServer\domains\open.edu\index.php on 30
[25-05-2017 13:00:32] - 8 - Undefined index: id in C:\OpenServer\domains\open.edu\index.php on 80
[25-05-2017 13:00:32] - 8 - Undefined index: id in C:\OpenServer\domains\open.edu\index.php on 30
[25-05-2017 13:00:32] - 8 - Undefined index: id in C:\OpenServer\domains\open.edu\index.php on 80
[25-05-2017 13:00:33] - 8 - Undefined index: id in C:\OpenServer\domains\open.edu\index.php on 30
[25-05-2017 13:00:33] - 8 - Undefined index: id in C:\OpenServer\domains\open.edu\index.php on 80
[25-05-2017 13:00:33] - 8 - Undefined index: id in C:\OpenServer\domains\open.edu\index.php on 30
[25-05-2017 13:00:33] - 8 - Undefined index: id in C:\OpenServer\domains\open.edu\index.php on 80
[25-05-2017 13:00:33] - 8 - Undefined index: id in C:\OpenServer\domains\open.edu\index.php on 30
[25-05-2017 13:00:33] - 8 - Undefined index: id in C:\OpenServer\domains\open.edu\index.php on 80
[25-05-2017 13:00:33] - 8 - Undefined index: id in C:\OpenServer\domains\open.edu\index.php on 30
[25-05-2017 13:00:33] - 8 - Undefined index: id in C:\OpenServer\domains\open.edu\index.php on 80
[25-05-2017 13:00:33] - 8 - Undefined index: id in C:\OpenServer\domains\open.edu\index.php on 30
[25-05-2017 13:00:33] - 8 - Undefined index: id in C:\OpenServer\domains\open.edu\index.php on 80
[25-05-2017 13:00:34] - 8 - Undefined index: id in C:\OpenServer\domains\open.edu\index.php on 30
[25-05-2017 13:00:34] - 8 - Undefined index: id in C:\OpenServer\domains\open.edu\index.php on 80
[25-05-2017 13:00:34] - 8 - Undefined index: id in C:\OpenServer\domains\open.edu\index.php on 30
[25-05-2017 13:00:34] - 8 - Undefined index: id in C:\OpenServer\domains\open.edu\index.php on 80
[25-05-2017 13:00:34] - 8 - Undefined index: id in C:\OpenServer\domains\open.edu\index.php on 30
[25-05-2017 13:00:34] - 8 - Undefined index: id in C:\OpenServer\domains\open.edu\index.php on 80
[25-05-2017 13:00:34] - 8 - Undefined index: id in C:\OpenServer\domains\open.edu\index.php on 30
[25-05-2017 13:00:34] - 8 - Undefined index: id in C:\OpenServer\domains\open.edu\index.php on 80
[25-05-2017 13:00:35] - 8 - Undefined index: id in C:\OpenServer\domains\open.edu\index.php on 30
[25-05-2017 13:00:35] - 8 - Undefined index: id in C:\OpenServer\domains\open.edu\index.php on 80
[25-05-2017 13:00:35] - 8 - Undefined index: id in C:\OpenServer\domains\open.edu\index.php on 30
[25-05-2017 13:00:35] - 8 - Undefined index: id in C:\OpenServer\domains\open.edu\index.php on 80
[25-05-2017 13:00:35] - 8 - Undefined index: id in C:\OpenServer\domains\open.edu\index.php on 30
[25-05-2017 13:00:35] - 8 - Undefined index: id in C:\OpenServer\domains\open.edu\index.php on 80
[25-05-2017 13:00:35] - 8 - Undefined index: id in C:\OpenServer\domains\open.edu\index.php on 30
[25-05-2017 13:00:35] - 8 - Undefined index: id in C:\OpenServer\domains\open.edu\index.php on 80
[25-05-2017 13:00:36] - 8 - Undefined index: id in C:\OpenServer\domains\open.edu\index.php on 30
[25-05-2017 13:00:36] - 8 - Undefined index: id in C:\OpenServer\domains\open.edu\index.php on 80
[25-05-2017 13:00:36] - 8 - Undefined index: id in C:\OpenServer\domains\open.edu\index.php on 30
[25-05-2017 13:00:36] - 8 - Undefined index: id in C:\OpenServer\domains\open.edu\index.php on 80
[25-05-2017 13:00:45] - 8 - Undefined index: id in C:\OpenServer\domains\open.edu\index.php on 30
[25-05-2017 13:00:45] - 8 - Undefined index: id in C:\OpenServer\domains\open.edu\index.php on 80
[25-05-2017 13:00:57] - 8 - Undefined index: id in C:\OpenServer\domains\open.edu\index.php on 30
[25-05-2017 13:00:57] - 8 - Undefined index: id in C:\OpenServer\domains\open.edu\index.php on 80
[25-05-2017 13:01:00] - 8 - Undefined index: id in C:\OpenServer\domains\open.edu\index.php on 30
[25-05-2017 13:01:00] - 8 - Undefined index: id in C:\OpenServer\domains\open.edu\index.php on 80
[25-05-2017 13:01:26] - 8 - Undefined index: id in C:\OpenServer\domains\open.edu\index.php on 30
[25-05-2017 13:01:26] - 8 - Undefined index: id in C:\OpenServer\domains\open.edu\index.php on 80
[25-05-2017 13:01:32] - 8 - Undefined index: id in C:\OpenServer\domains\open.edu\index.php on 30
[25-05-2017 13:01:32] - 8 - Undefined index: id in C:\OpenServer\domains\open.edu\index.php on 80
[25-05-2017 13:01:35] - 8 - Undefined index: id in C:\OpenServer\domains\open.edu\index.php on 30
[25-05-2017 13:01:35] - 8 - Undefined index: id in C:\OpenServer\domains\open.edu\index.php on 80
[25-05-2017 13:01:47] - 8 - Undefined index: id in C:\OpenServer\domains\open.edu\index.php on 30
[25-05-2017 13:01:47] - 8 - Undefined index: id in C:\OpenServer\domains\open.edu\index.php on 80
[25-05-2017 13:01:52] - 8 - Undefined index: id in C:\OpenServer\domains\open.edu\index.php on 30
[25-05-2017 13:01:52] - 8 - Undefined index: id in C:\OpenServer\domains\open.edu\index.php on 80
[25-05-2017 13:02:03] - 8 - Undefined index: id in C:\OpenServer\domains\open.edu\index.php on 30
[25-05-2017 13:02:03] - 8 - Undefined index: id in C:\OpenServer\domains\open.edu\index.php on 80
[25-05-2017 13:03:10] - 8 - Undefined index: id in C:\OpenServer\domains\open.edu\index.php on 30
[25-05-2017 13:03:10] - 8 - Undefined index: id in C:\OpenServer\domains\open.edu\index.php on 80
[25-05-2017 13:03:10] - 8 - Undefined index: id in C:\OpenServer\domains\open.edu\index.php on 30
[25-05-2017 13:03:10] - 8 - Undefined index: id in C:\OpenServer\domains\open.edu\index.php on 80
[25-05-2017 13:03:10] - 8 - Undefined index: id in C:\OpenServer\domains\open.edu\index.php on 30
[25-05-2017 13:03:10] - 8 - Undefined index: id in C:\OpenServer\domains\open.edu\index.php on 80
[25-05-2017 13:03:11] - 8 - Undefined index: id in C:\OpenServer\domains\open.edu\index.php on 30
[25-05-2017 13:03:11] - 8 - Undefined index: id in C:\OpenServer\domains\open.edu\index.php on 80
[25-05-2017 13:03:11] - 8 - Undefined index: id in C:\OpenServer\domains\open.edu\index.php on 30
[25-05-2017 13:03:11] - 8 - Undefined index: id in C:\OpenServer\domains\open.edu\index.php on 80
[25-05-2017 13:03:12] - 8 - Undefined index: id in C:\OpenServer\domains\open.edu\index.php on 30
[25-05-2017 13:03:12] - 8 - Undefined index: id in C:\OpenServer\domains\open.edu\index.php on 80
[25-05-2017 13:03:12] - 8 - Undefined index: id in C:\OpenServer\domains\open.edu\index.php on 30
[25-05-2017 13:03:12] - 8 - Undefined index: id in C:\OpenServer\domains\open.edu\index.php on 80
[25-05-2017 13:03:12] - 8 - Undefined index: id in C:\OpenServer\domains\open.edu\index.php on 30
[25-05-2017 13:03:12] - 8 - Undefined index: id in C:\OpenServer\domains\open.edu\index.php on 80
[25-05-2017 13:03:12] - 8 - Undefined index: id in C:\OpenServer\domains\open.edu\index.php on 30
[25-05-2017 13:03:12] - 8 - Undefined index: id in C:\OpenServer\domains\open.edu\index.php on 80
[25-05-2017 13:03:13] - 8 - Undefined index: id in C:\OpenServer\domains\open.edu\index.php on 30
[25-05-2017 13:03:13] - 8 - Undefined index: id in C:\OpenServer\domains\open.edu\index.php on 80
[25-05-2017 13:03:13] - 8 - Undefined index: id in C:\OpenServer\domains\open.edu\index.php on 30
[25-05-2017 13:03:13] - 8 - Undefined index: id in C:\OpenServer\domains\open.edu\index.php on 80
[25-05-2017 13:03:13] - 8 - Undefined index: id in C:\OpenServer\domains\open.edu\index.php on 30
[25-05-2017 13:03:13] - 8 - Undefined index: id in C:\OpenServer\domains\open.edu\index.php on 80
[25-05-2017 13:03:13] - 8 - Undefined index: id in C:\OpenServer\domains\open.edu\index.php on 30
[25-05-2017 13:03:13] - 8 - Undefined index: id in C:\OpenServer\domains\open.edu\index.php on 80
[25-05-2017 13:03:33] - 8 - Undefined index: id in C:\OpenServer\domains\open.edu\index.php on 30
[25-05-2017 13:03:33] - 8 - Undefined index: id in C:\OpenServer\domains\open.edu\index.php on 80
[25-05-2017 13:03:35] - 8 - Undefined index: id in C:\OpenServer\domains\open.edu\index.php on 30
[25-05-2017 13:03:35] - 8 - Undefined index: id in C:\OpenServer\domains\open.edu\index.php on 80
[25-05-2017 13:03:35] - 8 - Undefined index: id in C:\OpenServer\domains\open.edu\index.php on 30
[25-05-2017 13:03:35] - 8 - Undefined index: id in C:\OpenServer\domains\open.edu\index.php on 80
[25-05-2017 13:03:36] - 8 - Undefined index: id in C:\OpenServer\domains\open.edu\index.php on 30
[25-05-2017 13:03:36] - 8 - Undefined index: id in C:\OpenServer\domains\open.edu\index.php on 80
[25-05-2017 13:03:36] - 8 - Undefined index: id in C:\OpenServer\domains\open.edu\index.php on 30
[25-05-2017 13:03:36] - 8 - Undefined index: id in C:\OpenServer\domains\open.edu\index.php on 80
[25-05-2017 13:03:36] - 8 - Undefined index: id in C:\OpenServer\domains\open.edu\index.php on 30
[25-05-2017 13:03:36] - 8 - Undefined index: id in C:\OpenServer\domains\open.edu\index.php on 80
[25-05-2017 13:03:36] - 8 - Undefined index: id in C:\OpenServer\domains\open.edu\index.php on 30
[25-05-2017 13:03:36] - 8 - Undefined index: id in C:\OpenServer\domains\open.edu\index.php on 80
[25-05-2017 13:03:36] - 8 - Undefined index: id in C:\OpenServer\domains\open.edu\index.php on 30
[25-05-2017 13:03:36] - 8 - Undefined index: id in C:\OpenServer\domains\open.edu\index.php on 80
[25-05-2017 13:03:36] - 8 - Undefined index: id in C:\OpenServer\domains\open.edu\index.php on 30
[25-05-2017 13:03:36] - 8 - Undefined index: id in C:\OpenServer\domains\open.edu\index.php on 80
[25-05-2017 13:03:37] - 8 - Undefined index: id in C:\OpenServer\domains\open.edu\index.php on 30
[25-05-2017 13:03:37] - 8 - Undefined index: id in C:\OpenServer\domains\open.edu\index.php on 80
[25-05-2017 13:03:37] - 8 - Undefined index: id in C:\OpenServer\domains\open.edu\index.php on 30
[25-05-2017 13:03:37] - 8 - Undefined index: id in C:\OpenServer\domains\open.edu\index.php on 80
[25-05-2017 13:03:37] - 8 - Undefined index: id in C:\OpenServer\domains\open.edu\index.php on 30
[25-05-2017 13:03:37] - 8 - Undefined index: id in C:\OpenServer\domains\open.edu\index.php on 80
[25-05-2017 13:03:37] - 8 - Undefined index: id in C:\OpenServer\domains\open.edu\index.php on 30
[25-05-2017 13:03:37] - 8 - Undefined index: id in C:\OpenServer\domains\open.edu\index.php on 80
[25-05-2017 13:03:37] - 8 - Undefined index: id in C:\OpenServer\domains\open.edu\index.php on 30
[25-05-2017 13:03:37] - 8 - Undefined index: id in C:\OpenServer\domains\open.edu\index.php on 80
[25-05-2017 13:03:38] - 8 - Undefined index: id in C:\OpenServer\domains\open.edu\index.php on 30
[25-05-2017 13:03:38] - 8 - Undefined index: id in C:\OpenServer\domains\open.edu\index.php on 80
[25-05-2017 13:03:38] - 8 - Undefined index: id in C:\OpenServer\domains\open.edu\index.php on 30
[25-05-2017 13:03:38] - 8 - Undefined index: id in C:\OpenServer\domains\open.edu\index.php on 80
[25-05-2017 13:05:16] - 8 - Undefined index: id in C:\OpenServer\domains\open.edu\index.php on 30
[25-05-2017 13:05:16] - 8 - Undefined index: id in C:\OpenServer\domains\open.edu\index.php on 80
[25-05-2017 13:05:17] - 8 - Undefined index: id in C:\OpenServer\domains\open.edu\index.php on 30
[25-05-2017 13:05:17] - 8 - Undefined index: id in C:\OpenServer\domains\open.edu\index.php on 80
[25-05-2017 13:05:17] - 8 - Undefined index: id in C:\OpenServer\domains\open.edu\index.php on 30
[25-05-2017 13:05:17] - 8 - Undefined index: id in C:\OpenServer\domains\open.edu\index.php on 80
[25-05-2017 13:05:17] - 8 - Undefined index: id in C:\OpenServer\domains\open.edu\index.php on 30
[25-05-2017 13:05:17] - 8 - Undefined index: id in C:\OpenServer\domains\open.edu\index.php on 80
[25-05-2017 13:05:17] - 8 - Undefined index: id in C:\OpenServer\domains\open.edu\index.php on 30
[25-05-2017 13:05:17] - 8 - Undefined index: id in C:\OpenServer\domains\open.edu\index.php on 80
[25-05-2017 13:05:17] - 8 - Undefined index: id in C:\OpenServer\domains\open.edu\index.php on 30
[25-05-2017 13:05:17] - 8 - Undefined index: id in C:\OpenServer\domains\open.edu\index.php on 80
[25-05-2017 13:05:17] - 8 - Undefined index: id in C:\OpenServer\domains\open.edu\index.php on 30
[25-05-2017 13:05:17] - 8 - Undefined index: id in C:\OpenServer\domains\open.edu\index.php on 80
[25-05-2017 13:05:18] - 8 - Undefined index: id in C:\OpenServer\domains\open.edu\index.php on 30
[25-05-2017 13:05:18] - 8 - Undefined index: id in C:\OpenServer\domains\open.edu\index.php on 80
[25-05-2017 13:05:18] - 8 - Undefined index: id in C:\OpenServer\domains\open.edu\index.php on 30
[25-05-2017 13:05:18] - 8 - Undefined index: id in C:\OpenServer\domains\open.edu\index.php on 80
[25-05-2017 13:05:18] - 8 - Undefined index: id in C:\OpenServer\domains\open.edu\index.php on 30
[25-05-2017 13:05:18] - 8 - Undefined index: id in C:\OpenServer\domains\open.edu\index.php on 80
[25-05-2017 13:05:18] - 8 - Undefined index: id in C:\OpenServer\domains\open.edu\index.php on 30
[25-05-2017 13:05:18] - 8 - Undefined index: id in C:\OpenServer\domains\open.edu\index.php on 80
[25-05-2017 13:05:23] - 8 - Undefined index: id in C:\OpenServer\domains\open.edu\index.php on 30
[25-05-2017 13:05:23] - 8 - Undefined index: id in C:\OpenServer\domains\open.edu\index.php on 80
[25-05-2017 13:05:23] - 8 - Undefined index: id in C:\OpenServer\domains\open.edu\index.php on 30
[25-05-2017 13:05:23] - 8 - Undefined index: id in C:\OpenServer\domains\open.edu\index.php on 80
[25-05-2017 13:05:23] - 8 - Undefined index: id in C:\OpenServer\domains\open.edu\index.php on 30
[25-05-2017 13:05:23] - 8 - Undefined index: id in C:\OpenServer\domains\open.edu\index.php on 80
[25-05-2017 13:05:24] - 8 - Undefined index: id in C:\OpenServer\domains\open.edu\index.php on 30
[25-05-2017 13:05:24] - 8 - Undefined index: id in C:\OpenServer\domains\open.edu\index.php on 80
[25-05-2017 13:05:24] - 8 - Undefined index: id in C:\OpenServer\domains\open.edu\index.php on 30
[25-05-2017 13:05:24] - 8 - Undefined index: id in C:\OpenServer\domains\open.edu\index.php on 80
[25-05-2017 13:05:25] - 8 - Undefined index: id in C:\OpenServer\domains\open.edu\index.php on 30
[25-05-2017 13:05:25] - 8 - Undefined index: id in C:\OpenServer\domains\open.edu\index.php on 80
[25-05-2017 13:05:25] - 8 - Undefined index: id in C:\OpenServer\domains\open.edu\index.php on 30
[25-05-2017 13:05:25] - 8 - Undefined index: id in C:\OpenServer\domains\open.edu\index.php on 80
[25-05-2017 13:05:25] - 8 - Undefined index: id in C:\OpenServer\domains\open.edu\index.php on 30
[25-05-2017 13:05:25] - 8 - Undefined index: id in C:\OpenServer\domains\open.edu\index.php on 80
[25-05-2017 13:05:25] - 8 - Undefined index: id in C:\OpenServer\domains\open.edu\index.php on 30
[25-05-2017 13:05:25] - 8 - Undefined index: id in C:\OpenServer\domains\open.edu\index.php on 80
[25-05-2017 13:05:26] - 8 - Undefined index: id in C:\OpenServer\domains\open.edu\index.php on 30
[25-05-2017 13:05:26] - 8 - Undefined index: id in C:\OpenServer\domains\open.edu\index.php on 80
[25-05-2017 13:05:26] - 8 - Undefined index: id in C:\OpenServer\domains\open.edu\index.php on 30
[25-05-2017 13:05:26] - 8 - Undefined index: id in C:\OpenServer\domains\open.edu\index.php on 80
[25-05-2017 13:05:26] - 8 - Undefined index: id in C:\OpenServer\domains\open.edu\index.php on 30
[25-05-2017 13:05:26] - 8 - Undefined index: id in C:\OpenServer\domains\open.edu\index.php on 80
[25-05-2017 13:07:43] - 8 - Undefined index: id in C:\OpenServer\domains\open.edu\index.php on 34
[25-05-2017 13:07:43] - 8 - Undefined index: id in C:\OpenServer\domains\open.edu\index.php on 84
[25-05-2017 13:07:43] - 8 - Undefined index: id in C:\OpenServer\domains\open.edu\index.php on 34
[25-05-2017 13:07:43] - 8 - Undefined index: id in C:\OpenServer\domains\open.edu\index.php on 84
[25-05-2017 13:07:43] - 8 - Undefined index: id in C:\OpenServer\domains\open.edu\index.php on 34
[25-05-2017 13:07:43] - 8 - Undefined index: id in C:\OpenServer\domains\open.edu\index.php on 84
[25-05-2017 13:07:44] - 8 - Undefined index: id in C:\OpenServer\domains\open.edu\index.php on 34
[25-05-2017 13:07:44] - 8 - Undefined index: id in C:\OpenServer\domains\open.edu\index.php on 84
[25-05-2017 13:07:44] - 8 - Undefined index: id in C:\OpenServer\domains\open.edu\index.php on 34
[25-05-2017 13:07:44] - 8 - Undefined index: id in C:\OpenServer\domains\open.edu\index.php on 84
[25-05-2017 13:07:44] - 8 - Undefined index: id in C:\OpenServer\domains\open.edu\index.php on 34
[25-05-2017 13:07:44] - 8 - Undefined index: id in C:\OpenServer\domains\open.edu\index.php on 84
[25-05-2017 13:07:44] - 8 - Undefined index: id in C:\OpenServer\domains\open.edu\index.php on 34
[25-05-2017 13:07:44] - 8 - Undefined index: id in C:\OpenServer\domains\open.edu\index.php on 84
[25-05-2017 13:07:44] - 8 - Undefined index: id in C:\OpenServer\domains\open.edu\index.php on 34
[25-05-2017 13:07:44] - 8 - Undefined index: id in C:\OpenServer\domains\open.edu\index.php on 84
[25-05-2017 13:07:44] - 8 - Undefined index: id in C:\OpenServer\domains\open.edu\index.php on 34
[25-05-2017 13:07:44] - 8 - Undefined index: id in C:\OpenServer\domains\open.edu\index.php on 84
[25-05-2017 13:07:45] - 8 - Undefined index: id in C:\OpenServer\domains\open.edu\index.php on 34
[25-05-2017 13:07:45] - 8 - Undefined index: id in C:\OpenServer\domains\open.edu\index.php on 84
[25-05-2017 13:07:45] - 8 - Undefined index: id in C:\OpenServer\domains\open.edu\index.php on 34
[25-05-2017 13:07:45] - 8 - Undefined index: id in C:\OpenServer\domains\open.edu\index.php on 84
[25-05-2017 13:07:45] - 8 - Undefined index: id in C:\OpenServer\domains\open.edu\index.php on 34
[25-05-2017 13:07:45] - 8 - Undefined index: id in C:\OpenServer\domains\open.edu\index.php on 84
[25-05-2017 13:07:45] - 8 - Undefined index: id in C:\OpenServer\domains\open.edu\index.php on 34
[25-05-2017 13:07:45] - 8 - Undefined index: id in C:\OpenServer\domains\open.edu\index.php on 84
[25-05-2017 13:07:45] - 8 - Undefined index: id in C:\OpenServer\domains\open.edu\index.php on 34
[25-05-2017 13:07:45] - 8 - Undefined index: id in C:\OpenServer\domains\open.edu\index.php on 84
[25-05-2017 13:07:46] - 8 - Undefined index: id in C:\OpenServer\domains\open.edu\index.php on 34
[25-05-2017 13:07:46] - 8 - Undefined index: id in C:\OpenServer\domains\open.edu\index.php on 84
[25-05-2017 13:07:46] - 8 - Undefined index: id in C:\OpenServer\domains\open.edu\index.php on 34
[25-05-2017 13:07:46] - 8 - Undefined index: id in C:\OpenServer\domains\open.edu\index.php on 84
[25-05-2017 13:07:46] - 8 - Undefined index: id in C:\OpenServer\domains\open.edu\index.php on 34
[25-05-2017 13:07:46] - 8 - Undefined index: id in C:\OpenServer\domains\open.edu\index.php on 84
[25-05-2017 13:07:46] - 8 - Undefined index: id in C:\OpenServer\domains\open.edu\index.php on 34
[25-05-2017 13:07:46] - 8 - Undefined index: id in C:\OpenServer\domains\open.edu\index.php on 84
[25-05-2017 14:06:27] - 8 - Undefined index: id in C:\OpenServer\domains\open.edu\index.php on 34
[25-05-2017 14:06:27] - 8 - Undefined index: id in C:\OpenServer\domains\open.edu\index.php on 84
[25-05-2017 14:06:36] - 8 - Undefined index: id in C:\OpenServer\domains\open.edu\index.php on 34
[25-05-2017 14:06:37] - 8 - Undefined index: id in C:\OpenServer\domains\open.edu\index.php on 84
[25-05-2017 14:06:39] - 8 - Undefined index: id in C:\OpenServer\domains\open.edu\index.php on 34
[25-05-2017 14:06:39] - 8 - Undefined index: id in C:\OpenServer\domains\open.edu\index.php on 84
[25-05-2017 14:06:40] - 8 - Undefined index: id in C:\OpenServer\domains\open.edu\index.php on 34
[25-05-2017 14:06:40] - 8 - Undefined index: id in C:\OpenServer\domains\open.edu\index.php on 84
[25-05-2017 14:06:41] - 8 - Undefined index: id in C:\OpenServer\domains\open.edu\index.php on 34
[25-05-2017 14:06:41] - 8 - Undefined index: id in C:\OpenServer\domains\open.edu\index.php on 84
[25-05-2017 14:06:44] - 8 - Undefined index: id in C:\OpenServer\domains\open.edu\index.php on 34
[25-05-2017 14:06:44] - 8 - Undefined index: id in C:\OpenServer\domains\open.edu\index.php on 84
[25-05-2017 14:09:04] - 8 - Undefined index: id in C:\OpenServer\domains\open.edu\index.php on 33
[25-05-2017 14:09:04] - 8 - Undefined index: id in C:\OpenServer\domains\open.edu\index.php on 83
[25-05-2017 14:09:07] - 8 - Undefined index: id in C:\OpenServer\domains\open.edu\index.php on 33
[25-05-2017 14:09:07] - 8 - Undefined index: id in C:\OpenServer\domains\open.edu\index.php on 83
[25-05-2017 14:09:08] - 8 - Undefined index: id in C:\OpenServer\domains\open.edu\index.php on 33
[25-05-2017 14:09:08] - 8 - Undefined index: id in C:\OpenServer\domains\open.edu\index.php on 83
[25-05-2017 14:09:09] - 8 - Undefined index: id in C:\OpenServer\domains\open.edu\index.php on 33
[25-05-2017 14:09:09] - 8 - Undefined index: id in C:\OpenServer\domains\open.edu\index.php on 83
[25-05-2017 14:09:10] - 8 - Undefined index: id in C:\OpenServer\domains\open.edu\index.php on 33
[25-05-2017 14:09:10] - 8 - Undefined index: id in C:\OpenServer\domains\open.edu\index.php on 83
[25-05-2017 14:09:11] - 8 - Undefined index: id in C:\OpenServer\domains\open.edu\index.php on 33
[25-05-2017 14:09:11] - 8 - Undefined index: id in C:\OpenServer\domains\open.edu\index.php on 83
[25-05-2017 14:09:13] - 8 - Undefined index: id in C:\OpenServer\domains\open.edu\index.php on 33
[25-05-2017 14:09:13] - 8 - Undefined index: id in C:\OpenServer\domains\open.edu\index.php on 83
[25-05-2017 14:11:17] - 8 - Undefined index: id in C:\OpenServer\domains\open.edu\index.php on 33
[25-05-2017 14:11:17] - 8 - Undefined index: id in C:\OpenServer\domains\open.edu\index.php on 83
[25-05-2017 14:11:20] - 8 - Undefined index: id in C:\OpenServer\domains\open.edu\index.php on 33
[25-05-2017 14:11:20] - 8 - Undefined index: id in C:\OpenServer\domains\open.edu\index.php on 83
[25-05-2017 14:11:22] - 8 - Undefined index: id in C:\OpenServer\domains\open.edu\index.php on 33
[25-05-2017 14:11:22] - 8 - Undefined index: id in C:\OpenServer\domains\open.edu\index.php on 83
[25-05-2017 14:12:43] - 8 - Undefined index: id in C:\OpenServer\domains\open.edu\index.php on 33
[25-05-2017 14:12:43] - 8 - Undefined index: id in C:\OpenServer\domains\open.edu\index.php on 83
[25-05-2017 14:12:46] - 8 - Undefined index: id in C:\OpenServer\domains\open.edu\index.php on 33
[25-05-2017 14:12:46] - 8 - Undefined index: id in C:\OpenServer\domains\open.edu\index.php on 83
[25-05-2017 14:12:47] - 8 - Undefined index: id in C:\OpenServer\domains\open.edu\index.php on 33
[25-05-2017 14:12:47] - 8 - Undefined index: id in C:\OpenServer\domains\open.edu\index.php on 83
[25-05-2017 14:12:48] - 8 - Undefined index: id in C:\OpenServer\domains\open.edu\index.php on 33
[25-05-2017 14:12:48] - 8 - Undefined index: id in C:\OpenServer\domains\open.edu\index.php on 83
[25-05-2017 14:12:48] - 8 - Undefined index: id in C:\OpenServer\domains\open.edu\index.php on 33
[25-05-2017 14:12:48] - 8 - Undefined index: id in C:\OpenServer\domains\open.edu\index.php on 83
[25-05-2017 14:14:19] - 8 - Undefined index: id in C:\OpenServer\domains\open.edu\index.php on 33
[25-05-2017 14:14:19] - 8 - Undefined index: id in C:\OpenServer\domains\open.edu\index.php on 83
[25-05-2017 14:14:21] - 8 - Undefined index: id in C:\OpenServer\domains\open.edu\index.php on 33
[25-05-2017 14:14:21] - 8 - Undefined index: id in C:\OpenServer\domains\open.edu\index.php on 83
[25-05-2017 14:14:32] - 8 - Undefined index: id in C:\OpenServer\domains\open.edu\index.php on 33
[25-05-2017 14:14:32] - 8 - Undefined index: id in C:\OpenServer\domains\open.edu\index.php on 83
[25-05-2017 14:14:34] - 8 - Undefined index: id in C:\OpenServer\domains\open.edu\index.php on 33
[25-05-2017 14:14:34] - 8 - Undefined index: id in C:\OpenServer\domains\open.edu\index.php on 83
[25-05-2017 14:14:43] - 8 - Undefined index: id in C:\OpenServer\domains\open.edu\index.php on 33
[25-05-2017 14:14:43] - 8 - Undefined index: id in C:\OpenServer\domains\open.edu\index.php on 83
[25-05-2017 14:15:06] - 8 - Undefined index: id in C:\OpenServer\domains\open.edu\index.php on 33
[25-05-2017 14:15:06] - 8 - Undefined index: id in C:\OpenServer\domains\open.edu\index.php on 83
[25-05-2017 14:15:13] - 8 - Undefined index: id in C:\OpenServer\domains\open.edu\index.php on 33
[25-05-2017 14:15:13] - 8 - Undefined index: id in C:\OpenServer\domains\open.edu\index.php on 83
[25-05-2017 14:15:15] - 8 - Undefined index: id in C:\OpenServer\domains\open.edu\index.php on 33
[25-05-2017 14:15:15] - 8 - Undefined index: id in C:\OpenServer\domains\open.edu\index.php on 83
[25-05-2017 14:15:15] - 8 - Undefined index: id in C:\OpenServer\domains\open.edu\index.php on 33
[25-05-2017 14:15:15] - 8 - Undefined index: id in C:\OpenServer\domains\open.edu\index.php on 83
[25-05-2017 14:15:16] - 8 - Undefined index: id in C:\OpenServer\domains\open.edu\index.php on 33
[25-05-2017 14:15:16] - 8 - Undefined index: id in C:\OpenServer\domains\open.edu\index.php on 83
[25-05-2017 14:15:16] - 8 - Undefined index: id in C:\OpenServer\domains\open.edu\index.php on 33
[25-05-2017 14:15:16] - 8 - Undefined index: id in C:\OpenServer\domains\open.edu\index.php on 83
[25-05-2017 14:15:16] - 8 - Undefined index: id in C:\OpenServer\domains\open.edu\index.php on 33
[25-05-2017 14:15:16] - 8 - Undefined index: id in C:\OpenServer\domains\open.edu\index.php on 83
[25-05-2017 14:15:16] - 8 - Undefined index: id in C:\OpenServer\domains\open.edu\index.php on 33
[25-05-2017 14:15:16] - 8 - Undefined index: id in C:\OpenServer\domains\open.edu\index.php on 83
[25-05-2017 14:15:16] - 8 - Undefined index: id in C:\OpenServer\domains\open.edu\index.php on 33
[25-05-2017 14:15:16] - 8 - Undefined index: id in C:\OpenServer\domains\open.edu\index.php on 83
[25-05-2017 14:15:16] - 8 - Undefined index: id in C:\OpenServer\domains\open.edu\index.php on 33
[25-05-2017 14:15:16] - 8 - Undefined index: id in C:\OpenServer\domains\open.edu\index.php on 83
[25-05-2017 14:15:17] - 8 - Undefined index: id in C:\OpenServer\domains\open.edu\index.php on 33
[25-05-2017 14:15:17] - 8 - Undefined index: id in C:\OpenServer\domains\open.edu\index.php on 83
[25-05-2017 14:15:17] - 8 - Undefined index: id in C:\OpenServer\domains\open.edu\index.php on 33
[25-05-2017 14:15:17] - 8 - Undefined index: id in C:\OpenServer\domains\open.edu\index.php on 83
[25-05-2017 14:15:18] - 8 - Undefined index: id in C:\OpenServer\domains\open.edu\index.php on 33
[25-05-2017 14:15:18] - 8 - Undefined index: id in C:\OpenServer\domains\open.edu\index.php on 83
[25-05-2017 14:15:18] - 8 - Undefined index: id in C:\OpenServer\domains\open.edu\index.php on 33
[25-05-2017 14:15:18] - 8 - Undefined index: id in C:\OpenServer\domains\open.edu\index.php on 83
[25-05-2017 14:22:14] - 8 - Undefined index: id in C:\OpenServer\domains\open.edu\index.php on 33
[25-05-2017 14:22:14] - 8 - Undefined index: id in C:\OpenServer\domains\open.edu\index.php on 83
[25-05-2017 14:22:16] - 8 - Undefined index: id in C:\OpenServer\domains\open.edu\index.php on 33
[25-05-2017 14:22:16] - 8 - Undefined index: id in C:\OpenServer\domains\open.edu\index.php on 83
[25-05-2017 14:22:17] - 8 - Undefined index: id in C:\OpenServer\domains\open.edu\index.php on 33
[25-05-2017 14:22:18] - 8 - Undefined index: id in C:\OpenServer\domains\open.edu\index.php on 83
[25-05-2017 14:22:20] - 8 - Undefined index: id in C:\OpenServer\domains\open.edu\index.php on 33
[25-05-2017 14:22:20] - 8 - Undefined index: id in C:\OpenServer\domains\open.edu\index.php on 83
[25-05-2017 14:22:22] - 8 - Undefined index: id in C:\OpenServer\domains\open.edu\index.php on 33
[25-05-2017 14:22:22] - 8 - Undefined index: id in C:\OpenServer\domains\open.edu\index.php on 83
[25-05-2017 14:22:23] - 8 - Undefined index: id in C:\OpenServer\domains\open.edu\index.php on 33
[25-05-2017 14:22:23] - 8 - Undefined index: id in C:\OpenServer\domains\open.edu\index.php on 83
[25-05-2017 14:22:39] - 8 - Undefined index: id in C:\OpenServer\domains\open.edu\index.php on 33
[25-05-2017 14:22:39] - 8 - Undefined index: id in C:\OpenServer\domains\open.edu\index.php on 83
[25-05-2017 14:30:01] - 8 - Undefined index: id in C:\OpenServer\domains\open.edu\index.php on 39
[25-05-2017 14:30:01] - 8 - Undefined index: id in C:\OpenServer\domains\open.edu\index.php on 89
[25-05-2017 14:30:09] - 8 - Undefined index: id in C:\OpenServer\domains\open.edu\index.php on 39
[25-05-2017 14:30:09] - 8 - Undefined index: id in C:\OpenServer\domains\open.edu\index.php on 89
[25-05-2017 14:30:11] - 8 - Undefined index: id in C:\OpenServer\domains\open.edu\index.php on 39
[25-05-2017 14:30:11] - 8 - Undefined index: id in C:\OpenServer\domains\open.edu\index.php on 89
[25-05-2017 14:35:20] - 8 - Undefined index: id in C:\OpenServer\domains\open.edu\index.php on 13
[25-05-2017 14:35:20] - 2 - include_once(inc/cookie.inc.php): failed to open stream: No such file or directory in C:\OpenServer\domains\open.edu\index.php on 41
[25-05-2017 14:35:20] - 2 - include_once(): Failed opening 'inc/cookie.inc.php' for inclusion (include_path='.;c:/openserver/modules/php/PHP-5.6;c:/openserver/modules/php/PHP-5.6/PEAR/pear') in C:\OpenServer\domains\open.edu\index.php on 41
[25-05-2017 14:35:20] - 8 - Undefined index: id in C:\OpenServer\domains\open.edu\index.php on 63
[25-05-2017 14:35:24] - 8 - Undefined index: id in C:\OpenServer\domains\open.edu\index.php on 13
[25-05-2017 14:35:24] - 2 - include_once(inc/cookie.inc.php): failed to open stream: No such file or directory in C:\OpenServer\domains\open.edu\index.php on 41
[25-05-2017 14:35:24] - 2 - include_once(): Failed opening 'inc/cookie.inc.php' for inclusion (include_path='.;c:/openserver/modules/php/PHP-5.6;c:/openserver/modules/php/PHP-5.6/PEAR/pear') in C:\OpenServer\domains\open.edu\index.php on 41
[25-05-2017 14:35:24] - 8 - Undefined index: id in C:\OpenServer\domains\open.edu\index.php on 63
[25-05-2017 14:35:58] - 8 - Undefined index: id in C:\OpenServer\domains\open.edu\index.php on 13
[25-05-2017 14:35:58] - 8 - Undefined index: id in C:\OpenServer\domains\open.edu\index.php on 63
[25-05-2017 14:37:26] - 8 - Undefined index: id in C:\OpenServer\domains\open.edu\index.php on 10
[25-05-2017 14:37:26] - 2 - include_once(inc/cookie.inc.php): failed to open stream: No such file or directory in C:\OpenServer\domains\open.edu\inc\header.inc.php on 20
[25-05-2017 14:37:26] - 2 - include_once(): Failed opening 'inc/cookie.inc.php' for inclusion (include_path='.;c:/openserver/modules/php/PHP-5.6;c:/openserver/modules/php/PHP-5.6/PEAR/pear') in C:\OpenServer\domains\open.edu\inc\header.inc.php on 20
[25-05-2017 14:37:26] - 8 - Undefined index: id in C:\OpenServer\domains\open.edu\index.php on 60
[25-05-2017 14:38:00] - 8 - Undefined index: id in C:\OpenServer\domains\open.edu\index.php on 10
[25-05-2017 14:38:00] - 2 - include_once(cookie.inc.php): failed to open stream: No such file or directory in C:\OpenServer\domains\open.edu\inc\header.inc.php on 20
[25-05-2017 14:38:00] - 2 - include_once(): Failed opening 'cookie.inc.php' for inclusion (include_path='.;c:/openserver/modules/php/PHP-5.6;c:/openserver/modules/php/PHP-5.6/PEAR/pear') in C:\OpenServer\domains\open.edu\inc\header.inc.php on 20
[25-05-2017 14:38:00] - 8 - Undefined index: id in C:\OpenServer\domains\open.edu\index.php on 60
[25-05-2017 14:38:05] - 8 - Undefined index: id in C:\OpenServer\domains\open.edu\index.php on 10
[25-05-2017 14:38:05] - 2 - include_once(cookie.inc.php): failed to open stream: No such file or directory in C:\OpenServer\domains\open.edu\inc\header.inc.php on 20
[25-05-2017 14:38:05] - 2 - include_once(): Failed opening 'cookie.inc.php' for inclusion (include_path='.;c:/openserver/modules/php/PHP-5.6;c:/openserver/modules/php/PHP-5.6/PEAR/pear') in C:\OpenServer\domains\open.edu\inc\header.inc.php on 20
[25-05-2017 14:38:05] - 8 - Undefined index: id in C:\OpenServer\domains\open.edu\index.php on 60
[25-05-2017 14:38:07] - 8 - Undefined index: id in C:\OpenServer\domains\open.edu\index.php on 10
[25-05-2017 14:38:07] - 2 - include_once(cookie.inc.php): failed to open stream: No such file or directory in C:\OpenServer\domains\open.edu\inc\header.inc.php on 20
[25-05-2017 14:38:07] - 2 - include_once(): Failed opening 'cookie.inc.php' for inclusion (include_path='.;c:/openserver/modules/php/PHP-5.6;c:/openserver/modules/php/PHP-5.6/PEAR/pear') in C:\OpenServer\domains\open.edu\inc\header.inc.php on 20
[25-05-2017 14:38:07] - 8 - Undefined index: id in C:\OpenServer\domains\open.edu\index.php on 60
[25-05-2017 14:40:40] - 8 - Undefined index: id in C:\OpenServer\domains\open.edu\index.php on 11
[25-05-2017 14:40:40] - 8 - Use of undefined constant visitCounter - assumed 'visitCounter' in C:\OpenServer\domains\open.edu\inc\header.inc.php on 22
[25-05-2017 14:40:40] - 8 - Undefined variable: visitCounter in C:\OpenServer\domains\open.edu\inc\header.inc.php on 25
[25-05-2017 14:40:40] - 8 - Undefined variable: lastVisit in C:\OpenServer\domains\open.edu\inc\header.inc.php on 25
[25-05-2017 14:40:40] - 8 - Undefined index: id in C:\OpenServer\domains\open.edu\index.php on 61
[25-05-2017 14:40:54] - 8 - Undefined index: id in C:\OpenServer\domains\open.edu\index.php on 11
[25-05-2017 14:40:54] - 8 - Use of undefined constant visitCounter - assumed 'visitCounter' in C:\OpenServer\domains\open.edu\inc\header.inc.php on 22
[25-05-2017 14:40:54] - 8 - Undefined variable: visitCounter in C:\OpenServer\domains\open.edu\inc\header.inc.php on 25
[25-05-2017 14:40:54] - 8 - Undefined variable: lastVisit in C:\OpenServer\domains\open.edu\inc\header.inc.php on 25
[25-05-2017 14:40:54] - 8 - Undefined index: id in C:\OpenServer\domains\open.edu\index.php on 61
[25-05-2017 14:41:42] - 8 - Undefined index: id in C:\OpenServer\domains\open.edu\index.php on 11
[25-05-2017 14:41:42] - 8 - Use of undefined constant visitCounter - assumed 'visitCounter' in C:\OpenServer\domains\open.edu\inc\header.inc.php on 22
[25-05-2017 14:41:42] - 8 - Undefined variable: visitCounter in C:\OpenServer\domains\open.edu\inc\header.inc.php on 25
[25-05-2017 14:41:42] - 8 - Undefined variable: lastVisit in C:\OpenServer\domains\open.edu\inc\header.inc.php on 25
[25-05-2017 14:41:42] - 8 - Undefined index: id in C:\OpenServer\domains\open.edu\index.php on 61
[25-05-2017 14:42:11] - 8 - Undefined index: id in C:\OpenServer\domains\open.edu\index.php on 11
[25-05-2017 14:42:11] - 8 - Use of undefined constant visitCounter - assumed 'visitCounter' in C:\OpenServer\domains\open.edu\inc\header.inc.php on 22
[25-05-2017 14:42:11] - 8 - Undefined index: id in C:\OpenServer\domains\open.edu\index.php on 61
[25-05-2017 14:44:40] - 8 - Undefined index: id in C:\OpenServer\domains\open.edu\index.php on 11
[25-05-2017 14:44:40] - 8 - Use of undefined constant visitCounter - assumed 'visitCounter' in C:\OpenServer\domains\open.edu\inc\header.inc.php on 22
[25-05-2017 14:44:40] - 8 - Undefined index: id in C:\OpenServer\domains\open.edu\index.php on 61
[25-05-2017 14:45:10] - 8 - Undefined index: id in C:\OpenServer\domains\open.edu\index.php on 11
[25-05-2017 14:45:10] - 8 - Use of undefined constant visitCounter - assumed 'visitCounter' in C:\OpenServer\domains\open.edu\inc\header.inc.php on 22
[25-05-2017 14:45:10] - 8 - Undefined index: id in C:\OpenServer\domains\open.edu\index.php on 61
[25-05-2017 14:45:14] - 8 - Undefined index: id in C:\OpenServer\domains\open.edu\index.php on 11
[25-05-2017 14:45:14] - 8 - Use of undefined constant visitCounter - assumed 'visitCounter' in C:\OpenServer\domains\open.edu\inc\header.inc.php on 22
[25-05-2017 14:45:14] - 8 - Undefined index: id in C:\OpenServer\domains\open.edu\index.php on 61
[25-05-2017 14:45:16] - 8 - Undefined index: id in C:\OpenServer\domains\open.edu\index.php on 11
[25-05-2017 14:45:16] - 8 - Use of undefined constant visitCounter - assumed 'visitCounter' in C:\OpenServer\domains\open.edu\inc\header.inc.php on 22
[25-05-2017 14:45:16] - 8 - Undefined index: id in C:\OpenServer\domains\open.edu\index.php on 61
[25-05-2017 14:45:19] - 8 - Undefined index: id in C:\OpenServer\domains\open.edu\index.php on 11
[25-05-2017 14:45:19] - 8 - Use of undefined constant visitCounter - assumed 'visitCounter' in C:\OpenServer\domains\open.edu\inc\header.inc.php on 22
[25-05-2017 14:45:19] - 8 - Undefined index: id in C:\OpenServer\domains\open.edu\index.php on 61
[25-05-2017 14:45:38] - 8 - Undefined index: id in C:\OpenServer\domains\open.edu\index.php on 11
[25-05-2017 14:45:38] - 2 - Cannot modify header information - headers already sent by (output started at C:\OpenServer\domains\open.edu\index.php:33) in C:\OpenServer\domains\open.edu\inc\cookie.inc.php on 22
[25-05-2017 14:45:38] - 2 - Cannot modify header information - headers already sent by (output started at C:\OpenServer\domains\open.edu\index.php:33) in C:\OpenServer\domains\open.edu\inc\cookie.inc.php on 23
[25-05-2017 14:45:38] - 8 - Use of undefined constant visitCounter - assumed 'visitCounter' in C:\OpenServer\domains\open.edu\inc\header.inc.php on 22
[25-05-2017 14:45:38] - 8 - Undefined index: id in C:\OpenServer\domains\open.edu\index.php on 61
[25-05-2017 14:45:41] - 8 - Undefined index: id in C:\OpenServer\domains\open.edu\index.php on 11
[25-05-2017 14:45:41] - 2 - Cannot modify header information - headers already sent by (output started at C:\OpenServer\domains\open.edu\index.php:33) in C:\OpenServer\domains\open.edu\inc\cookie.inc.php on 22
[25-05-2017 14:45:41] - 2 - Cannot modify header information - headers already sent by (output started at C:\OpenServer\domains\open.edu\index.php:33) in C:\OpenServer\domains\open.edu\inc\cookie.inc.php on 23
[25-05-2017 14:45:41] - 8 - Use of undefined constant visitCounter - assumed 'visitCounter' in C:\OpenServer\domains\open.edu\inc\header.inc.php on 22
[25-05-2017 14:45:41] - 8 - Undefined index: id in C:\OpenServer\domains\open.edu\index.php on 61
[25-05-2017 14:45:46] - 8 - Undefined index: id in C:\OpenServer\domains\open.edu\index.php on 11
[25-05-2017 14:45:46] - 2 - Cannot modify header information - headers already sent by (output started at C:\OpenServer\domains\open.edu\index.php:33) in C:\OpenServer\domains\open.edu\inc\cookie.inc.php on 22
[25-05-2017 14:45:46] - 2 - Cannot modify header information - headers already sent by (output started at C:\OpenServer\domains\open.edu\index.php:33) in C:\OpenServer\domains\open.edu\inc\cookie.inc.php on 23
[25-05-2017 14:45:46] - 8 - Use of undefined constant visitCounter - assumed 'visitCounter' in C:\OpenServer\domains\open.edu\inc\header.inc.php on 22
[25-05-2017 14:45:46] - 8 - Undefined index: id in C:\OpenServer\domains\open.edu\index.php on 61
[25-05-2017 14:46:06] - 8 - Undefined index: id in C:\OpenServer\domains\open.edu\index.php on 11
[25-05-2017 14:46:06] - 8 - Use of undefined constant visitCounter - assumed 'visitCounter' in C:\OpenServer\domains\open.edu\inc\header.inc.php on 22
[25-05-2017 14:46:06] - 8 - Undefined index: id in C:\OpenServer\domains\open.edu\index.php on 60
[25-05-2017 14:46:27] - 8 - Undefined index: id in C:\OpenServer\domains\open.edu\index.php on 11
[25-05-2017 14:46:27] - 8 - Use of undefined constant visitCounter - assumed 'visitCounter' in C:\OpenServer\domains\open.edu\inc\header.inc.php on 22
[25-05-2017 14:46:27] - 8 - Undefined index: id in C:\OpenServer\domains\open.edu\index.php on 60
[25-05-2017 14:46:32] - 8 - Undefined index: id in C:\OpenServer\domains\open.edu\index.php on 11
[25-05-2017 14:46:32] - 8 - Use of undefined constant visitCounter - assumed 'visitCounter' in C:\OpenServer\domains\open.edu\inc\header.inc.php on 22
[25-05-2017 14:46:32] - 8 - Undefined index: id in C:\OpenServer\domains\open.edu\index.php on 60
[25-05-2017 14:46:34] - 8 - Undefined index: id in C:\OpenServer\domains\open.edu\index.php on 11
[25-05-2017 14:46:34] - 8 - Use of undefined constant visitCounter - assumed 'visitCounter' in C:\OpenServer\domains\open.edu\inc\header.inc.php on 22
[25-05-2017 14:46:34] - 8 - Undefined index: id in C:\OpenServer\domains\open.edu\index.php on 60
[25-05-2017 14:46:45] - 8 - Undefined index: id in C:\OpenServer\domains\open.edu\index.php on 11
[25-05-2017 14:46:45] - 8 - Use of undefined constant visitCounter - assumed 'visitCounter' in C:\OpenServer\domains\open.edu\inc\header.inc.php on 22
[25-05-2017 14:46:45] - 8 - Undefined index: id in C:\OpenServer\domains\open.edu\index.php on 60
[25-05-2017 14:46:47] - 8 - Undefined index: id in C:\OpenServer\domains\open.edu\index.php on 11
[25-05-2017 14:46:47] - 8 - Use of undefined constant visitCounter - assumed 'visitCounter' in C:\OpenServer\domains\open.edu\inc\header.inc.php on 22
[25-05-2017 14:46:47] - 8 - Undefined index: id in C:\OpenServer\domains\open.edu\index.php on 60
[25-05-2017 14:46:51] - 8 - Undefined index: id in C:\OpenServer\domains\open.edu\index.php on 11
[25-05-2017 14:46:51] - 8 - Use of undefined constant visitCounter - assumed 'visitCounter' in C:\OpenServer\domains\open.edu\inc\header.inc.php on 22
[25-05-2017 14:46:51] - 8 - Undefined index: id in C:\OpenServer\domains\open.edu\index.php on 60
[25-05-2017 14:47:15] - 8 - Undefined index: id in C:\OpenServer\domains\open.edu\index.php on 11
[25-05-2017 14:47:15] - 8 - Use of undefined constant visitCounter - assumed 'visitCounter' in C:\OpenServer\domains\open.edu\inc\header.inc.php on 22
[25-05-2017 14:47:15] - 8 - Undefined index: id in C:\OpenServer\domains\open.edu\index.php on 60
[25-05-2017 14:48:27] - 8 - Undefined index: id in C:\OpenServer\domains\open.edu\index.php on 11
[25-05-2017 14:48:27] - 8 - Use of undefined constant visitCounter - assumed 'visitCounter' in C:\OpenServer\domains\open.edu\inc\header.inc.php on 22
[25-05-2017 14:48:27] - 8 - Undefined index: id in C:\OpenServer\domains\open.edu\index.php on 60
[25-05-2017 14:48:31] - 8 - Undefined index: id in C:\OpenServer\domains\open.edu\index.php on 11
[25-05-2017 14:48:31] - 8 - Use of undefined constant visitCounter - assumed 'visitCounter' in C:\OpenServer\domains\open.edu\inc\header.inc.php on 22
[25-05-2017 14:48:31] - 8 - Undefined index: id in C:\OpenServer\domains\open.edu\index.php on 60
[25-05-2017 15:11:11] - 8 - Undefined index: id in C:\OpenServer\domains\open.edu\index.php on 11
[25-05-2017 15:11:11] - 8 - Use of undefined constant visitCounter - assumed 'visitCounter' in C:\OpenServer\domains\open.edu\inc\header.inc.php on 22
[25-05-2017 15:11:11] - 8 - Undefined index: id in C:\OpenServer\domains\open.edu\index.php on 60
